SF:lib/src/events/event_system.dart
DA:13,37
DA:14,30
DA:15,35
DA:27,4
DA:47,8
DA:53,8
DA:54,8
DA:57,16
DA:62,16
DA:63,0
DA:64,0
DA:65,0
DA:71,16
DA:72,0
DA:73,0
DA:74,0
DA:78,0
DA:81,8
DA:84,8
DA:85,16
DA:86,0
DA:87,0
DA:91,16
DA:93,0
DA:98,7
DA:99,7
DA:100,7
DA:106,156
DA:107,104
DA:145,52
DA:148,1
DA:153,1
DA:154,1
DA:155,1
DA:157,1
DA:158,2
DA:165,8
DA:170,8
DA:176,24
DA:177,24
DA:180,24
DA:182,21
DA:183,5
DA:184,15
DA:187,32
DA:192,30
DA:193,90
DA:194,30
DA:195,4
DA:200,150
DA:203,89
DA:204,114
DA:208,30
DA:209,30
DA:211,30
DA:212,30
DA:213,0
DA:216,38
DA:218,8
DA:220,0
DA:224,120
DA:229,58
DA:234,26
DA:240,78
DA:241,26
DA:243,26
DA:245,1
DA:248,26
DA:250,0
DA:253,78
DA:254,52
DA:256,78
DA:257,78
DA:260,78
DA:261,3
DA:264,78
DA:270,39
DA:271,117
DA:272,39
DA:273,6
DA:277,195
DA:279,39
DA:281,39
DA:282,39
DA:284,0
DA:289,39
DA:290,39
DA:293,195
DA:294,117
DA:302,12
DA:303,36
DA:305,24
DA:307,5
DA:308,10
DA:312,24
DA:314,11
DA:315,22
DA:318,33
DA:319,11
DA:323,36
DA:328,4
DA:329,12
DA:330,4
DA:333,10
DA:334,4
DA:335,2
DA:339,8
DA:344,4
DA:345,4
DA:347,12
DA:348,4
DA:351,10
DA:352,4
DA:353,2
DA:358,8
DA:359,8
DA:361,8
DA:365,8
DA:366,4
DA:367,2
DA:368,4
DA:369,6
DA:375,3
DA:376,3
DA:377,3
DA:378,19
DA:380,6
DA:381,3
DA:382,11
DA:383,9
DA:384,9
DA:385,3
DA:386,6
DA:391,12
DA:392,36
DA:394,29
DA:395,9
DA:396,4
DA:399,24
DA:400,24
DA:403,29
DA:404,5
DA:406,24
DA:407,24
DA:410,35
DA:411,11
DA:413,24
DA:416,24
DA:417,24
DA:418,24
DA:419,24
DA:420,24
DA:421,12
DA:423,24
DA:428,1
DA:429,1
DA:430,2
DA:435,40
DA:436,80
DA:437,120
DA:439,80
DA:442,39
DA:443,117
DA:444,117
DA:447,195
DA:448,39
DA:451,117
DA:454,39
DA:457,3
DA:458,6
DA:459,3
DA:460,6
DA:462,3
DA:464,0
DA:470,39
DA:471,39
DA:472,39
DA:474,117
DA:475,117
DA:476,0
DA:480,39
DA:481,0
DA:482,0
DA:498,0
LF:184
LH:165
end_of_record
SF:lib/src/events/event_models.dart
DA:9,35
DA:17,5
DA:24,9
DA:31,1
DA:32,1
DA:33,1
DA:34,1
DA:35,1
DA:36,2
DA:39,1
DA:40,1
DA:41,1
DA:42,1
DA:43,1
DA:44,2
DA:51,2
DA:58,6
DA:64,12
DA:66,1
DA:67,1
DA:68,1
DA:69,2
DA:70,1
DA:71,1
DA:72,2
DA:75,1
DA:76,1
DA:77,1
DA:78,2
DA:79,1
DA:80,1
DA:81,2
DA:90,1
DA:98,2
DA:106,1
DA:107,1
DA:108,1
DA:109,2
DA:110,1
DA:111,1
DA:112,2
DA:115,1
DA:116,1
DA:117,1
DA:118,2
DA:119,1
DA:120,1
DA:121,2
DA:130,3
DA:139,26
DA:148,1
DA:149,1
DA:150,1
DA:151,1
DA:152,1
DA:153,2
DA:154,1
DA:155,2
DA:158,1
DA:159,1
DA:160,1
DA:161,2
DA:162,2
DA:163,2
DA:164,1
DA:165,2
DA:174,1
DA:184,2
DA:194,1
DA:195,1
DA:196,1
DA:197,1
DA:198,1
DA:199,2
DA:200,1
DA:201,1
DA:202,2
DA:205,1
DA:206,1
DA:207,1
DA:208,1
DA:209,1
DA:210,2
DA:211,1
DA:212,1
DA:213,2
DA:225,1
DA:234,4
DA:241,1
DA:243,1
DA:244,1
DA:245,1
DA:246,2
DA:247,1
DA:248,1
DA:249,1
DA:250,2
DA:253,1
DA:254,1
DA:255,1
DA:256,2
DA:257,1
DA:258,1
DA:259,3
DA:260,2
DA:267,1
DA:275,2
DA:281,1
DA:283,1
DA:284,1
DA:285,2
DA:286,1
DA:287,1
DA:288,1
DA:289,2
DA:292,1
DA:293,1
DA:294,2
DA:295,1
DA:296,1
DA:297,2
DA:298,2
DA:305,6
DA:314,6
DA:324,1
DA:325,1
DA:326,1
DA:327,1
DA:328,2
DA:329,1
DA:330,1
DA:331,1
DA:332,2
DA:335,1
DA:336,1
DA:337,1
DA:338,1
DA:339,2
DA:340,1
DA:341,1
DA:342,1
DA:343,2
DA:361,1
DA:371,1
DA:381,1
DA:382,1
DA:383,1
DA:384,1
DA:385,2
DA:386,1
DA:387,2
DA:388,1
DA:389,2
DA:392,1
DA:393,1
DA:394,1
DA:395,1
DA:396,2
DA:397,1
DA:398,1
DA:399,2
DA:401,1
DA:402,2
DA:411,1
DA:421,1
DA:431,1
DA:432,1
DA:433,1
DA:434,2
DA:435,1
DA:436,1
DA:437,1
DA:438,1
DA:439,2
DA:442,1
DA:443,1
DA:444,1
DA:445,2
DA:446,1
DA:447,1
DA:448,1
DA:449,1
DA:450,2
LF:183
LH:183
end_of_record
SF:lib/src/utils/logger.dart
DA:10,2
DA:13,6
DA:16,2
DA:19,2
DA:25,8
DA:30,16
DA:33,28
DA:34,8
DA:35,8
DA:36,4
DA:37,4
DA:40,12
DA:43,4
DA:44,4
DA:48,4
DA:49,4
DA:56,1
DA:57,2
LF:18
LH:18
end_of_record
SF:lib/src/utils/diagnostic_utils.dart
DA:12,12
DA:15,4
DA:16,4
DA:20,12
DA:21,8
DA:25,6
DA:29,8
DA:32,8
DA:35,8
DA:37,8
DA:39,0
DA:40,0
DA:41,0
DA:42,0
DA:50,4
DA:51,4
DA:52,4
DA:54,4
DA:55,4
DA:61,8
DA:62,8
DA:63,8
DA:64,8
DA:66,0
DA:74,4
DA:75,4
DA:78,8
DA:79,8
DA:80,8
DA:87,4
DA:88,4
DA:89,8
DA:94,3
DA:95,3
DA:99,6
DA:102,3
DA:104,3
DA:105,4
DA:106,4
DA:109,2
DA:110,4
DA:111,4
DA:114,2
DA:115,4
DA:116,4
DA:117,4
DA:120,2
DA:121,4
DA:122,2
DA:123,2
DA:127,2
DA:128,2
DA:129,2
DA:130,4
DA:133,4
DA:136,2
DA:137,2
DA:138,1
DA:139,1
DA:147,2
DA:148,2
DA:149,4
DA:151,2
DA:156,4
DA:157,2
DA:160,4
DA:161,2
DA:164,4
DA:165,2
DA:168,4
DA:169,2
DA:172,4
DA:173,2
DA:175,4
DA:177,0
DA:178,0
DA:179,0
DA:180,0
DA:188,2
DA:189,2
DA:191,2
DA:197,4
DA:198,4
DA:203,4
DA:204,4
DA:209,12
DA:210,2
DA:212,0
DA:213,0
DA:220,2
DA:222,2
DA:230,4
DA:233,4
DA:234,2
DA:235,2
DA:238,0
DA:239,0
DA:242,2
DA:243,4
DA:245,2
DA:246,4
DA:253,2
DA:254,2
DA:256,2
DA:261,2
DA:262,4
DA:265,2
DA:266,4
DA:269,2
DA:270,4
DA:272,2
DA:274,0
DA:275,0
DA:282,2
DA:283,4
DA:287,4
DA:288,6
DA:291,2
DA:293,2
DA:297,2
DA:299,8
DA:304,2
DA:305,4
DA:306,4
DA:309,2
DA:310,4
DA:311,6
DA:314,4
DA:317,2
DA:319,2
DA:320,4
DA:322,2
DA:325,2
DA:329,2
DA:334,2
DA:335,4
DA:338,2
DA:339,4
DA:340,4
DA:343,2
DA:344,2
DA:346,2
DA:349,2
DA:350,4
DA:351,2
DA:352,6
DA:357,2
DA:358,4
DA:359,2
DA:363,2
DA:364,2
DA:366,2
DA:371,2
DA:372,6
DA:373,2
DA:374,2
DA:375,4
DA:380,6
DA:386,6
DA:387,6
DA:392,0
DA:394,0
DA:398,2
DA:400,0
DA:401,0
DA:408,2
DA:409,2
DA:416,2
DA:417,6
DA:418,2
DA:419,4
DA:423,6
DA:424,2
DA:425,2
DA:426,2
DA:428,0
DA:431,0
DA:438,2
DA:439,2
DA:441,2
DA:442,2
DA:447,4
DA:448,2
DA:452,0
DA:453,0
DA:457,0
DA:458,0
DA:459,0
DA:464,0
DA:466,0
DA:467,0
DA:474,2
DA:476,2
DA:478,2
DA:482,0
DA:484,0
DA:485,0
DA:487,0
DA:491,0
DA:492,0
DA:494,0
DA:498,0
DA:499,0
DA:501,0
DA:505,0
DA:506,0
DA:508,0
DA:512,2
DA:513,2
DA:514,2
DA:515,2
DA:517,0
DA:518,0
DA:525,1
DA:526,1
DA:527,2
DA:529,1
DA:534,3
DA:535,1
DA:536,1
DA:539,1
DA:540,1
DA:544,2
DA:547,1
DA:548,3
DA:550,1
DA:551,2
DA:552,2
DA:553,1
DA:557,1
DA:558,0
DA:559,0
DA:563,0
DA:564,0
DA:565,0
DA:566,0
DA:567,0
DA:568,0
DA:569,0
DA:572,0
DA:574,0
DA:576,0
DA:580,0
DA:582,0
DA:588,0
DA:589,0
DA:590,0
DA:591,0
DA:592,0
DA:597,0
DA:598,0
DA:599,0
DA:602,0
DA:604,0
DA:606,0
DA:607,0
DA:608,0
DA:610,0
DA:615,0
DA:617,0
DA:619,0
DA:623,0
DA:625,0
DA:631,0
DA:632,0
DA:633,0
DA:634,0
DA:635,0
DA:640,0
DA:641,0
DA:642,0
DA:644,0
DA:645,0
DA:646,0
DA:651,0
DA:652,0
DA:653,0
DA:657,4
DA:659,0
DA:660,0
DA:661,0
DA:662,0
DA:663,0
LF:283
LH:187
end_of_record
SF:lib/src/config/app_config.dart
DA:20,21
DA:21,21
DA:25,21
DA:26,21
DA:30,1
DA:34,1
DA:36,1
DA:38,1
DA:46,0
DA:51,1
DA:56,1
DA:59,1
DA:62,1
DA:66,0
DA:69,0
DA:74,21
DA:75,42
DA:76,63
DA:78,21
DA:86,21
DA:96,21
DA:106,21
DA:113,21
DA:119,21
DA:122,21
DA:131,21
DA:137,21
DA:143,21
DA:152,0
DA:155,0
DA:161,0
DA:162,0
DA:164,0
DA:169,0
DA:172,0
DA:173,0
DA:177,0
DA:182,0
DA:185,0
DA:189,0
DA:195,1
DA:199,1
DA:200,2
DA:201,2
DA:203,0
DA:204,0
DA:209,0
DA:215,0
DA:217,0
DA:220,0
DA:224,0
DA:225,0
DA:229,0
DA:233,0
DA:234,0
DA:241,1
DA:242,2
DA:246,1
DA:247,2
DA:248,1
DA:249,2
DA:250,2
DA:252,1
DA:258,1
DA:259,1
DA:260,1
DA:262,4
DA:263,1
DA:264,3
DA:265,2
DA:267,1
DA:270,2
DA:274,21
DA:275,21
DA:276,21
DA:278,42
DA:279,42
DA:280,21
DA:285,2
DA:289,21
DA:294,1
DA:295,2
DA:300,2
DA:301,4
DA:305,0
DA:306,0
DA:310,21
DA:311,42
DA:312,21
DA:316,2
DA:317,4
DA:318,2
DA:322,1
DA:324,2
DA:325,1
DA:329,1
DA:330,2
DA:331,1
DA:335,1
DA:336,2
DA:337,1
DA:341,1
DA:342,1
DA:346,1
DA:348,1
DA:352,2
DA:359,3
DA:362,3
DA:365,2
DA:368,2
DA:371,1
DA:373,2
DA:374,1
DA:375,1
DA:384,1
DA:387,1
DA:388,4
DA:392,1
DA:393,4
DA:397,1
DA:398,4
DA:402,1
DA:403,2
DA:404,1
DA:408,1
DA:409,1
DA:410,2
DA:412,5
DA:413,3
DA:424,1
DA:426,1
DA:427,2
LF:132
LH:104
end_of_record
SF:lib/src/config/typed_config.dart
DA:12,5
DA:20,5
DA:21,5
DA:22,7
DA:23,7
DA:24,5
DA:25,5
DA:26,5
DA:30,1
DA:31,1
DA:32,2
DA:33,2
DA:34,1
DA:35,1
DA:36,1
DA:51,5
DA:59,1
DA:61,5
DA:62,5
DA:63,5
DA:64,5
DA:65,5
DA:66,5
DA:67,5
DA:68,5
DA:69,15
DA:73,1
DA:74,1
DA:75,1
DA:76,1
DA:77,1
DA:78,1
DA:79,1
DA:80,1
DA:81,2
DA:92,5
DA:98,5
DA:99,5
DA:100,10
DA:101,5
DA:102,5
DA:106,1
DA:107,1
DA:108,1
DA:109,1
DA:110,1
DA:121,5
DA:126,1
DA:128,4
DA:133,5
DA:134,5
DA:135,10
DA:136,3
DA:137,1
DA:138,3
DA:144,5
DA:145,1
DA:146,2
DA:149,5
DA:150,5
DA:151,2
DA:153,15
DA:154,5
DA:158,1
DA:159,1
DA:160,3
DA:161,2
DA:164,1
DA:165,2
DA:166,2
DA:179,5
DA:186,5
DA:187,5
DA:188,10
DA:189,10
DA:190,10
DA:191,10
DA:195,1
DA:196,1
DA:197,1
DA:198,2
DA:199,1
DA:200,2
DA:216,5
DA:227,5
DA:228,5
DA:229,5
DA:230,5
DA:231,10
DA:232,10
DA:233,10
DA:234,10
DA:235,15
DA:236,15
DA:240,1
DA:241,1
DA:244,3
DA:245,3
DA:248,3
DA:249,3
DA:250,3
DA:251,3
DA:252,3
DA:253,3
DA:271,23
DA:283,23
DA:284,23
DA:286,46
DA:287,23
DA:288,23
DA:289,46
DA:290,23
DA:292,45
DA:293,23
DA:294,23
DA:295,23
DA:299,1
DA:300,1
DA:301,2
DA:302,1
DA:303,1
DA:304,1
DA:305,1
DA:306,1
DA:307,1
DA:308,1
DA:309,1
DA:327,5
DA:340,5
DA:343,10
DA:344,2
DA:346,1
DA:347,1
DA:350,1
DA:351,1
DA:354,1
DA:357,0
DA:360,0
DA:361,0
DA:365,4
DA:367,4
DA:373,5
DA:375,9
DA:376,5
DA:377,5
DA:378,5
DA:379,13
DA:380,5
DA:381,5
DA:382,5
DA:383,15
DA:387,1
DA:388,1
DA:389,2
DA:390,1
DA:391,1
DA:392,1
DA:393,1
DA:394,1
DA:395,1
DA:396,1
DA:397,1
DA:398,1
DA:415,5
DA:423,0
DA:425,5
DA:426,5
DA:427,5
DA:428,10
DA:429,5
DA:430,5
DA:431,10
DA:432,10
DA:433,5
DA:434,10
DA:438,1
DA:439,1
DA:440,2
DA:441,3
DA:442,2
DA:443,2
DA:444,2
DA:445,2
DA:446,2
DA:458,5
DA:465,5
DA:466,5
DA:468,9
DA:469,5
DA:470,5
DA:471,5
DA:475,1
DA:476,1
DA:477,2
DA:478,2
DA:479,1
DA:480,1
DA:497,5
DA:509,5
DA:510,5
DA:511,5
DA:512,5
DA:513,10
DA:514,5
DA:515,5
DA:516,15
DA:517,5
DA:518,5
DA:519,5
DA:523,1
DA:524,1
DA:525,1
DA:526,1
DA:527,2
DA:528,1
DA:529,1
DA:530,1
DA:531,1
DA:532,1
DA:533,1
DA:545,5
DA:552,5
DA:553,5
DA:555,15
DA:556,15
DA:557,15
DA:558,15
DA:562,1
DA:563,1
DA:564,2
DA:565,2
DA:566,2
DA:567,2
DA:583,5
DA:594,5
DA:595,5
DA:596,5
DA:597,5
DA:598,5
DA:599,5
DA:600,5
DA:601,10
DA:602,5
DA:603,10
DA:607,1
DA:608,1
DA:609,1
DA:610,1
DA:611,1
DA:612,1
DA:613,1
DA:614,2
DA:615,1
DA:616,2
DA:632,5
DA:641,5
DA:642,5
DA:643,5
DA:644,10
DA:645,5
DA:646,5
DA:648,15
DA:649,5
DA:653,1
DA:654,1
DA:655,1
DA:656,2
DA:657,1
DA:658,1
DA:659,1
DA:660,1
DA:674,5
DA:683,5
DA:684,5
DA:685,5
DA:686,5
DA:687,5
DA:688,5
DA:689,5
DA:690,5
DA:691,1
DA:692,2
DA:693,1
DA:694,5
DA:698,1
DA:699,1
DA:700,1
DA:701,1
DA:702,1
DA:703,1
DA:704,1
DA:705,3
DA:718,1
DA:726,1
DA:727,1
DA:728,1
DA:729,1
DA:730,1
DA:731,1
DA:732,1
DA:733,1
DA:734,2
DA:735,1
DA:736,0
DA:740,0
DA:741,0
DA:742,0
DA:743,0
DA:744,0
DA:745,0
DA:746,0
DA:760,5
DA:769,5
DA:770,5
DA:771,5
DA:772,5
DA:773,10
DA:774,15
DA:775,5
DA:776,5
DA:780,1
DA:781,1
DA:782,1
DA:783,1
DA:784,2
DA:785,1
DA:786,1
DA:787,1
LF:328
LH:316
end_of_record
SF:lib/src/metrics/typed_metrics.dart
DA:28,5
DA:29,11
DA:30,12
DA:39,25
DA:40,25
DA:41,25
DA:42,25
DA:43,25
DA:44,25
DA:45,25
DA:46,25
DA:70,10
DA:77,10
DA:79,10
DA:82,5
DA:84,5
DA:85,5
DA:86,5
DA:87,5
DA:88,10
DA:89,10
DA:90,5
DA:91,10
DA:92,5
DA:96,2
DA:97,2
DA:98,2
DA:99,4
DA:100,4
DA:101,4
DA:102,2
DA:103,4
DA:126,9
DA:132,9
DA:134,9
DA:137,9
DA:140,4
DA:142,4
DA:143,4
DA:144,4
DA:145,8
DA:146,8
DA:147,4
DA:148,4
DA:152,2
DA:153,2
DA:154,2
DA:155,4
DA:156,4
DA:157,2
DA:158,4
DA:176,22
DA:183,22
DA:185,22
DA:186,66
DA:188,22
DA:191,22
DA:194,21
DA:197,2
DA:199,2
DA:200,2
DA:201,2
DA:202,4
DA:203,4
DA:204,2
DA:205,4
DA:206,2
DA:207,2
DA:208,2
DA:212,1
DA:213,1
DA:214,1
DA:215,2
DA:216,1
DA:217,1
DA:218,1
DA:219,2
DA:239,2
DA:245,2
DA:246,2
DA:248,2
DA:249,4
DA:250,14
DA:253,2
DA:256,1
DA:260,2
DA:261,4
DA:263,6
DA:264,8
DA:266,8
DA:267,4
DA:273,2
DA:274,12
DA:277,2
DA:278,12
DA:281,2
DA:282,6
DA:284,2
DA:286,20
DA:287,4
DA:289,4
DA:292,2
DA:294,2
DA:296,4
DA:297,2
DA:300,4
DA:301,4
DA:302,2
DA:303,6
DA:312,2
DA:314,2
DA:315,2
DA:316,2
DA:317,4
DA:318,4
DA:319,2
DA:320,2
DA:321,2
DA:322,2
DA:323,2
DA:324,2
DA:325,2
DA:326,2
DA:327,2
DA:328,2
DA:332,1
DA:333,1
DA:334,1
DA:335,2
DA:336,2
DA:337,1
DA:338,2
DA:361,2
DA:371,2
DA:373,2
DA:376,2
DA:377,4
DA:381,1
DA:384,2
DA:386,2
DA:387,2
DA:388,2
DA:389,4
DA:390,4
DA:391,2
DA:392,4
DA:393,4
DA:394,2
DA:395,2
DA:396,2
DA:397,2
DA:401,1
DA:402,1
DA:403,1
DA:404,2
DA:405,2
DA:406,2
DA:407,1
DA:408,1
DA:409,1
DA:410,1
DA:411,2
DA:441,2
DA:450,2
DA:452,2
DA:454,2
DA:455,2
DA:456,2
DA:457,2
DA:458,4
DA:459,4
DA:460,2
DA:461,2
DA:462,2
DA:463,2
DA:467,1
DA:468,1
DA:469,1
DA:470,2
DA:471,2
DA:472,2
DA:473,1
DA:474,1
DA:475,2
DA:476,2
DA:487,2
DA:491,2
DA:494,2
DA:495,6
DA:499,2
DA:500,14
DA:504,2
DA:505,5
DA:507,10
DA:508,2
DA:510,6
DA:511,4
DA:513,2
DA:514,6
DA:517,2
DA:518,2
DA:519,6
DA:524,2
DA:525,2
DA:526,2
DA:527,4
DA:528,10
DA:529,2
DA:533,2
DA:534,2
DA:536,8
DA:538,2
DA:539,2
DA:541,4
DA:545,2
DA:546,4
DA:549,2
DA:550,2
DA:551,2
DA:553,1
DA:554,2
DA:555,2
DA:556,1
DA:557,2
DA:558,1
DA:560,1
DA:561,1
DA:563,0
DA:564,0
DA:565,0
LF:230
LH:227
end_of_record
SF:lib/src/utils/platform_utils.dart
DA:8,6
DA:11,8
DA:14,8
DA:15,8
DA:16,8
DA:17,0
DA:18,0
DA:19,0
DA:22,0
DA:28,6
DA:31,12
DA:33,0
DA:39,7
DA:42,7
DA:43,7
DA:44,0
DA:46,0
DA:52,1
DA:55,1
DA:57,0
DA:63,1
DA:66,1
DA:68,0
DA:74,1
DA:77,1
DA:79,0
DA:85,5
DA:88,4
DA:91,1
DA:94,1
DA:96,0
DA:102,1
DA:105,1
DA:107,0
DA:113,7
DA:116,7
DA:117,7
DA:118,7
DA:119,0
DA:120,0
DA:123,0
DA:124,0
DA:128,0
DA:134,6
DA:136,0
DA:142,6
DA:145,0
DA:149,0
DA:155,6
DA:157,0
DA:162,6
DA:163,6
DA:164,6
DA:165,0
DA:166,0
DA:169,0
DA:170,0
DA:174,0
DA:180,2
DA:181,2
DA:182,2
DA:183,2
DA:184,2
DA:185,2
DA:186,2
DA:187,2
DA:188,2
DA:191,6
DA:197,5
DA:198,5
DA:199,5
DA:200,5
DA:201,5
DA:203,5
DA:204,5
DA:205,5
DA:210,2
DA:213,2
DA:216,0
DA:222,0
DA:225,0
DA:230,2
DA:233,2
DA:236,0
DA:242,0
DA:245,0
DA:250,0
DA:252,0
DA:254,0
DA:256,0
DA:266,0
DA:268,0
DA:270,0
DA:272,0
DA:274,0
DA:284,0
DA:286,0
DA:288,0
DA:289,0
DA:290,0
DA:300,0
DA:302,0
DA:304,0
DA:306,0
DA:310,0
DA:311,0
DA:322,0
DA:324,0
DA:327,0
DA:329,0
DA:330,0
DA:340,0
DA:343,0
DA:345,0
DA:347,0
DA:349,0
DA:351,0
DA:353,0
DA:355,0
DA:357,0
DA:359,0
DA:361,0
DA:363,0
DA:367,0
DA:372,0
DA:373,0
DA:374,0
DA:377,0
DA:379,0
DA:380,0
DA:381,0
DA:383,0
DA:384,0
DA:391,2
DA:392,2
DA:393,2
DA:398,4
DA:400,2
DA:401,0
DA:402,0
DA:403,0
DA:404,2
DA:405,0
DA:415,1
DA:418,1
DA:419,1
DA:420,1
DA:421,0
DA:422,0
LF:149
LH:64
end_of_record
SF:lib/src/utils/performance_monitor.dart
DA:42,99
DA:45,66
DA:48,33
DA:59,0
DA:67,0
DA:69,0
DA:70,0
DA:75,0
DA:76,0
DA:77,0
DA:82,0
DA:87,0
DA:89,0
DA:90,0
DA:91,0
DA:92,0
DA:94,0
DA:96,0
DA:101,1
DA:102,2
DA:103,3
DA:107,1
DA:108,2
DA:109,3
DA:113,12
DA:114,36
DA:117,24
DA:118,24
DA:121,12
DA:122,0
DA:129,12
DA:131,24
DA:134,0
DA:139,12
DA:140,12
DA:143,24
DA:146,12
DA:154,12
DA:155,0
DA:156,0
DA:164,6
DA:165,24
DA:166,18
DA:169,24
DA:170,6
DA:173,6
DA:176,12
DA:179,18
DA:181,6
DA:182,0
DA:187,1
DA:188,2
DA:189,4
DA:191,1
DA:192,0
DA:197,7
DA:198,28
DA:199,21
DA:202,7
DA:203,7
DA:208,7
DA:210,14
DA:213,21
DA:215,7
DA:216,0
DA:217,0
DA:222,17
DA:225,68
DA:226,68
DA:229,51
DA:231,17
DA:232,17
DA:238,68
DA:239,0
DA:243,17
DA:244,0
DA:245,0
DA:250,12
DA:253,48
DA:254,36
DA:257,12
DA:264,36
DA:267,36
DA:270,36
DA:273,12
DA:279,48
DA:280,2
DA:285,1
DA:286,2
DA:290,7
DA:291,7
DA:292,9
DA:294,3
DA:296,2
DA:298,1
DA:299,1
DA:301,1
DA:308,7
DA:309,7
DA:310,10
DA:312,4
DA:314,2
DA:316,4
DA:323,1
DA:324,2
DA:326,1
DA:332,19
DA:333,57
DA:336,57
DA:338,19
DA:339,0
DA:340,0
DA:345,1
DA:354,1
DA:355,0
DA:356,2
DA:358,1
DA:369,1
DA:373,1
DA:379,1
DA:386,1
DA:390,1
DA:399,1
DA:409,1
DA:413,1
DA:414,2
DA:418,1
DA:419,4
DA:423,1
DA:427,0
DA:428,0
DA:429,0
DA:431,3
DA:434,1
DA:435,2
DA:441,1
DA:442,2
DA:446,1
DA:447,1
DA:450,1
DA:451,3
DA:452,5
DA:456,2
DA:457,1
DA:458,1
DA:460,1
DA:461,4
DA:462,1
DA:464,3
DA:465,1
DA:466,3
DA:467,5
DA:468,1
DA:469,1
DA:470,3
DA:479,4
DA:480,4
DA:482,4
DA:483,4
DA:484,14
DA:485,11
DA:487,14
DA:488,14
DA:489,8
DA:491,20
DA:493,11
DA:498,6
DA:499,6
DA:502,6
DA:503,14
DA:504,8
DA:506,6
DA:509,6
DA:510,16
DA:511,12
DA:512,12
DA:513,12
DA:514,12
DA:515,8
DA:516,8
DA:519,6
DA:522,6
DA:523,14
DA:524,6
DA:525,4
DA:526,4
DA:527,4
DA:528,4
DA:531,6
DA:537,0
DA:541,0
DA:542,0
DA:543,0
DA:546,0
DA:551,0
DA:553,0
DA:558,0
DA:559,0
DA:561,0
DA:562,0
DA:564,0
DA:567,0
DA:573,0
DA:575,0
DA:576,0
DA:578,0
DA:584,0
DA:586,0
DA:589,0
DA:590,0
DA:591,0
DA:592,0
DA:593,0
DA:597,0
DA:600,0
DA:606,0
DA:607,0
DA:612,0
DA:613,0
DA:617,0
DA:618,0
DA:621,0
DA:622,0
DA:623,0
DA:625,0
DA:628,0
DA:629,0
DA:633,5
DA:634,10
DA:635,10
DA:636,10
DA:637,10
DA:638,10
DA:639,10
DA:640,10
DA:642,10
DA:646,4
DA:647,4
DA:648,4
DA:650,4
DA:661,6
DA:664,12
DA:667,6
DA:668,12
DA:669,12
DA:673,0
DA:674,0
DA:675,0
DA:679,2
DA:680,2
DA:681,2
DA:682,2
DA:683,4
DA:684,4
DA:700,22
DA:703,8
DA:706,30
DA:709,15
DA:710,25
DA:714,20
DA:717,10
DA:720,2
DA:721,4
DA:723,4
DA:724,6
DA:726,8
DA:730,22
DA:731,44
DA:732,44
DA:734,44
DA:736,44
DA:737,22
DA:740,44
DA:741,21
DA:745,44
DA:748,88
DA:749,0
DA:754,0
DA:755,0
DA:756,0
DA:757,0
DA:758,0
DA:759,0
DA:760,0
DA:764,2
DA:765,2
DA:766,2
DA:767,2
DA:768,2
DA:769,2
DA:770,4
DA:771,4
DA:772,4
DA:773,4
DA:775,10
DA:789,7
DA:792,4
DA:795,4
DA:798,4
DA:801,24
DA:804,4
DA:805,4
DA:809,7
DA:810,7
DA:811,14
DA:812,14
DA:814,14
DA:815,7
DA:820,0
DA:821,0
DA:825,0
DA:826,0
DA:827,0
DA:828,0
DA:829,0
DA:833,2
DA:834,2
DA:835,2
DA:836,2
DA:837,2
DA:838,2
DA:839,2
DA:842,2
DA:843,2
DA:845,1
DA:847,1
DA:863,22
DA:872,1
DA:873,1
DA:874,1
DA:875,2
DA:876,2
DA:877,1
DA:880,1
DA:881,0
LF:335
LH:246
end_of_record
SF:lib/src/utils/memory_manager.dart
DA:15,18
DA:18,57
DA:21,38
DA:24,19
DA:26,38
DA:27,38
DA:28,38
DA:47,6
DA:53,5
DA:56,6
DA:59,5
DA:64,5
DA:65,5
DA:67,10
DA:68,15
DA:70,18
DA:71,3
DA:74,5
DA:77,5
DA:81,6
DA:82,6
DA:84,10
DA:86,10
DA:87,5
DA:88,5
DA:92,7
DA:93,14
DA:97,2
DA:98,4
DA:102,5
DA:104,5
DA:107,5
DA:108,10
DA:111,20
DA:112,0
DA:116,10
DA:117,5
DA:121,10
DA:123,5
DA:124,10
DA:127,10
DA:128,10
DA:131,5
DA:132,10
DA:133,6
DA:134,6
DA:137,3
DA:139,3
DA:140,3
DA:144,6
DA:147,9
DA:149,3
DA:150,3
DA:151,6
DA:155,6
DA:157,3
DA:159,0
DA:164,3
DA:169,5
DA:173,0
DA:174,10
DA:175,0
DA:176,5
DA:177,5
DA:178,0
DA:179,5
DA:183,0
DA:185,0
DA:186,0
DA:187,0
DA:192,0
DA:195,0
DA:197,0
DA:198,0
DA:203,0
DA:206,0
DA:208,0
DA:210,0
DA:214,5
DA:217,5
DA:219,15
DA:221,0
DA:225,0
DA:226,0
DA:227,0
DA:228,0
DA:231,0
DA:232,0
DA:236,0
DA:237,0
DA:240,0
DA:245,5
DA:250,10
DA:256,10
DA:257,5
DA:258,5
DA:259,15
DA:260,5
DA:267,7
DA:274,7
DA:276,21
DA:277,21
DA:278,7
DA:281,14
DA:282,7
DA:283,7
DA:287,12
DA:288,6
DA:296,4
DA:305,4
DA:306,4
DA:308,12
DA:309,12
DA:310,4
DA:313,8
DA:314,4
DA:316,4
DA:318,4
DA:323,4
DA:324,4
DA:327,4
DA:328,2
DA:336,2
DA:343,6
DA:344,6
DA:345,2
DA:348,4
DA:349,2
DA:353,2
DA:354,1
DA:360,12
DA:363,10
DA:366,3
DA:367,3
DA:368,3
DA:369,3
DA:370,3
DA:371,3
DA:372,3
DA:373,6
DA:378,2
DA:379,4
DA:380,2
DA:384,4
DA:385,4
DA:386,8
DA:387,8
DA:398,4
DA:404,12
DA:408,4
DA:409,4
DA:410,8
DA:411,4
DA:414,4
DA:418,3
DA:419,6
DA:423,6
DA:426,3
DA:427,6
DA:432,3
DA:436,3
DA:437,6
DA:438,3
DA:442,2
DA:443,4
DA:447,3
DA:448,3
DA:450,3
DA:451,12
DA:455,4
DA:457,16
DA:458,3
DA:463,3
DA:464,6
DA:470,15
DA:473,3
DA:474,6
DA:476,0
DA:482,6
DA:487,1
DA:489,2
DA:491,1
DA:497,0
DA:498,0
DA:499,0
DA:500,0
DA:501,0
DA:502,0
DA:506,0
DA:508,0
DA:509,0
DA:512,0
DA:513,0
DA:517,12
DA:520,3
DA:523,6
DA:532,4
DA:541,0
DA:543,0
DA:544,0
DA:554,4
DA:556,4
DA:557,12
DA:558,8
DA:562,4
DA:563,8
DA:564,4
DA:567,4
DA:568,8
DA:569,8
DA:570,4
DA:572,8
LF:212
LH:170
end_of_record
SF:lib/src/utils/web_memory_monitor.dart
DA:9,6
DA:20,3
DA:21,3
DA:25,3
DA:26,3
DA:30,3
DA:32,3
DA:38,0
DA:40,0
DA:44,2
DA:45,2
DA:46,4
DA:50,0
DA:51,0
DA:55,0
DA:56,0
DA:58,0
DA:59,0
DA:60,0
DA:64,0
DA:66,0
DA:67,0
DA:71,3
DA:72,3
DA:74,0
DA:75,0
DA:76,0
DA:78,0
DA:82,0
DA:83,0
DA:86,0
DA:87,0
DA:90,0
DA:91,0
DA:94,0
DA:95,0
DA:97,0
DA:102,2
DA:103,2
DA:107,2
DA:112,0
DA:113,0
DA:117,2
DA:121,2
DA:126,0
DA:128,0
DA:132,0
DA:134,0
DA:138,0
DA:140,0
DA:143,0
DA:150,0
DA:154,0
DA:155,0
DA:162,0
DA:168,0
DA:169,0
DA:171,0
DA:172,0
DA:173,0
DA:174,0
DA:179,0
DA:184,0
DA:186,0
DA:188,0
DA:195,0
DA:198,0
DA:200,0
DA:202,0
DA:203,0
DA:204,0
DA:205,0
DA:210,0
DA:215,0
DA:217,0
DA:219,0
DA:220,0
DA:227,0
DA:230,0
DA:231,0
DA:233,0
DA:234,0
DA:235,0
DA:236,0
DA:241,0
DA:246,0
DA:252,0
DA:253,0
DA:254,0
DA:258,0
DA:259,0
DA:260,0
DA:261,0
DA:262,0
DA:265,0
DA:266,0
DA:270,0
DA:271,0
DA:274,0
DA:275,0
DA:276,0
DA:277,0
DA:278,0
DA:279,0
DA:281,0
DA:283,0
DA:284,0
DA:286,0
DA:290,0
DA:292,0
DA:293,0
DA:294,0
DA:295,0
DA:300,0
DA:302,0
DA:303,0
DA:307,0
DA:309,0
DA:311,0
DA:312,0
DA:314,0
DA:321,0
DA:322,0
DA:324,0
DA:325,0
DA:326,0
DA:327,0
DA:332,0
DA:334,0
DA:335,0
DA:336,0
DA:340,0
DA:345,0
DA:346,0
DA:349,0
DA:350,0
DA:351,0
DA:353,0
DA:354,0
DA:355,0
DA:360,2
DA:365,4
DA:366,6
DA:367,4
DA:369,0
DA:371,8
DA:377,4
DA:380,4
DA:383,6
DA:384,0
DA:387,6
DA:388,2
DA:391,4
DA:393,2
DA:402,0
DA:413,2
DA:414,2
DA:415,2
DA:419,2
DA:420,4
DA:421,2
DA:422,2
DA:423,2
DA:431,0
DA:433,0
DA:435,0
DA:436,0
DA:438,0
DA:439,0
DA:440,0
DA:441,0
DA:442,0
DA:443,0
DA:444,0
DA:446,0
DA:447,0
DA:448,0
DA:453,2
DA:454,2
DA:455,12
DA:456,4
DA:460,2
DA:461,4
DA:462,0
DA:466,2
DA:470,2
DA:472,4
DA:473,2
DA:474,4
DA:475,4
DA:477,2
DA:479,4
DA:481,0
DA:486,2
DA:487,2
DA:488,2
DA:489,4
DA:490,2
DA:491,4
DA:493,2
DA:494,6
DA:499,2
DA:500,4
DA:501,4
DA:505,2
DA:506,2
DA:507,2
DA:519,2
DA:527,4
DA:528,4
DA:529,2
DA:530,2
DA:531,2
DA:532,2
DA:535,1
DA:536,2
DA:537,4
LF:217
LH:75
end_of_record
SF:lib/flutter_mcp.dart
DA:144,10
DA:145,10
DA:150,10
DA:155,9
DA:158,6
DA:161,6
DA:164,4
DA:165,4
DA:166,4
DA:167,4
DA:171,4
DA:173,4
DA:174,4
DA:178,6
DA:179,9
DA:180,6
DA:184,20
DA:187,2
DA:188,4
DA:189,1
DA:191,1
DA:192,1
DA:193,2
DA:194,1
DA:199,2
DA:200,4
DA:201,1
DA:203,1
DA:204,1
DA:205,2
DA:206,2
DA:207,1
DA:208,1
DA:213,1
DA:214,2
DA:215,1
DA:217,0
DA:218,0
DA:219,0
DA:220,0
DA:221,0
DA:222,0
DA:223,0
DA:258,20
DA:259,14
DA:288,30
DA:295,4
DA:298,4
DA:301,8
DA:304,2
DA:306,2
DA:307,2
DA:310,0
DA:311,0
DA:314,0
DA:315,0
DA:318,0
DA:319,0
DA:322,1
DA:323,1
DA:324,1
DA:326,0
DA:330,1
DA:331,1
DA:332,1
DA:334,0
DA:338,0
DA:339,0
DA:340,0
DA:342,0
DA:346,0
DA:347,0
DA:348,0
DA:351,0
DA:354,0
DA:355,0
DA:359,0
DA:360,0
DA:363,0
DA:364,0
DA:366,0
DA:371,0
DA:372,0
DA:375,0
DA:381,10
DA:383,10
DA:384,0
DA:388,10
DA:390,2
DA:393,10
DA:395,10
DA:397,20
DA:400,20
DA:403,20
DA:404,10
DA:405,10
DA:409,20
DA:410,20
DA:411,10
DA:412,10
DA:413,10
DA:414,10
DA:415,10
DA:419,20
DA:420,20
DA:422,10
DA:427,10
DA:428,0
DA:431,20
DA:432,10
DA:435,10
DA:438,20
DA:439,10
DA:440,20
DA:444,10
DA:447,20
DA:450,10
DA:453,10
DA:454,4
DA:458,31
DA:459,1
DA:460,1
DA:465,20
DA:466,30
DA:470,10
DA:473,10
DA:476,10
DA:477,0
DA:481,10
DA:482,0
DA:485,10
DA:486,20
DA:489,20
DA:491,0
DA:492,0
DA:493,0
DA:494,0
DA:498,0
DA:505,10
DA:506,16
DA:507,8
DA:511,20
DA:515,10
DA:516,10
DA:517,10
DA:518,10
DA:520,10
DA:521,0
DA:524,0
DA:527,0
DA:529,0
DA:535,10
DA:537,30
DA:540,10
DA:541,0
DA:542,0
DA:543,0
DA:544,0
DA:546,0
DA:547,0
DA:548,0
DA:549,0
DA:554,30
DA:557,10
DA:558,0
DA:559,0
DA:560,0
DA:561,0
DA:563,0
DA:564,0
DA:565,0
DA:566,0
DA:572,2
DA:573,4
DA:574,2
DA:576,4
DA:579,2
DA:583,6
DA:584,4
DA:588,4
DA:589,0
DA:592,0
DA:594,0
DA:596,0
DA:600,0
DA:605,0
DA:606,0
DA:610,0
DA:613,0
DA:614,0
DA:618,0
DA:619,0
DA:623,0
DA:624,0
DA:628,0
DA:629,0
DA:630,0
DA:631,0
DA:635,0
DA:636,0
DA:637,0
DA:638,0
DA:642,0
DA:644,0
DA:649,0
DA:650,0
DA:651,0
DA:655,0
DA:659,0
DA:660,0
DA:661,0
DA:666,0
DA:668,0
DA:669,0
DA:673,0
DA:674,0
DA:678,0
DA:682,10
DA:684,20
DA:685,20
DA:686,20
DA:687,20
DA:691,20
DA:692,20
DA:695,10
DA:696,10
DA:697,10
DA:698,10
DA:699,10
DA:702,20
DA:703,30
DA:706,20
DA:707,30
DA:710,20
DA:711,30
DA:714,20
DA:715,30
DA:718,20
DA:719,30
DA:724,0
DA:725,0
DA:727,0
DA:728,0
DA:732,0
DA:733,0
DA:734,0
DA:737,0
DA:742,0
DA:745,0
DA:746,0
DA:747,0
DA:752,0
DA:754,0
DA:755,0
DA:756,0
DA:758,0
DA:762,0
DA:763,0
DA:768,0
DA:770,0
DA:772,0
DA:773,0
DA:775,0
DA:779,0
DA:782,0
DA:784,0
DA:785,0
DA:788,0
DA:792,0
DA:794,0
DA:795,0
DA:801,0
DA:803,0
DA:804,0
DA:811,0
DA:813,0
DA:814,0
DA:816,0
DA:817,0
DA:818,0
DA:819,0
DA:820,0
DA:821,0
DA:824,0
DA:825,0
DA:826,0
DA:827,0
DA:833,0
DA:835,0
DA:836,0
DA:837,0
DA:838,0
DA:839,0
DA:840,0
DA:841,0
DA:842,0
DA:848,0
DA:851,0
DA:855,0
DA:864,0
DA:865,0
DA:869,0
DA:870,0
DA:871,0
DA:873,0
DA:874,0
DA:877,0
DA:882,10
DA:883,20
DA:886,20
DA:887,20
DA:888,10
DA:889,10
DA:890,20
DA:891,20
DA:894,20
DA:895,0
DA:896,0
DA:900,20
DA:901,20
DA:902,20
DA:903,20
DA:904,20
DA:905,20
DA:908,10
DA:911,0
DA:914,10
DA:916,0
DA:919,20
DA:923,10
DA:924,10
DA:927,20
DA:929,0
DA:930,0
DA:931,0
DA:935,10
DA:939,2
DA:942,2
DA:943,6
DA:945,0
DA:948,0
DA:949,0
DA:954,1
DA:955,2
DA:956,2
DA:957,2
DA:961,8
DA:962,8
DA:963,0
DA:967,16
DA:968,0
DA:972,16
DA:973,0
DA:974,0
DA:980,8
DA:983,8
DA:984,0
DA:985,0
DA:986,0
DA:990,2
DA:991,2
DA:992,6
DA:995,2
DA:996,2
DA:997,6
DA:1001,0
DA:1002,0
DA:1003,0
DA:1004,0
DA:1005,0
DA:1006,0
DA:1007,0
DA:1008,0
DA:1009,0
DA:1013,0
DA:1018,0
DA:1019,0
DA:1020,0
DA:1021,0
DA:1022,0
DA:1024,0
DA:1025,0
DA:1026,0
DA:1030,0
DA:1035,8
DA:1036,8
DA:1037,8
DA:1041,8
DA:1043,8
DA:1044,0
DA:1045,0
DA:1047,0
DA:1048,0
DA:1049,0
DA:1051,0
DA:1052,0
DA:1053,0
DA:1060,8
DA:1062,8
DA:1063,0
DA:1064,0
DA:1066,0
DA:1067,0
DA:1068,0
DA:1070,0
DA:1071,0
DA:1072,0
DA:1078,8
DA:1079,0
DA:1080,0
DA:1081,0
DA:1084,0
DA:1085,0
DA:1086,0
DA:1090,0
DA:1091,0
DA:1092,0
DA:1095,0
DA:1100,0
DA:1101,0
DA:1103,0
DA:1108,0
DA:1109,0
DA:1110,0
DA:1114,0
DA:1116,0
DA:1118,0
DA:1120,0
DA:1121,0
DA:1122,0
DA:1126,0
DA:1127,0
DA:1128,0
DA:1134,8
DA:1135,0
DA:1136,0
DA:1137,0
DA:1140,0
DA:1141,0
DA:1142,0
DA:1146,0
DA:1147,0
DA:1148,0
DA:1151,0
DA:1156,0
DA:1157,0
DA:1159,0
DA:1164,0
DA:1165,0
DA:1166,0
DA:1170,0
DA:1172,0
DA:1174,0
DA:1176,0
DA:1177,0
DA:1178,0
DA:1182,0
DA:1183,0
DA:1184,0
DA:1190,16
DA:1192,0
DA:1193,0
DA:1195,0
DA:1196,0
DA:1201,16
DA:1203,0
DA:1204,0
DA:1206,0
DA:1207,0
DA:1212,16
DA:1213,0
DA:1214,0
DA:1215,0
DA:1216,0
DA:1217,0
DA:1219,0
DA:1221,0
DA:1222,0
DA:1223,0
DA:1229,8
DA:1230,0
DA:1231,0
DA:1232,0
DA:1239,7
DA:1249,7
DA:1250,0
DA:1253,21
DA:1254,14
DA:1259,7
DA:1260,7
DA:1263,3
DA:1265,3
DA:1273,14
DA:1275,7
DA:1276,7
DA:1277,8
DA:1278,7
DA:1280,8
DA:1281,7
DA:1282,7
DA:1284,7
DA:1285,7
DA:1295,7
DA:1296,14
DA:1298,7
DA:1299,1
DA:1300,1
DA:1301,0
DA:1304,7
DA:1305,3
DA:1306,1
DA:1308,1
DA:1310,1
DA:1318,7
DA:1320,1
DA:1322,1
DA:1326,7
DA:1327,7
DA:1330,7
DA:1331,1
DA:1333,1
DA:1336,13
DA:1338,1
DA:1339,1
DA:1340,1
DA:1343,6
DA:1344,4
DA:1346,7
DA:1349,4
DA:1350,4
DA:1351,6
DA:1352,6
DA:1356,3
DA:1358,0
DA:1359,0
DA:1363,0
DA:1364,0
DA:1365,0
DA:1367,0
DA:1369,0
DA:1372,0
DA:1374,0
DA:1377,0
DA:1378,0
DA:1379,0
DA:1380,0
DA:1384,3
DA:1388,3
DA:1389,4
DA:1393,3
DA:1394,3
DA:1395,2
DA:1397,3
DA:1399,4
DA:1402,3
DA:1404,3
DA:1405,3
DA:1406,3
DA:1407,3
DA:1410,3
DA:1411,3
DA:1412,0
DA:1413,0
DA:1420,12
DA:1423,12
DA:1424,6
DA:1426,6
DA:1427,12
DA:1429,6
DA:1433,12
DA:1436,8
DA:1437,8
DA:1438,4
DA:1439,4
DA:1444,7
DA:1454,7
DA:1455,0
DA:1458,21
DA:1459,14
DA:1464,0
DA:1466,0
DA:1470,14
DA:1471,7
DA:1472,7
DA:1475,7
DA:1482,7
DA:1484,1
DA:1485,1
DA:1486,1
DA:1487,1
DA:1488,1
DA:1489,1
DA:1497,7
DA:1501,0
DA:1503,0
DA:1507,7
DA:1508,7
DA:1509,3
DA:1510,6
DA:1516,10
DA:1517,2
DA:1519,2
DA:1522,7
DA:1523,4
DA:1524,2
DA:1526,2
DA:1529,7
DA:1530,4
DA:1532,4
DA:1533,4
DA:1534,0
DA:1535,0
DA:1539,4
DA:1541,3
DA:1543,0
DA:1545,0
DA:1549,3
DA:1550,3
DA:1551,3
DA:1553,3
DA:1554,3
DA:1555,6
DA:1556,3
DA:1557,9
DA:1560,3
DA:1561,3
DA:1562,0
DA:1563,0
DA:1567,9
DA:1569,0
DA:1570,0
DA:1575,3
DA:1577,3
DA:1579,0
DA:1581,0
DA:1584,3
DA:1585,3
DA:1586,3
DA:1588,3
DA:1589,3
DA:1590,6
DA:1591,3
DA:1592,3
DA:1593,9
DA:1596,3
DA:1597,3
DA:1598,0
DA:1599,0
DA:1603,6
DA:1604,3
DA:1606,0
DA:1607,0
DA:1615,14
DA:1618,14
DA:1619,7
DA:1621,7
DA:1622,14
DA:1624,7
DA:1628,14
DA:1631,8
DA:1632,8
DA:1633,4
DA:1634,4
DA:1647,2
DA:1654,2
DA:1655,0
DA:1658,4
DA:1659,2
DA:1664,4
DA:1665,0
DA:1666,0
DA:1669,6
DA:1671,4
DA:1672,2
DA:1674,2
DA:1675,4
DA:1677,4
DA:1681,4
DA:1682,8
DA:1686,4
DA:1687,2
DA:1688,2
DA:1692,1
DA:1693,2
DA:1696,1
DA:1697,2
DA:1704,1
DA:1706,0
DA:1707,1
DA:1710,2
DA:1713,3
DA:1715,1
DA:1716,0
DA:1717,0
DA:1721,2
DA:1723,0
DA:1724,0
DA:1725,0
DA:1727,0
DA:1728,0
DA:1730,0
DA:1731,0
DA:1738,3
DA:1740,0
DA:1741,0
DA:1742,0
DA:1744,0
DA:1745,0
DA:1750,3
DA:1752,0
DA:1754,0
DA:1756,0
DA:1757,0
DA:1761,2
DA:1762,1
DA:1764,1
DA:1771,2
DA:1772,1
DA:1774,2
DA:1777,4
DA:1778,2
DA:1780,4
DA:1782,4
DA:1783,4
DA:1786,4
DA:1787,1
DA:1789,4
DA:1790,4
DA:1791,0
DA:1795,2
DA:1796,2
DA:1811,1
DA:1818,1
DA:1819,0
DA:1822,2
DA:1823,1
DA:1828,2
DA:1829,0
DA:1830,0
DA:1833,3
DA:1835,2
DA:1836,1
DA:1838,1
DA:1839,2
DA:1841,2
DA:1845,2
DA:1846,4
DA:1850,2
DA:1851,1
DA:1852,1
DA:1856,1
DA:1857,2
DA:1860,1
DA:1861,2
DA:1867,1
DA:1869,0
DA:1870,1
DA:1873,2
DA:1876,3
DA:1878,0
DA:1879,0
DA:1880,0
DA:1882,0
DA:1883,0
DA:1887,2
DA:1889,0
DA:1890,0
DA:1891,0
DA:1893,0
DA:1894,0
DA:1896,0
DA:1897,0
DA:1904,3
DA:1906,0
DA:1908,0
DA:1910,0
DA:1911,0
DA:1915,2
DA:1916,1
DA:1918,1
DA:1925,2
DA:1926,1
DA:1928,2
DA:1931,2
DA:1932,1
DA:1934,2
DA:1936,2
DA:1937,2
DA:1940,2
DA:1941,0
DA:1943,2
DA:1944,2
DA:1945,0
DA:1949,1
DA:1950,1
DA:1959,1
DA:1960,1
DA:1961,1
DA:1964,2
DA:1966,1
DA:1970,1
DA:1971,2
DA:1972,2
DA:1974,2
DA:1975,2
DA:1976,3
DA:1978,1
DA:1979,1
DA:1980,0
DA:1981,0
DA:1982,1
DA:1988,1
DA:1989,2
DA:1990,2
DA:1992,2
DA:1993,2
DA:1994,3
DA:1996,1
DA:1997,1
DA:1998,0
DA:1999,0
DA:2000,1
DA:2005,1
DA:2007,1
DA:2008,1
DA:2009,2
DA:2010,2
DA:2011,1
DA:2012,1
DA:2015,2
DA:2016,2
DA:2025,1
DA:2027,1
DA:2028,1
DA:2031,2
DA:2032,1
DA:2035,3
DA:2037,1
DA:2038,2
DA:2042,2
DA:2045,0
DA:2049,2
DA:2051,2
DA:2052,2
DA:2053,2
DA:2054,1
DA:2055,1
DA:2061,1
DA:2065,1
DA:2074,3
DA:2075,3
DA:2076,1
DA:2079,6
DA:2080,3
DA:2084,6
DA:2086,2
DA:2089,2
DA:2090,0
DA:2094,1
DA:2095,2
DA:2097,1
DA:2098,1
DA:2099,1
DA:2104,2
DA:2105,1
DA:2109,1
DA:2111,1
DA:2114,2
DA:2115,1
DA:2117,1
DA:2119,2
DA:2121,4
DA:2122,2
DA:2124,2
DA:2127,2
DA:2130,4
DA:2131,4
DA:2132,2
DA:2141,2
DA:2142,2
DA:2143,1
DA:2146,4
DA:2147,2
DA:2151,4
DA:2153,2
DA:2156,0
DA:2157,0
DA:2161,0
DA:2162,0
DA:2164,0
DA:2165,0
DA:2166,0
DA:2171,0
DA:2172,0
DA:2176,0
DA:2178,0
DA:2181,0
DA:2182,0
DA:2184,0
DA:2186,0
DA:2188,4
DA:2189,2
DA:2191,2
DA:2194,2
DA:2197,4
DA:2198,4
DA:2199,2
DA:2210,1
DA:2212,2
DA:2213,3
DA:2214,3
DA:2217,2
DA:2218,1
DA:2220,0
DA:2224,3
DA:2225,1
DA:2228,1
DA:2230,0
DA:2232,2
DA:2238,2
DA:2239,1
DA:2247,1
DA:2248,2
DA:2249,1
DA:2253,1
DA:2255,1
DA:2258,1
DA:2259,2
DA:2260,2
DA:2261,1
DA:2265,3
DA:2266,1
DA:2269,1
DA:2270,1
DA:2272,0
DA:2273,0
DA:2274,0
DA:2275,0
DA:2276,0
DA:2280,1
DA:2282,0
DA:2283,0
DA:2284,0
DA:2288,1
DA:2290,0
DA:2291,0
DA:2299,1
DA:2300,1
DA:2302,0
DA:2303,0
DA:2304,0
DA:2305,0
DA:2306,0
DA:2308,0
DA:2313,1
DA:2315,0
DA:2316,0
DA:2317,0
DA:2318,0
DA:2323,1
DA:2325,0
DA:2327,0
DA:2333,3
DA:2334,0
DA:2335,0
DA:2338,1
DA:2339,1
DA:2348,2
DA:2352,2
DA:2353,1
DA:2356,4
DA:2357,2
DA:2359,4
DA:2360,2
DA:2363,4
DA:2365,2
DA:2369,1
DA:2370,3
DA:2372,1
DA:2376,2
DA:2377,1
DA:2379,1
DA:2381,2
DA:2383,4
DA:2384,2
DA:2386,2
DA:2389,2
DA:2392,4
DA:2393,4
DA:2395,2
DA:2404,1
DA:2408,1
DA:2409,1
DA:2412,2
DA:2413,1
DA:2415,2
DA:2416,1
DA:2420,1
DA:2421,3
DA:2423,1
DA:2427,2
DA:2428,1
DA:2430,1
DA:2432,2
DA:2434,0
DA:2435,0
DA:2437,0
DA:2440,0
DA:2443,0
DA:2444,0
DA:2446,0
DA:2455,2
DA:2459,2
DA:2460,1
DA:2463,4
DA:2464,2
DA:2466,4
DA:2467,2
DA:2471,2
DA:2472,6
DA:2474,2
DA:2478,2
DA:2479,1
DA:2481,1
DA:2483,2
DA:2485,2
DA:2486,1
DA:2488,1
DA:2491,1
DA:2494,2
DA:2495,2
DA:2497,1
DA:2508,1
DA:2512,1
DA:2513,1
DA:2516,2
DA:2517,1
DA:2519,2
DA:2520,1
DA:2523,2
DA:2525,1
DA:2529,0
DA:2530,0
DA:2532,0
DA:2536,0
DA:2537,0
DA:2539,0
DA:2541,0
DA:2543,2
DA:2544,1
DA:2546,1
DA:2549,1
DA:2552,2
DA:2553,2
DA:2555,1
DA:2564,1
DA:2568,1
DA:2569,1
DA:2572,2
DA:2573,1
DA:2575,2
DA:2576,1
DA:2580,1
DA:2581,3
DA:2583,1
DA:2587,2
DA:2588,1
DA:2590,1
DA:2592,2
DA:2594,0
DA:2595,0
DA:2597,0
DA:2600,0
DA:2603,0
DA:2604,0
DA:2606,0
DA:2615,1
DA:2619,1
DA:2620,1
DA:2623,2
DA:2624,1
DA:2626,2
DA:2627,1
DA:2631,1
DA:2632,3
DA:2634,1
DA:2638,0
DA:2639,0
DA:2641,0
DA:2643,0
DA:2645,2
DA:2646,1
DA:2648,1
DA:2651,1
DA:2654,2
DA:2655,2
DA:2657,1
DA:2665,4
DA:2666,4
DA:2667,2
DA:2670,9
DA:2672,6
DA:2673,3
DA:2676,6
DA:2678,2
DA:2681,1
DA:2682,2
DA:2686,1
DA:2687,4
DA:2689,1
DA:2690,1
DA:2691,1
DA:2692,1
DA:2694,1
DA:2696,2
DA:2697,1
DA:2698,1
DA:2700,2
DA:2702,6
DA:2703,3
DA:2705,6
DA:2707,6
DA:2708,6
DA:2709,3
DA:2710,3
DA:2717,3
DA:2718,3
DA:2719,1
DA:2722,9
DA:2724,6
DA:2725,3
DA:2728,6
DA:2730,2
DA:2733,1
DA:2734,2
DA:2737,3
DA:2738,1
DA:2740,2
DA:2741,1
DA:2742,1
DA:2744,2
DA:2746,6
DA:2747,3
DA:2749,6
DA:2751,6
DA:2752,6
DA:2753,3
DA:2754,3
DA:2765,0
DA:2767,0
DA:2769,0
DA:2774,0
DA:2776,0
DA:2777,0
DA:2786,0
DA:2787,0
DA:2788,0
DA:2789,0
DA:2791,0
DA:2792,0
DA:2793,0
DA:2794,0
DA:2796,0
DA:2798,0
DA:2799,0
DA:2800,0
DA:2801,0
DA:2804,0
DA:2805,0
DA:2806,0
DA:2808,0
DA:2809,0
DA:2813,0
DA:2815,0
DA:2817,0
DA:2819,0
DA:2824,0
DA:2826,0
DA:2827,0
DA:2828,0
DA:2829,0
DA:2832,0
DA:2833,0
DA:2840,0
DA:2842,0
DA:2850,1
DA:2853,1
DA:2858,1
DA:2859,1
DA:2860,1
DA:2862,2
DA:2864,1
DA:2866,1
DA:2870,1
DA:2871,1
DA:2872,1
DA:2874,2
DA:2876,1
DA:2878,1
DA:2882,1
DA:2883,1
DA:2884,1
DA:2886,2
DA:2888,1
DA:2890,1
DA:2898,1
DA:2904,1
DA:2905,1
DA:2907,2
DA:2909,1
DA:2911,0
DA:2919,1
DA:2924,1
DA:2925,1
DA:2927,2
DA:2929,1
DA:2931,0
DA:2940,1
DA:2946,1
DA:2947,1
DA:2949,2
DA:2951,1
DA:2953,0
DA:2964,1
DA:2970,1
DA:2971,1
DA:2973,2
DA:2975,1
DA:2977,0
DA:2985,1
DA:2990,1
DA:2991,1
DA:2993,2
DA:2995,1
DA:2997,0
DA:3005,2
DA:3010,2
DA:3011,0
DA:3014,6
DA:3016,4
DA:3017,2
DA:3018,4
DA:3020,2
DA:3023,1
DA:3024,0
DA:3028,1
DA:3029,3
DA:3030,1
DA:3031,1
DA:3033,1
DA:3034,1
DA:3040,2
DA:3043,2
DA:3067,1
DA:3080,1
DA:3081,2
DA:3083,2
DA:3084,1
DA:3086,2
DA:3087,2
DA:3089,0
DA:3090,0
DA:3096,1
DA:3111,1
DA:3119,1
DA:3121,1
DA:3143,1
DA:3156,1
DA:3157,2
DA:3161,2
DA:3162,2
DA:3164,0
DA:3165,0
DA:3166,0
DA:3168,0
DA:3175,2
DA:3184,0
DA:3189,2
DA:3190,1
DA:3191,1
DA:3193,2
DA:3199,0
DA:3207,0
DA:3208,0
DA:3212,0
DA:3217,0
DA:3222,0
DA:3225,0
DA:3232,0
DA:3237,0
DA:3240,0
DA:3244,1
DA:3254,1
DA:3261,0
DA:3262,0
DA:3263,0
DA:3264,0
DA:3265,0
DA:3270,2
DA:3278,2
DA:3279,4
DA:3282,1
DA:3283,3
DA:3284,1
DA:3285,5
DA:3286,1
DA:3287,2
DA:3294,0
DA:3295,0
DA:3296,0
DA:3297,0
DA:3298,0
DA:3299,0
DA:3300,0
DA:3301,0
DA:3302,0
DA:3303,0
DA:3304,0
DA:3315,0
DA:3320,0
DA:3321,0
DA:3324,0
DA:3325,0
DA:3328,0
DA:3330,0
DA:3337,0
DA:3339,0
DA:3344,0
DA:3346,0
DA:3352,0
DA:3353,0
DA:3354,0
DA:3356,0
DA:3359,0
DA:3360,0
DA:3362,0
DA:3363,0
DA:3369,0
DA:3372,0
DA:3373,0
DA:3375,0
DA:3378,0
DA:3381,0
DA:3382,0
DA:3383,0
DA:3398,0
DA:3405,0
DA:3406,0
DA:3409,0
DA:3410,0
DA:3413,0
DA:3415,0
DA:3422,0
DA:3424,0
DA:3429,0
DA:3431,0
DA:3437,0
DA:3438,0
DA:3441,0
DA:3443,0
DA:3445,0
DA:3448,0
DA:3449,0
DA:3451,0
DA:3452,0
DA:3455,0
DA:3458,0
DA:3461,0
DA:3462,0
DA:3464,0
DA:3467,0
DA:3470,0
DA:3471,0
DA:3472,0
DA:3485,0
DA:3490,0
DA:3491,0
DA:3494,0
DA:3495,0
DA:3498,0
DA:3500,0
DA:3507,0
DA:3509,0
DA:3514,0
DA:3516,0
DA:3522,0
DA:3523,0
DA:3524,0
DA:3526,0
DA:3529,0
DA:3530,0
DA:3532,0
DA:3533,0
DA:3534,0
DA:3539,0
DA:3542,0
DA:3543,0
DA:3545,0
DA:3548,0
DA:3551,0
DA:3552,0
DA:3553,0
DA:3563,0
DA:3564,0
DA:3565,0
DA:3568,0
DA:3569,0
DA:3570,0
DA:3573,0
DA:3579,0
DA:3580,0
DA:3581,0
DA:3584,0
DA:3585,0
DA:3586,0
DA:3589,0
DA:3596,1
DA:3597,1
DA:3598,0
DA:3601,2
DA:3602,1
DA:3605,2
DA:3607,2
DA:3608,1
DA:3611,2
DA:3613,0
DA:3614,0
DA:3615,0
DA:3617,0
DA:3618,0
DA:3619,0
DA:3620,0
DA:3627,1
DA:3628,1
DA:3629,0
DA:3632,2
DA:3633,1
DA:3636,2
DA:3638,2
DA:3639,1
DA:3642,2
DA:3645,0
DA:3646,0
DA:3647,0
DA:3649,0
DA:3650,0
DA:3651,0
DA:3652,0
DA:3667,0
DA:3675,0
DA:3676,0
DA:3679,0
DA:3680,0
DA:3683,0
DA:3685,0
DA:3692,0
DA:3694,0
DA:3699,0
DA:3701,0
DA:3707,0
DA:3709,0
DA:3710,0
DA:3711,0
DA:3718,0
DA:3719,0
DA:3723,0
DA:3724,0
DA:3726,0
DA:3727,0
DA:3731,0
DA:3732,0
DA:3734,0
DA:3737,0
DA:3740,0
DA:3743,0
DA:3744,0
DA:3746,0
DA:3749,0
DA:3752,0
DA:3753,0
DA:3754,0
DA:3755,0
DA:3770,0
DA:3778,0
DA:3779,0
DA:3782,0
DA:3783,0
DA:3786,0
DA:3788,0
DA:3795,0
DA:3797,0
DA:3802,0
DA:3804,0
DA:3810,0
DA:3812,0
DA:3813,0
DA:3816,0
DA:3817,0
DA:3822,0
DA:3823,0
DA:3824,0
DA:3828,0
DA:3829,0
DA:3831,0
DA:3832,0
DA:3836,0
DA:3837,0
DA:3839,0
DA:3842,0
DA:3845,0
DA:3848,0
DA:3849,0
DA:3851,0
DA:3854,0
DA:3857,0
DA:3858,0
DA:3859,0
DA:3860,0
DA:3865,0
DA:3867,0
DA:3868,0
DA:3869,0
DA:3877,0
DA:3882,0
DA:3883,0
DA:3886,0
DA:3887,0
DA:3890,0
DA:3891,0
DA:3893,0
DA:3894,0
DA:3896,0
DA:3897,0
DA:3898,0
DA:3901,0
DA:3904,0
DA:3905,0
DA:3906,0
DA:3908,0
DA:3909,0
DA:3910,0
DA:3924,0
DA:3933,0
DA:3934,0
DA:3937,0
DA:3938,0
DA:3941,0
DA:3944,0
DA:3947,0
DA:3948,0
DA:3958,0
DA:3959,0
DA:3961,0
DA:3962,0
DA:3963,0
DA:3964,0
DA:3967,0
DA:3970,0
DA:3971,0
DA:3972,0
DA:3974,0
DA:3975,0
DA:3976,0
DA:3990,0
DA:3997,0
DA:3998,0
DA:4001,0
DA:4002,0
DA:4003,0
DA:4006,0
DA:4007,0
DA:4012,0
DA:4013,0
DA:4015,0
DA:4016,0
DA:4018,0
DA:4019,0
DA:4024,0
DA:4025,0
DA:4030,0
DA:4032,0
DA:4037,0
DA:4038,0
DA:4041,0
DA:4042,0
DA:4047,0
DA:4053,0
DA:4059,0
DA:4062,0
DA:4063,0
DA:4067,0
DA:4068,0
DA:4070,0
DA:4071,0
DA:4072,0
DA:4073,0
DA:4076,0
DA:4078,0
DA:4081,0
DA:4082,0
DA:4083,0
DA:4085,0
DA:4086,0
DA:4088,0
DA:4102,0
DA:4109,0
DA:4110,0
DA:4113,0
DA:4114,0
DA:4117,0
DA:4120,0
DA:4123,0
DA:4124,0
DA:4132,0
DA:4133,0
DA:4135,0
DA:4136,0
DA:4137,0
DA:4140,0
DA:4143,0
DA:4144,0
DA:4145,0
DA:4147,0
DA:4148,0
DA:4149,0
DA:4155,3
DA:4158,6
DA:4159,0
DA:4160,0
DA:4162,2
DA:4163,0
DA:4165,2
DA:4166,0
DA:4167,0
DA:4168,0
DA:4173,1
DA:4174,2
DA:4176,1
DA:4179,1
DA:4192,0
DA:4197,0
DA:4198,0
DA:4201,0
DA:4202,0
DA:4206,0
DA:4209,0
DA:4212,0
DA:4213,0
DA:4216,0
DA:4217,0
DA:4223,0
DA:4224,0
DA:4226,0
DA:4227,0
DA:4231,0
DA:4234,0
DA:4235,0
DA:4237,0
DA:4238,0
DA:4240,0
DA:4243,0
DA:4244,0
DA:4246,0
DA:4260,0
DA:4262,0
DA:4263,0
DA:4266,0
DA:4267,0
DA:4271,0
DA:4273,0
DA:4277,0
DA:4281,0
DA:4284,0
DA:4286,0
DA:4287,0
DA:4290,0
DA:4295,0
DA:4298,0
DA:4299,0
DA:4300,0
DA:4301,0
DA:4305,0
DA:4308,0
DA:4311,0
DA:4312,0
DA:4314,0
DA:4317,0
DA:4320,0
DA:4321,0
DA:4323,0
DA:4324,0
DA:4337,0
DA:4339,0
DA:4340,0
DA:4343,0
DA:4344,0
DA:4348,0
DA:4350,0
DA:4354,0
DA:4358,0
DA:4361,0
DA:4363,0
DA:4364,0
DA:4367,0
DA:4372,0
DA:4375,0
DA:4376,0
DA:4377,0
DA:4378,0
DA:4382,0
DA:4385,0
DA:4388,0
DA:4389,0
DA:4391,0
DA:4394,0
DA:4397,0
DA:4398,0
DA:4400,0
DA:4401,0
DA:4421,0
DA:4430,0
DA:4431,0
DA:4434,0
DA:4435,0
DA:4439,0
DA:4450,0
DA:4452,0
DA:4453,0
DA:4456,0
DA:4461,0
DA:4464,0
DA:4465,0
DA:4466,0
DA:4467,0
DA:4472,0
DA:4475,0
DA:4478,0
DA:4479,0
DA:4481,0
DA:4485,0
DA:4488,0
DA:4489,0
DA:4490,0
DA:4491,0
DA:4508,0
DA:4514,0
DA:4515,0
DA:4518,0
DA:4519,0
DA:4525,0
DA:4526,0
DA:4527,0
DA:4528,0
DA:4529,0
DA:4530,0
DA:4532,0
DA:4533,0
DA:4534,0
DA:4540,0
DA:4541,0
DA:4542,0
DA:4553,0
DA:4554,0
DA:4555,0
DA:4557,0
DA:4564,0
DA:4565,0
DA:4566,0
DA:4568,0
DA:4575,0
DA:4576,0
DA:4577,0
DA:4579,0
DA:4580,0
DA:4582,0
DA:4583,0
DA:4585,0
DA:4590,0
DA:4591,0
DA:4593,0
DA:4601,0
DA:4602,0
DA:4605,0
DA:4606,0
DA:4612,0
DA:4613,0
DA:4615,0
DA:4616,0
DA:4617,0
DA:4618,0
DA:4619,0
DA:4622,0
DA:4625,0
DA:4626,0
DA:4628,0
DA:4629,0
DA:4630,0
DA:4633,0
DA:4634,0
DA:4636,0
DA:4637,0
DA:4646,1
DA:4647,1
DA:4648,0
DA:4652,2
DA:4656,3
DA:4659,1
DA:4660,1
DA:4661,1
DA:4662,1
DA:4663,1
DA:4667,2
DA:4668,1
DA:4669,1
DA:4670,1
DA:4671,1
DA:4673,1
DA:4676,1
DA:4677,2
DA:4678,1
DA:4679,2
DA:4680,0
DA:4681,0
DA:4683,0
DA:4688,1
DA:4689,0
DA:4691,0
DA:4692,0
DA:4693,0
DA:4694,0
DA:4696,0
DA:4699,0
DA:4700,0
DA:4701,0
DA:4702,0
DA:4703,0
DA:4704,0
DA:4706,0
DA:4715,1
DA:4716,1
DA:4717,1
DA:4718,0
DA:4719,0
DA:4720,0
DA:4721,0
DA:4726,0
DA:4727,0
DA:4728,0
DA:4729,0
DA:4730,0
DA:4731,0
DA:4732,0
DA:4733,0
DA:4742,1
DA:4747,1
DA:4748,1
DA:4749,1
DA:4752,1
DA:4753,1
DA:4757,1
DA:4758,3
DA:4765,3
DA:4767,3
DA:4768,0
DA:4771,6
DA:4772,1
DA:4773,1
DA:4776,6
DA:4779,6
DA:4780,12
DA:4784,15
DA:4790,2
DA:4791,2
DA:4792,0
DA:4795,2
DA:4796,1
DA:4797,1
DA:4800,4
DA:4803,6
DA:4806,6
DA:4813,3
DA:4816,3
DA:4817,0
DA:4820,3
DA:4821,1
DA:4822,1
DA:4825,6
DA:4826,3
DA:4829,3
DA:4832,3
DA:4833,9
DA:4835,3
DA:4837,4
DA:4838,2
DA:4839,2
DA:4841,4
DA:4844,4
DA:4845,2
DA:4846,4
DA:4848,4
DA:4849,6
DA:4850,2
DA:4860,2
DA:4863,2
DA:4864,0
DA:4867,2
DA:4868,1
DA:4869,1
DA:4872,2
DA:4873,1
DA:4874,1
DA:4877,4
DA:4878,2
DA:4881,2
DA:4884,2
DA:4885,6
DA:4887,2
DA:4889,2
DA:4890,1
DA:4891,1
DA:4893,2
DA:4896,2
DA:4897,1
DA:4899,1
DA:4902,1
DA:4905,2
DA:4906,2
DA:4907,1
DA:4908,1
DA:4921,1
DA:4929,1
DA:4930,0
DA:4933,1
DA:4934,1
DA:4935,1
DA:4938,0
DA:4939,0
DA:4942,0
DA:4951,0
DA:4952,0
DA:4953,0
DA:4955,0
DA:4957,0
DA:4958,0
DA:4959,0
DA:4961,0
DA:4962,0
DA:4963,0
DA:4964,0
DA:4975,0
DA:4982,0
DA:4983,0
DA:4987,0
DA:4990,0
DA:4993,0
DA:4994,0
DA:4995,0
DA:5000,0
DA:5001,0
DA:5002,0
DA:5003,0
DA:5004,0
DA:5005,0
DA:5006,0
DA:5010,0
DA:5013,0
DA:5014,0
DA:5017,0
DA:5018,0
DA:5022,0
DA:5023,0
DA:5027,0
DA:5028,0
DA:5032,0
DA:5033,0
DA:5037,0
DA:5041,0
DA:5042,0
DA:5045,0
DA:5046,0
DA:5050,0
DA:5051,0
DA:5055,0
DA:5060,0
DA:5061,0
DA:5064,0
DA:5065,0
DA:5068,0
DA:5075,0
DA:5076,0
DA:5078,0
DA:5082,0
DA:5085,0
DA:5090,0
DA:5094,0
DA:5095,0
DA:5097,0
DA:5101,0
DA:5104,0
DA:5109,0
DA:5110,0
DA:5111,0
DA:5117,0
DA:5118,0
DA:5119,0
DA:5120,0
DA:5124,0
DA:5125,0
DA:5127,0
DA:5128,0
DA:5129,0
DA:5130,0
DA:5132,0
DA:5135,0
DA:5136,0
DA:5137,0
DA:5138,0
DA:5139,0
DA:5140,0
DA:5142,0
DA:5145,0
DA:5146,0
DA:5147,0
DA:5149,0
DA:5150,0
DA:5151,0
DA:5152,0
DA:5153,0
DA:5157,0
DA:5165,1
DA:5167,1
DA:5168,0
DA:5172,2
DA:5173,0
DA:5178,3
DA:5181,2
DA:5185,3
DA:5187,0
DA:5194,0
DA:5196,0
DA:5197,0
DA:5201,0
DA:5202,0
DA:5207,0
DA:5208,0
DA:5209,0
DA:5212,0
DA:5213,0
DA:5217,0
DA:5219,0
DA:5220,0
DA:5223,0
DA:5228,0
DA:5230,0
DA:5231,0
DA:5235,0
DA:5236,0
DA:5240,0
DA:5241,0
DA:5242,0
DA:5245,0
DA:5246,0
DA:5250,0
DA:5252,0
DA:5253,0
DA:5256,0
DA:5261,0
DA:5262,0
DA:5263,0
DA:5266,0
DA:5270,0
DA:5271,0
DA:5272,0
DA:5275,0
DA:5279,0
DA:5280,0
DA:5281,0
DA:5284,0
DA:5285,0
DA:5287,0
DA:5288,0
DA:5291,0
DA:5292,0
DA:5293,0
DA:5294,0
DA:5295,0
DA:5301,0
DA:5302,0
DA:5303,0
DA:5306,0
DA:5307,0
DA:5311,0
DA:5312,0
DA:5313,0
DA:5316,0
DA:5320,10
DA:5321,20
DA:5325,20
DA:5328,20
DA:5331,20
DA:5334,20
DA:5335,30
DA:5338,20
DA:5339,30
DA:5343,0
DA:5348,10
DA:5349,10
DA:5351,20
DA:5354,10
DA:5356,10
DA:5357,20
DA:5359,0
DA:5361,0
DA:5366,0
DA:5367,0
DA:5368,0
DA:5371,1
DA:5372,2
DA:5373,1
DA:5374,2
DA:5375,0
DA:5376,0
DA:5377,0
DA:5378,0
DA:5383,2
DA:5384,2
DA:5385,1
DA:5387,2
DA:5388,1
DA:5389,1
DA:5395,2
DA:5396,2
DA:5397,6
DA:5398,6
DA:5399,6
DA:5401,4
DA:5402,4
DA:5403,4
DA:5404,4
DA:5405,4
DA:5406,6
DA:5407,4
DA:5408,2
DA:5409,2
DA:5410,4
DA:5414,4
DA:5415,2
DA:5416,2
DA:5417,2
DA:5418,2
DA:5423,8
DA:5424,4
DA:5425,4
DA:5426,2
DA:5430,4
DA:5431,0
DA:5432,0
DA:5436,4
DA:5437,4
DA:5438,4
DA:5439,4
DA:5443,4
DA:5444,4
DA:5445,4
DA:5446,0
DA:5450,4
DA:5454,0
DA:5455,0
DA:5456,0
DA:5457,0
DA:5458,0
DA:5459,0
DA:5461,0
DA:5462,0
DA:5472,0
DA:5474,0
DA:5475,0
DA:5477,0
DA:5478,0
DA:5480,0
DA:5483,0
DA:5487,0
DA:5489,0
DA:5490,0
DA:5492,0
DA:5493,0
DA:5494,0
DA:5496,0
DA:5505,1
DA:5506,1
DA:5513,0
DA:5517,0
DA:5518,0
DA:5521,0
DA:5523,0
DA:5526,0
DA:5528,0
DA:5538,0
DA:5539,0
DA:5540,0
DA:5543,0
DA:5551,0
DA:5552,0
DA:5553,0
DA:5556,0
DA:5562,0
DA:5563,0
DA:5564,0
DA:5567,0
DA:5575,0
DA:5576,0
DA:5577,0
DA:5580,0
DA:5588,1
DA:5589,1
DA:5590,1
DA:5596,1
DA:5597,1
DA:5598,2
DA:5599,0
DA:5600,0
DA:5605,1
DA:5609,1
DA:5610,1
DA:5611,2
DA:5612,0
DA:5613,0
DA:5618,1
DA:5622,1
DA:5623,1
DA:5624,2
DA:5626,1
DA:5631,1
DA:5637,1
DA:5639,1
DA:5642,0
DA:5644,0
DA:5652,2
DA:5653,2
DA:5654,2
DA:5658,1
DA:5659,2
DA:5660,1
DA:5661,1
DA:5668,2
DA:5669,0
DA:5670,0
DA:5671,0
DA:5672,0
DA:5674,0
DA:5675,0
DA:5679,2
DA:5680,0
DA:5681,0
DA:5682,0
DA:5683,0
DA:5685,0
DA:5686,0
DA:5690,3
DA:5691,2
DA:5692,4
DA:5693,2
DA:5694,1
DA:5696,2
DA:5697,2
DA:5701,1
DA:5702,0
DA:5703,1
DA:5704,0
DA:5713,1
DA:5714,1
DA:5715,0
DA:5719,2
DA:5723,1
DA:5724,2
DA:5728,1
DA:5729,2
DA:5733,1
DA:5734,2
DA:5742,0
DA:5744,0
DA:5749,0
DA:5751,0
DA:5772,10
DA:5774,2
DA:5775,2
DA:5776,6
DA:5777,2
DA:5779,2
DA:5782,0
DA:5786,2
DA:5787,0
DA:5790,0
DA:5792,0
LF:2294
LH:1041
end_of_record
SF:lib/src/platform/notification/android_notification.dart
DA:39,3
DA:41,6
DA:45,8
DA:46,8
DA:47,8
DA:48,6
DA:49,6
DA:51,12
DA:52,6
DA:56,9
DA:57,0
DA:58,0
DA:59,0
DA:62,0
DA:63,0
DA:69,6
DA:70,3
DA:71,3
DA:72,3
DA:73,3
DA:74,3
DA:75,6
DA:76,3
DA:81,3
DA:82,3
DA:83,2
DA:86,6
DA:88,2
DA:90,1
DA:91,2
DA:97,0
DA:98,0
DA:99,0
DA:101,0
DA:103,0
DA:104,0
DA:105,0
DA:107,0
DA:108,0
DA:109,0
DA:110,0
DA:111,0
DA:116,3
DA:133,9
DA:137,3
DA:138,3
DA:139,3
DA:140,6
DA:143,6
DA:147,3
DA:148,3
DA:149,3
DA:150,3
DA:151,3
DA:153,4
DA:163,6
DA:165,9
DA:167,4
DA:168,6
DA:173,1
DA:175,3
DA:179,2
DA:184,2
DA:185,2
DA:187,3
DA:189,2
DA:190,3
DA:196,2
DA:197,4
DA:200,2
DA:201,2
DA:202,2
DA:204,2
DA:206,2
DA:208,1
DA:209,2
DA:216,3
DA:218,6
DA:222,1
DA:223,2
DA:227,0
DA:229,0
DA:232,0
DA:233,0
DA:238,0
DA:239,0
DA:244,6
DA:247,6
DA:249,1
DA:251,2
DA:252,2
DA:253,2
DA:254,2
DA:257,1
DA:261,1
DA:262,0
DA:263,0
DA:266,0
DA:273,1
DA:275,1
DA:278,1
DA:281,1
DA:282,2
DA:283,2
DA:285,2
DA:289,1
DA:297,2
DA:302,2
DA:310,0
DA:314,1
DA:316,3
DA:317,2
DA:318,1
DA:320,1
DA:321,1
DA:322,1
DA:325,1
LF:117
LH:90
end_of_record
SF:lib/src/platform/notification/ios_notification.dart
DA:36,3
DA:38,6
DA:42,6
DA:44,12
DA:48,9
DA:49,0
DA:50,0
DA:51,0
DA:54,0
DA:55,0
DA:61,6
DA:62,3
DA:63,3
DA:64,6
DA:69,3
DA:70,3
DA:71,2
DA:73,6
DA:76,6
DA:78,2
DA:80,1
DA:81,2
DA:87,0
DA:88,0
DA:89,0
DA:91,0
DA:93,0
DA:94,0
DA:95,0
DA:97,0
DA:98,0
DA:99,0
DA:100,0
DA:101,0
DA:106,2
DA:123,6
DA:127,2
DA:128,2
DA:129,2
DA:130,4
DA:133,2
DA:136,4
DA:140,2
DA:141,2
DA:142,2
DA:143,2
DA:144,2
DA:148,4
DA:153,4
DA:155,6
DA:157,2
DA:158,1
DA:159,2
DA:163,1
DA:165,3
DA:169,2
DA:174,2
DA:175,2
DA:177,3
DA:179,2
DA:180,1
DA:181,2
DA:186,1
DA:187,2
DA:190,1
DA:191,2
DA:192,2
DA:195,1
DA:197,2
DA:199,2
DA:200,1
DA:201,2
DA:208,2
DA:210,4
DA:214,1
DA:215,2
DA:219,1
DA:222,2
DA:224,0
DA:229,2
DA:230,6
DA:234,2
DA:236,8
DA:237,2
DA:240,2
DA:244,2
DA:246,1
DA:247,2
DA:252,0
DA:254,0
DA:257,0
DA:258,0
DA:263,0
DA:264,0
DA:269,6
DA:272,3
DA:274,1
DA:276,2
DA:277,2
DA:278,2
DA:279,2
DA:282,1
DA:286,1
DA:289,2
DA:294,1
DA:296,1
DA:299,1
DA:301,1
DA:304,1
DA:312,2
DA:317,2
DA:325,2
DA:329,1
DA:331,3
DA:332,2
DA:333,1
DA:335,1
DA:336,1
DA:337,1
DA:340,1
LF:120
LH:96
end_of_record
SF:lib/src/platform/notification/desktop_notification.dart
DA:32,5
DA:33,5
DA:35,0
DA:39,4
DA:41,16
DA:45,6
DA:47,12
DA:48,6
DA:52,12
DA:53,0
DA:54,0
DA:55,0
DA:58,0
DA:59,0
DA:65,8
DA:66,4
DA:67,8
DA:68,4
DA:71,4
DA:72,12
DA:74,4
DA:76,1
DA:77,3
DA:83,0
DA:84,0
DA:85,0
DA:87,0
DA:89,0
DA:90,0
DA:91,0
DA:93,0
DA:94,0
DA:95,0
DA:96,0
DA:101,3
DA:118,12
DA:122,2
DA:123,3
DA:124,3
DA:125,6
DA:128,6
DA:132,3
DA:133,3
DA:134,3
DA:135,3
DA:137,4
DA:146,12
DA:148,2
DA:149,2
DA:150,1
DA:151,3
DA:157,2
DA:159,8
DA:162,4
DA:165,4
DA:167,8
DA:169,2
DA:170,2
DA:171,1
DA:172,3
DA:179,1
DA:180,4
DA:183,1
DA:184,0
DA:186,0
DA:188,2
DA:189,2
DA:190,1
DA:191,3
DA:198,2
DA:200,4
DA:204,1
DA:205,2
DA:209,0
DA:211,0
DA:214,0
DA:215,0
DA:220,0
DA:221,0
DA:226,3
DA:229,6
DA:231,1
DA:233,2
DA:234,2
DA:235,2
DA:238,1
DA:244,1
DA:246,1
DA:249,1
DA:252,1
DA:253,2
DA:255,2
DA:259,1
DA:267,2
DA:272,2
DA:280,2
DA:284,1
DA:286,4
DA:287,1
DA:288,1
DA:289,1
DA:290,1
DA:291,1
DA:292,1
DA:295,1
LF:105
LH:80
end_of_record
SF:lib/src/platform/notification/web_notification.dart
DA:26,1
DA:28,2
DA:31,1
DA:32,2
DA:37,0
DA:38,0
DA:42,0
DA:44,0
DA:45,0
DA:46,0
DA:47,0
DA:48,0
DA:49,0
DA:52,0
DA:56,1
DA:73,3
DA:75,1
DA:76,2
DA:77,1
DA:81,0
DA:82,0
DA:84,0
DA:85,0
DA:87,0
DA:88,0
DA:89,0
DA:94,0
DA:97,0
DA:105,0
DA:106,0
DA:107,0
DA:112,0
DA:114,0
DA:115,0
DA:116,0
DA:118,0
DA:121,0
DA:122,0
DA:123,0
DA:129,0
DA:130,0
DA:131,0
DA:135,0
DA:137,0
DA:139,0
DA:141,0
DA:142,0
DA:144,0
DA:145,0
DA:146,0
DA:152,0
DA:154,0
DA:158,0
DA:159,0
DA:163,0
DA:164,0
DA:166,0
DA:167,0
DA:172,0
DA:174,0
DA:178,0
DA:179,0
DA:180,0
DA:182,0
DA:186,1
DA:188,2
DA:195,0
DA:197,0
DA:201,0
DA:203,0
DA:207,0
DA:208,0
DA:213,0
DA:214,0
DA:219,0
DA:222,0
DA:223,0
DA:224,0
DA:225,0
DA:230,0
DA:232,0
DA:241,0
DA:242,0
DA:243,0
DA:244,0
DA:246,0
DA:247,0
DA:248,0
DA:255,0
DA:257,0
DA:260,0
DA:262,0
DA:265,0
DA:267,0
DA:268,0
DA:269,0
DA:270,0
DA:271,0
DA:272,0
DA:273,0
DA:274,0
DA:276,0
DA:279,0
DA:281,0
DA:282,0
LF:105
LH:11
end_of_record
SF:lib/src/config/mcp_constants.dart
DA:6,0
LF:1
LH:0
end_of_record
SF:lib/src/config/plugin_config.dart
DA:8,1
LF:1
LH:1
end_of_record
SF:lib/src/plugins/llm_plugin_integration.dart
DA:25,12
DA:28,0
DA:30,0
DA:33,0
DA:34,0
DA:39,0
DA:40,0
DA:41,0
DA:42,0
DA:43,0
DA:44,0
DA:46,0
DA:47,0
DA:48,0
DA:52,0
DA:55,0
DA:58,0
DA:59,0
DA:61,0
DA:62,0
DA:65,0
DA:66,0
DA:72,2
DA:74,2
DA:76,2
DA:77,0
DA:78,0
DA:85,2
DA:88,2
DA:91,2
DA:94,2
DA:97,2
DA:100,2
DA:102,2
DA:103,2
DA:107,2
DA:109,4
DA:110,10
DA:114,0
DA:116,0
DA:117,0
DA:124,2
DA:127,2
DA:130,2
DA:133,2
DA:136,2
DA:139,2
DA:141,2
DA:142,2
DA:146,2
DA:148,4
DA:149,10
DA:153,0
DA:155,0
DA:156,0
DA:163,0
DA:173,0
DA:176,0
DA:188,0
DA:190,0
DA:191,0
DA:195,0
DA:196,0
DA:202,0
DA:203,0
DA:206,0
DA:212,0
DA:215,0
DA:218,0
DA:220,0
DA:223,0
DA:226,0
DA:228,0
DA:229,0
DA:234,0
DA:237,0
DA:239,0
DA:242,0
DA:245,0
DA:247,0
DA:248,0
DA:252,0
DA:255,0
DA:257,0
DA:260,0
DA:263,0
DA:265,0
DA:266,0
DA:271,0
DA:272,0
DA:276,0
DA:277,0
DA:281,0
DA:282,0
DA:286,0
DA:289,0
DA:290,0
DA:295,0
DA:297,0
DA:298,0
DA:303,0
DA:306,0
DA:307,0
DA:308,0
DA:310,0
DA:313,0
DA:314,0
DA:320,4
DA:321,12
DA:325,11
DA:326,22
DA:329,22
DA:330,22
DA:331,22
DA:340,0
DA:342,0
DA:343,0
DA:345,0
DA:346,0
DA:348,0
DA:349,0
DA:351,0
DA:356,0
DA:361,0
DA:363,0
DA:365,0
DA:366,0
DA:367,0
DA:368,0
DA:372,0
DA:375,0
DA:378,0
DA:380,0
DA:382,0
DA:383,0
DA:390,0
DA:395,0
DA:396,0
DA:399,0
DA:403,0
DA:404,0
DA:409,0
DA:411,0
DA:413,0
DA:423,0
DA:425,0
DA:426,0
DA:428,0
DA:429,0
DA:431,0
DA:432,0
DA:434,0
DA:439,0
DA:444,0
DA:446,0
DA:448,0
DA:449,0
DA:450,0
DA:451,0
DA:452,0
DA:456,0
DA:460,0
DA:461,0
DA:466,0
DA:468,0
DA:469,0
DA:472,0
DA:473,0
DA:475,0
DA:481,0
DA:484,0
DA:485,0
DA:488,0
DA:490,0
DA:492,0
DA:493,0
DA:494,0
DA:496,0
DA:498,0
DA:499,0
DA:500,0
DA:501,0
DA:502,0
DA:504,0
DA:505,0
DA:506,0
DA:507,0
DA:514,0
DA:518,0
DA:531,0
DA:533,0
DA:534,0
DA:536,0
DA:537,0
DA:539,0
DA:540,0
DA:542,0
DA:547,0
DA:552,0
DA:554,0
DA:556,0
DA:557,0
DA:559,0
DA:560,0
DA:561,0
DA:562,0
DA:563,0
DA:564,0
DA:565,0
DA:570,0
DA:571,0
DA:572,0
DA:577,0
DA:580,0
DA:583,0
DA:585,0
DA:586,0
DA:589,0
DA:590,0
DA:591,0
DA:597,0
DA:600,0
DA:603,0
DA:605,0
DA:606,0
DA:607,0
DA:608,0
DA:610,0
DA:611,0
DA:614,0
DA:615,0
DA:617,0
DA:618,0
DA:620,0
DA:621,0
DA:624,0
DA:631,0
DA:632,0
DA:636,0
LF:239
LH:33
end_of_record
SF:lib/src/utils/error_recovery.dart
DA:9,24
DA:12,14
DA:26,14
DA:27,14
DA:31,14
DA:34,8
DA:35,16
DA:36,8
DA:37,8
DA:38,8
DA:39,8
DA:49,8
DA:54,8
DA:57,3
DA:58,4
DA:59,2
DA:60,2
DA:61,2
DA:68,2
DA:69,1
DA:74,8
DA:81,24
DA:82,8
DA:88,8
DA:94,0
DA:95,0
DA:96,0
DA:97,0
DA:102,3
DA:110,3
DA:112,6
DA:113,3
DA:118,3
DA:120,4
DA:121,2
DA:123,2
DA:124,2
DA:134,5
DA:143,10
DA:146,2
DA:147,3
DA:148,3
DA:149,6
DA:153,4
DA:154,12
DA:155,3
DA:156,6
DA:160,6
DA:161,2
DA:162,2
DA:171,1
DA:178,1
DA:182,5
DA:183,3
DA:186,1
DA:189,1
DA:191,3
DA:192,1
DA:193,1
DA:201,1
DA:209,1
DA:211,2
DA:212,1
DA:215,1
DA:216,3
DA:218,2
DA:219,1
DA:222,1
DA:223,1
DA:231,2
DA:246,2
DA:247,2
DA:252,1
DA:256,1
DA:259,1
DA:260,2
DA:261,1
DA:262,1
DA:263,1
DA:264,1
DA:274,1
DA:277,0
DA:278,0
DA:279,0
DA:280,0
DA:281,0
DA:288,0
DA:289,0
DA:294,1
DA:304,1
DA:307,3
DA:308,1
DA:314,1
DA:320,0
DA:321,0
DA:322,0
DA:323,0
DA:328,8
DA:341,32
DA:342,8
DA:345,8
DA:346,24
DA:347,16
DA:348,8
DA:351,2
DA:355,8
DA:359,1
DA:367,1
DA:369,3
DA:371,1
DA:372,1
DA:375,1
DA:376,1
DA:377,1
DA:388,1
DA:396,1
DA:399,3
DA:401,4
DA:406,2
DA:407,2
DA:417,1
LF:121
LH:106
end_of_record
SF:lib/src/config/mcp_config.dart
DA:82,9
DA:103,2
DA:106,2
DA:107,2
DA:108,2
DA:109,2
DA:110,2
DA:113,2
DA:114,0
DA:117,2
DA:118,2
DA:121,2
DA:122,2
DA:125,2
DA:126,4
DA:129,2
DA:130,2
DA:133,2
DA:134,4
DA:137,2
DA:138,6
DA:141,2
DA:142,3
DA:145,2
DA:146,2
DA:149,2
DA:150,2
DA:153,2
DA:154,2
DA:157,2
DA:158,2
DA:180,1
DA:181,2
DA:230,9
DA:251,1
DA:253,1
DA:256,2
DA:257,2
DA:258,2
DA:259,2
DA:260,2
DA:263,2
DA:264,0
DA:267,2
DA:268,2
DA:271,2
DA:272,4
DA:275,2
DA:276,2
DA:279,2
DA:280,2
DA:283,2
DA:284,4
DA:287,2
DA:288,2
DA:291,2
DA:292,2
DA:295,2
DA:296,2
DA:299,2
DA:300,2
DA:303,2
DA:304,3
DA:307,2
DA:308,2
DA:311,2
DA:312,2
DA:315,2
DA:316,2
DA:338,2
DA:346,2
DA:347,1
DA:348,2
DA:349,1
DA:350,1
DA:369,2
DA:377,2
DA:378,1
DA:379,2
DA:380,1
DA:381,1
DA:481,27
DA:516,14
DA:517,14
DA:518,14
DA:519,14
DA:520,14
DA:521,14
DA:522,14
DA:523,14
DA:524,14
DA:525,14
DA:528,14
DA:529,3
DA:532,14
DA:533,4
DA:536,14
DA:537,2
DA:540,14
DA:541,2
DA:544,14
DA:545,2
DA:548,14
DA:549,0
DA:552,14
DA:553,6
DA:556,14
DA:557,2
DA:560,14
DA:561,4
DA:564,14
DA:565,4
DA:568,14
DA:570,2
DA:571,2
DA:572,2
DA:573,2
DA:574,2
DA:575,2
DA:576,2
DA:577,2
DA:581,14
DA:583,2
DA:584,2
DA:585,2
DA:586,2
DA:587,2
DA:588,2
DA:589,2
DA:590,3
DA:594,14
DA:596,1
DA:597,2
DA:598,2
DA:601,2
DA:603,5
DA:604,1
DA:605,1
DA:607,1
DA:608,1
DA:609,1
DA:611,1
DA:614,1
DA:617,16
DA:619,6
DA:622,14
DA:624,1
DA:625,5
DA:628,14
DA:630,1
DA:631,5
DA:634,14
DA:635,1
DA:636,5
DA:639,14
DA:640,1
DA:641,5
DA:645,14
DA:646,28
DA:649,14
DA:650,28
DA:653,14
DA:654,28
DA:657,14
DA:658,28
DA:662,14
DA:663,3
DA:664,1
DA:665,1
DA:674,1
DA:707,1
DA:708,1
DA:709,1
DA:710,1
DA:711,1
DA:712,1
DA:713,1
DA:714,1
DA:715,1
DA:716,1
DA:718,1
DA:719,1
DA:720,1
DA:721,1
DA:722,1
DA:724,1
DA:726,1
DA:727,1
DA:728,1
DA:729,1
DA:730,1
DA:731,1
DA:732,1
DA:733,1
DA:734,1
DA:735,1
DA:736,1
DA:738,1
DA:740,1
DA:742,1
DA:743,1
DA:744,1
DA:771,0
LF:203
LH:199
end_of_record
SF:lib/src/config/job.dart
DA:27,4
DA:39,2
DA:49,2
DA:50,2
DA:51,2
DA:52,2
DA:53,2
DA:54,2
DA:55,2
DA:56,2
DA:57,2
DA:62,1
DA:68,1
DA:77,1
DA:83,1
DA:93,1
DA:100,1
DA:102,1
DA:103,1
DA:104,1
DA:113,1
DA:120,1
DA:122,1
DA:123,1
DA:124,1
DA:133,2
DA:134,2
DA:135,2
DA:136,4
DA:137,2
DA:138,3
DA:139,2
DA:140,2
DA:141,2
LF:34
LH:34
end_of_record
SF:lib/src/core/client_manager.dart
DA:14,22
DA:16,11
DA:18,22
DA:22,8
DA:23,16
DA:24,32
DA:28,7
DA:29,21
DA:30,21
DA:37,14
DA:41,4
DA:42,8
DA:46,5
DA:47,13
DA:51,4
DA:52,12
DA:56,7
DA:57,21
DA:58,14
DA:60,14
DA:61,14
DA:66,10
DA:67,20
DA:68,30
DA:69,0
DA:73,0
DA:75,0
DA:79,11
DA:81,11
DA:82,11
DA:84,33
DA:85,64
DA:86,11
DA:87,53
DA:88,42
DA:89,6
DA:90,6
DA:91,6
DA:96,0
DA:98,0
DA:99,0
DA:105,0
DA:106,0
DA:108,0
DA:109,0
DA:112,0
DA:116,0
DA:118,0
DA:119,0
DA:122,0
DA:124,0
DA:125,0
DA:128,0
DA:132,0
DA:134,0
DA:135,0
LF:56
LH:35
end_of_record
SF:lib/src/core/server_manager.dart
DA:15,22
DA:17,11
DA:19,22
DA:23,8
DA:24,16
DA:25,32
DA:29,8
DA:30,24
DA:31,24
DA:38,16
DA:42,0
DA:43,0
DA:44,0
DA:46,0
DA:51,3
DA:52,6
DA:56,4
DA:57,10
DA:61,4
DA:62,12
DA:66,7
DA:67,21
DA:68,14
DA:70,14
DA:71,7
DA:72,0
DA:74,14
DA:77,14
DA:82,10
DA:83,20
DA:84,31
DA:85,1
DA:89,0
DA:91,0
DA:95,11
DA:97,11
DA:98,11
DA:100,33
DA:101,39
DA:102,4
DA:103,4
DA:104,6
DA:105,6
DA:106,6
DA:107,2
DA:112,0
DA:114,0
DA:115,0
DA:120,0
DA:122,0
DA:123,0
DA:126,0
DA:132,0
DA:134,0
DA:135,0
DA:136,0
DA:137,0
DA:141,0
DA:142,0
DA:145,0
DA:147,0
DA:148,0
DA:150,0
DA:151,0
DA:155,0
DA:157,0
DA:158,0
LF:67
LH:38
end_of_record
SF:lib/src/core/llm_manager.dart
DA:43,12
DA:44,12
DA:46,36
DA:50,11
DA:51,22
DA:56,2
DA:57,4
DA:58,8
DA:62,2
DA:64,10
DA:65,4
DA:70,2
DA:72,10
DA:73,4
DA:79,6
DA:81,12
DA:82,6
DA:84,18
DA:93,2
DA:95,6
DA:96,4
DA:98,1
DA:107,2
DA:110,4
DA:112,6
DA:116,4
DA:117,6
DA:123,2
DA:125,6
DA:126,4
DA:128,1
DA:137,2
DA:140,4
DA:142,6
DA:146,4
DA:147,6
DA:153,4
DA:154,8
DA:156,4
DA:163,7
DA:164,3
DA:165,2
DA:172,4
DA:173,8
DA:175,4
DA:182,7
DA:183,3
DA:184,2
DA:191,1
DA:193,3
DA:196,1
DA:199,0
DA:209,2
DA:211,0
DA:222,1
DA:223,1
DA:224,2
DA:225,1
DA:227,0
DA:228,0
DA:229,0
DA:231,0
DA:233,0
DA:244,1
DA:245,4
DA:247,2
DA:248,1
DA:252,0
DA:254,0
DA:257,0
DA:260,0
DA:270,0
DA:272,0
DA:283,0
DA:284,0
DA:285,0
DA:286,0
DA:288,0
DA:289,0
DA:290,0
DA:292,0
DA:294,0
DA:305,0
DA:306,0
DA:308,0
DA:309,0
DA:313,2
DA:314,4
DA:316,2
DA:325,1
DA:326,1
DA:327,1
DA:329,1
DA:331,1
DA:338,1
DA:340,0
DA:341,0
DA:343,0
DA:345,0
DA:356,0
DA:358,0
DA:359,0
DA:360,0
DA:364,2
DA:366,2
DA:367,4
DA:370,2
DA:373,4
DA:374,2
DA:379,0
DA:381,0
DA:387,0
DA:388,0
DA:389,0
DA:391,0
DA:395,0
DA:398,0
DA:400,0
DA:401,0
DA:402,0
DA:408,2
DA:410,2
DA:411,4
DA:414,2
DA:417,4
DA:418,2
DA:423,0
DA:425,0
DA:431,0
DA:432,0
DA:433,0
DA:435,0
DA:439,0
DA:442,0
DA:444,0
DA:445,0
DA:446,0
DA:452,2
DA:454,4
DA:455,2
DA:458,2
DA:461,1
DA:472,1
DA:473,1
DA:474,0
DA:475,0
DA:476,0
DA:484,2
DA:486,0
DA:497,2
DA:498,2
DA:499,1
DA:501,0
DA:502,0
DA:503,0
DA:505,0
DA:507,0
DA:519,1
DA:521,2
DA:522,1
DA:525,1
DA:528,1
DA:539,0
DA:540,0
DA:541,0
DA:542,0
DA:543,0
DA:551,0
DA:553,0
DA:564,0
DA:565,0
DA:566,0
DA:568,0
DA:569,0
DA:570,0
DA:572,0
DA:574,0
DA:586,1
DA:587,2
DA:589,1
DA:598,2
DA:599,1
DA:603,1
DA:609,1
DA:610,3
DA:614,1
DA:615,2
DA:617,1
DA:626,2
DA:627,1
DA:631,1
DA:637,1
DA:638,3
DA:642,8
DA:643,16
DA:647,2
DA:648,2
DA:649,4
DA:653,2
DA:654,2
DA:655,4
DA:659,5
DA:660,15
DA:664,1
DA:665,1
DA:666,3
DA:667,3
DA:673,1
DA:674,1
DA:675,3
DA:676,3
DA:682,3
DA:683,3
DA:689,2
DA:691,0
DA:692,0
DA:693,0
DA:700,3
DA:701,3
DA:707,2
DA:709,0
DA:710,0
DA:711,0
DA:718,1
DA:719,1
DA:720,2
DA:721,0
DA:727,1
DA:728,1
DA:729,2
DA:730,0
DA:736,1
DA:737,3
DA:741,1
DA:742,3
DA:746,1
DA:747,2
DA:751,1
DA:752,2
DA:756,5
DA:757,15
DA:758,10
DA:764,17
DA:765,2
DA:769,17
DA:770,2
DA:774,5
DA:775,0
DA:777,0
DA:778,0
DA:779,0
DA:784,5
DA:785,0
DA:787,0
DA:788,0
DA:789,0
DA:795,10
DA:799,3
DA:800,9
DA:802,3
DA:804,3
DA:809,4
DA:811,2
DA:815,4
DA:816,2
DA:817,0
DA:821,4
DA:824,2
DA:828,3
DA:829,9
DA:831,3
DA:833,3
DA:838,4
DA:840,2
DA:844,4
DA:845,2
DA:846,0
DA:850,4
DA:853,2
DA:857,11
DA:858,22
DA:859,11
DA:862,35
DA:864,2
DA:866,0
DA:867,0
DA:872,22
DA:875,22
DA:876,22
DA:878,22
DA:880,11
DA:881,0
DA:884,0
DA:886,0
DA:895,3
DA:896,3
DA:897,6
DA:898,12
DA:899,4
DA:900,4
DA:901,4
DA:902,4
DA:903,2
DA:904,2
DA:906,6
DA:911,0
DA:920,0
DA:922,0
DA:935,0
DA:937,0
DA:941,0
DA:947,0
DA:948,0
DA:950,0
DA:952,0
DA:956,0
DA:962,0
DA:963,0
DA:965,0
DA:967,0
DA:975,0
DA:986,1
DA:987,1
LF:323
LH:204
end_of_record
SF:lib/src/core/scheduler.dart
DA:30,6
DA:33,9
DA:36,9
DA:39,1
DA:40,2
DA:44,1
DA:45,1
DA:46,5
DA:47,3
DA:48,4
DA:53,1
DA:54,3
DA:55,2
DA:59,1
DA:60,1
DA:61,2
DA:65,2
DA:68,1
DA:69,4
DA:70,1
DA:74,11
DA:75,22
DA:78,11
DA:79,2
DA:80,1
DA:83,11
DA:87,1
DA:88,1
DA:89,5
DA:91,4
DA:92,1
DA:93,1
DA:95,2
DA:96,4
DA:99,1
DA:100,0
DA:105,2
DA:106,0
DA:111,5
DA:113,3
DA:117,1
DA:123,1
DA:124,3
DA:127,1
DA:132,2
DA:135,1
DA:137,1
DA:141,2
DA:144,1
DA:145,2
DA:147,1
DA:150,3
DA:153,1
DA:154,0
DA:155,0
DA:159,2
DA:160,2
DA:161,3
DA:162,2
DA:163,2
DA:167,1
DA:170,3
DA:173,1
DA:174,0
DA:175,0
DA:179,2
DA:182,3
DA:185,2
DA:188,2
DA:193,1
DA:194,2
DA:198,0
DA:199,0
DA:203,0
DA:204,0
DA:208,0
DA:209,0
DA:213,0
DA:214,0
DA:218,0
DA:219,0
DA:221,0
DA:222,0
DA:227,0
DA:228,0
DA:230,0
DA:231,0
DA:236,0
DA:237,0
DA:239,0
DA:247,0
DA:249,0
DA:250,0
DA:251,0
DA:252,0
DA:253,0
DA:258,1
DA:259,2
DA:262,4
DA:263,0
DA:268,1
DA:269,1
DA:270,0
DA:272,3
DA:276,1
DA:277,1
DA:278,2
DA:279,2
DA:280,2
DA:281,2
DA:293,1
DA:300,1
DA:301,2
DA:302,1
DA:306,1
DA:307,2
DA:308,1
DA:309,1
DA:313,0
DA:314,0
DA:315,0
DA:316,0
DA:317,0
DA:318,0
DA:319,0
DA:320,0
LF:126
LH:85
end_of_record
SF:lib/src/platform/platform_services.dart
DA:43,3
DA:44,3
DA:46,6
DA:50,1
DA:53,0
DA:57,11
DA:58,11
DA:59,2
DA:63,22
DA:68,11
DA:71,11
DA:72,9
DA:76,11
DA:77,0
DA:78,0
DA:80,0
DA:81,0
DA:82,0
DA:84,0
DA:90,11
DA:91,1
DA:92,1
DA:94,0
DA:95,0
DA:96,0
DA:98,0
DA:104,11
DA:105,0
DA:106,0
DA:108,0
DA:109,0
DA:110,0
DA:112,0
DA:118,11
DA:119,10
DA:122,11
DA:123,22
DA:125,0
DA:126,0
DA:127,0
DA:133,11
DA:134,22
DA:138,22
DA:139,0
DA:143,22
DA:146,33
DA:147,22
DA:148,22
DA:151,0
DA:152,0
DA:158,9
DA:159,18
DA:162,27
DA:163,18
DA:166,27
DA:167,18
DA:171,0
DA:172,0
DA:178,0
DA:179,0
DA:182,0
DA:183,0
DA:184,0
DA:190,0
DA:191,0
DA:192,0
DA:193,0
DA:197,0
DA:198,0
DA:204,1
DA:205,2
DA:208,3
DA:209,1
DA:210,4
DA:215,0
DA:217,0
DA:223,0
DA:224,0
DA:227,0
DA:228,0
DA:229,0
DA:235,0
DA:236,0
DA:237,0
DA:238,0
DA:242,0
DA:243,0
DA:249,10
DA:250,20
DA:253,20
DA:254,20
DA:257,30
DA:258,20
DA:259,10
DA:260,20
DA:264,0
DA:265,0
DA:271,1
DA:272,1
DA:273,1
DA:276,2
DA:279,1
DA:280,1
DA:281,3
DA:288,0
DA:289,0
DA:293,0
DA:294,0
DA:301,1
DA:302,1
DA:303,1
DA:306,2
DA:309,1
DA:310,1
DA:311,3
DA:318,0
DA:319,0
DA:323,0
DA:324,0
DA:331,1
DA:337,1
DA:338,1
DA:341,3
DA:344,1
DA:345,1
DA:346,3
DA:359,0
DA:360,0
DA:364,0
DA:365,0
DA:377,1
DA:378,1
DA:379,1
DA:382,1
DA:383,0
DA:387,3
DA:388,1
DA:389,3
DA:396,2
DA:397,2
DA:398,1
DA:401,6
DA:404,2
DA:405,2
DA:406,6
DA:414,0
DA:415,0
DA:418,0
DA:419,0
DA:426,2
DA:427,2
DA:428,1
DA:431,6
DA:434,2
DA:435,2
DA:436,6
DA:443,0
DA:444,0
DA:447,0
DA:448,0
DA:455,1
DA:456,1
DA:457,1
DA:460,0
DA:461,0
DA:464,0
DA:465,0
DA:466,0
DA:473,1
DA:474,1
DA:475,1
DA:478,0
DA:479,0
DA:482,0
DA:483,0
DA:490,1
DA:491,1
DA:492,1
DA:495,1
DA:496,2
DA:500,0
DA:501,0
DA:502,0
DA:509,1
DA:510,1
DA:511,1
DA:514,1
DA:515,2
DA:519,0
DA:520,0
DA:521,0
DA:528,1
DA:529,1
DA:530,1
DA:533,1
DA:534,2
DA:538,0
DA:539,0
DA:540,0
DA:547,11
DA:548,11
DA:549,1
DA:552,11
DA:553,2
DA:557,20
DA:558,20
DA:562,11
DA:563,22
DA:566,33
DA:568,11
DA:570,0
DA:574,22
DA:575,11
DA:576,22
DA:580,0
DA:581,0
DA:584,0
DA:586,0
DA:588,0
DA:592,0
DA:596,6
DA:599,1
DA:600,1
DA:601,1
DA:603,2
DA:607,1
DA:608,1
DA:609,1
DA:611,2
DA:615,1
DA:616,1
DA:617,1
DA:619,2
LF:233
LH:136
end_of_record
SF:lib/src/utils/exceptions.dart
DA:24,39
DA:33,15
DA:43,16
DA:45,16
DA:47,16
DA:48,21
DA:51,48
DA:53,16
DA:54,15
DA:57,16
DA:58,21
DA:61,16
DA:67,2
DA:71,4
DA:73,1
DA:81,1
DA:82,1
DA:97,4
DA:102,4
DA:103,4
DA:105,9
DA:114,6
DA:118,12
DA:120,1
DA:128,1
DA:129,1
DA:147,3
DA:157,3
DA:158,5
DA:162,3
DA:163,2
DA:165,6
DA:166,0
DA:167,0
DA:168,0
DA:177,6
DA:181,12
DA:183,2
DA:191,2
DA:192,2
DA:210,15
DA:212,15
DA:214,6
DA:222,6
DA:228,7
DA:230,7
DA:232,7
DA:233,3
DA:236,21
DA:238,7
DA:239,18
DA:242,7
DA:243,3
DA:246,7
DA:255,5
DA:260,5
DA:262,2
DA:271,2
DA:273,10
DA:290,2
DA:299,2
DA:300,2
DA:303,2
DA:304,2
DA:305,0
DA:308,2
DA:309,4
DA:319,7
DA:324,14
DA:326,2
DA:335,2
DA:336,2
DA:340,8
DA:354,8
DA:358,8
DA:359,15
DA:361,5
DA:368,5
DA:369,6
DA:371,5
DA:372,5
DA:373,5
DA:374,1
DA:375,10
DA:387,10
DA:393,10
DA:394,10
DA:396,10
DA:402,5
DA:404,5
DA:406,5
DA:407,15
DA:410,15
DA:412,10
DA:413,10
DA:414,25
DA:415,5
DA:417,10
DA:420,5
DA:421,15
DA:424,5
DA:430,2
DA:436,2
DA:443,2
DA:453,4
DA:457,8
DA:459,1
DA:467,1
DA:468,1
DA:480,5
DA:484,10
DA:486,1
DA:494,1
DA:495,1
LF:114
LH:110
end_of_record
SF:lib/src/plugins/plugin_system.dart
DA:127,7
DA:129,7
DA:130,7
DA:131,7
DA:133,7
DA:134,21
DA:137,28
DA:140,21
DA:141,3
DA:142,1
DA:144,1
DA:149,6
DA:150,14
DA:154,7
DA:155,21
DA:158,14
DA:159,14
DA:162,21
DA:164,3
DA:165,1
DA:167,2
DA:175,5
DA:176,15
DA:182,15
DA:183,10
DA:184,10
DA:185,5
DA:191,3
DA:197,5
DA:199,3
DA:204,15
DA:205,10
DA:208,10
DA:211,10
DA:212,11
DA:213,1
DA:216,15
DA:220,7
DA:221,21
DA:222,32
DA:223,12
DA:230,2
DA:231,2
DA:233,6
DA:234,6
DA:235,2
DA:236,2
DA:245,4
DA:247,4
DA:250,2
DA:254,3
DA:255,6
DA:256,3
DA:260,3
DA:261,1
DA:263,2
DA:271,1
DA:273,1
DA:276,0
DA:280,1
DA:281,2
DA:282,1
DA:286,0
DA:287,0
DA:289,0
DA:297,3
DA:299,3
DA:302,2
DA:306,2
DA:307,4
DA:308,2
DA:312,3
DA:313,1
DA:315,2
DA:323,1
DA:331,1
DA:334,1
DA:338,1
DA:346,2
DA:347,1
DA:348,1
DA:350,2
DA:358,1
DA:359,1
DA:362,1
DA:366,1
DA:368,3
DA:369,1
DA:371,2
DA:379,1
DA:380,1
DA:383,1
DA:387,1
DA:389,3
DA:390,1
DA:392,2
DA:400,1
DA:401,1
DA:404,1
DA:408,1
DA:410,2
DA:411,1
DA:412,1
DA:414,2
DA:422,1
DA:423,1
DA:426,1
DA:430,1
DA:432,2
DA:433,1
DA:434,1
DA:436,2
DA:444,1
DA:445,2
DA:449,3
DA:453,1
DA:454,2
DA:455,3
DA:458,3
DA:459,3
DA:464,1
DA:465,3
DA:469,1
DA:470,2
DA:471,4
DA:472,3
DA:473,1
DA:477,2
DA:478,4
DA:480,2
DA:483,6
DA:486,6
DA:487,2
DA:488,2
DA:495,2
DA:497,3
DA:498,1
DA:504,4
DA:505,4
DA:506,4
DA:507,4
DA:509,2
DA:510,1
DA:511,1
DA:516,2
DA:517,2
DA:519,6
DA:520,4
DA:527,5
DA:528,5
DA:532,1
DA:533,2
DA:537,1
DA:541,3
DA:542,1
DA:543,1
DA:549,2
DA:553,2
DA:557,1
DA:558,1
DA:559,3
DA:561,0
DA:562,0
DA:571,7
DA:572,7
DA:574,6
DA:576,5
DA:578,4
DA:580,4
DA:582,4
DA:596,0
DA:598,0
DA:599,0
DA:601,0
DA:602,0
DA:604,0
DA:605,0
DA:607,0
DA:609,0
DA:611,0
DA:612,0
DA:614,0
DA:616,0
DA:617,0
DA:620,0
DA:622,0
DA:623,0
DA:624,0
DA:625,0
DA:626,0
DA:630,0
DA:631,0
DA:633,0
DA:634,0
DA:637,0
DA:640,0
DA:641,0
DA:642,0
DA:646,0
DA:654,0
DA:656,0
DA:657,0
DA:659,0
DA:660,0
DA:662,0
DA:663,0
DA:665,0
DA:667,0
DA:669,0
DA:670,0
DA:672,0
DA:675,0
DA:676,0
DA:677,0
DA:678,0
DA:679,0
DA:683,0
DA:685,0
DA:686,0
DA:687,0
DA:688,0
DA:689,0
DA:690,0
DA:699,0
DA:701,0
DA:702,0
DA:704,0
DA:705,0
DA:707,0
DA:708,0
DA:710,0
DA:712,0
DA:714,0
DA:715,0
DA:717,0
DA:719,0
DA:720,0
DA:721,0
DA:722,0
DA:726,0
DA:728,0
DA:729,0
DA:730,0
DA:731,0
DA:732,0
DA:733,0
DA:734,0
DA:735,0
DA:736,0
DA:737,0
DA:739,0
LF:251
LH:164
end_of_record
SF:lib/src/plugins/enhanced_plugin_system.dart
DA:19,5
DA:25,0
DA:27,5
DA:28,7
DA:31,7
DA:37,1
DA:38,2
DA:39,3
DA:52,1
DA:69,0
DA:74,0
DA:85,15
DA:102,5
DA:105,5
DA:108,5
DA:111,10
DA:112,1
DA:114,4
DA:119,5
DA:120,5
DA:124,3
DA:125,2
DA:126,2
DA:129,1
DA:130,2
DA:131,1
DA:132,1
DA:134,2
DA:139,10
DA:142,5
DA:145,15
DA:147,10
DA:150,5
DA:151,10
DA:153,13
DA:158,3
DA:161,6
DA:162,0
DA:163,0
DA:167,6
DA:168,0
DA:169,0
DA:173,6
DA:174,6
DA:177,3
DA:180,9
DA:188,4
DA:193,8
DA:196,3
DA:208,1
DA:210,2
DA:211,1
DA:212,1
DA:213,1
DA:215,3
DA:220,2
DA:225,0
DA:228,3
DA:231,3
DA:233,6
DA:234,3
DA:238,0
DA:241,0
DA:243,0
DA:244,0
DA:248,2
DA:254,2
DA:256,4
DA:257,2
DA:266,5
DA:267,11
DA:268,1
DA:269,1
DA:272,3
DA:273,1
DA:274,2
DA:275,1
DA:276,1
DA:277,6
DA:289,1
DA:290,1
DA:293,3
DA:294,4
DA:295,1
DA:296,1
DA:298,2
DA:300,2
DA:301,2
DA:303,1
DA:305,2
DA:315,2
DA:316,4
DA:320,0
DA:321,0
DA:325,1
DA:326,2
DA:330,0
DA:334,0
DA:335,0
DA:339,0
DA:342,0
DA:343,0
DA:344,0
DA:347,0
DA:348,0
DA:349,0
DA:351,0
DA:354,0
DA:358,5
DA:360,5
DA:364,5
DA:367,0
DA:368,0
DA:369,0
DA:374,5
DA:378,3
DA:380,2
DA:382,0
DA:383,0
DA:387,3
DA:389,2
DA:391,0
DA:392,0
DA:397,6
DA:398,1
DA:399,2
DA:401,2
DA:402,3
DA:404,0
DA:405,0
DA:411,5
DA:412,5
DA:421,1
DA:422,1
DA:426,1
DA:428,1
DA:429,2
DA:432,1
DA:434,1
DA:435,1
DA:436,0
DA:438,1
DA:439,0
DA:441,1
DA:442,1
DA:446,0
DA:457,1
DA:464,0
DA:466,0
DA:475,0
DA:484,0
DA:485,0
DA:486,0
DA:487,0
DA:488,0
DA:496,0
LF:156
LH:109
end_of_record
SF:lib/src/utils/resource_manager.dart
DA:12,1
DA:50,34
DA:52,17
DA:61,15
DA:69,45
DA:72,30
DA:73,0
DA:74,0
DA:75,0
DA:76,0
DA:80,0
DA:83,45
DA:92,60
DA:95,2
DA:96,4
DA:97,2
DA:101,30
DA:105,0
DA:112,0
DA:115,0
DA:123,11
DA:130,11
DA:133,22
DA:141,1
DA:142,2
DA:146,2
DA:147,2
DA:148,1
DA:155,2
DA:156,4
DA:160,5
DA:161,10
DA:162,0
DA:166,10
DA:167,0
DA:172,5
DA:173,0
DA:174,0
DA:179,20
DA:182,20
DA:184,15
DA:188,0
DA:190,0
DA:191,0
DA:192,0
DA:193,0
DA:198,0
DA:199,0
DA:200,0
DA:201,0
DA:207,15
DA:209,30
DA:210,15
DA:211,10
DA:212,10
DA:213,15
DA:214,15
DA:215,10
DA:219,10
DA:223,30
DA:224,0
DA:225,0
DA:226,0
DA:227,0
DA:228,0
DA:229,0
DA:233,0
DA:237,45
DA:238,15
DA:242,60
DA:246,5
DA:248,5
DA:252,14
DA:254,28
DA:255,6
DA:260,28
DA:261,8
DA:262,2
DA:272,8
DA:273,16
DA:274,3
DA:278,24
DA:282,31
DA:283,10
DA:284,20
DA:287,20
DA:288,5
DA:293,24
DA:296,8
DA:299,16
DA:301,16
DA:303,0
DA:304,0
DA:305,0
DA:306,0
DA:314,12
DA:315,24
DA:317,12
DA:321,36
DA:322,34
DA:325,24
DA:326,24
DA:329,36
DA:332,24
DA:334,12
DA:336,12
DA:342,24
DA:343,24
DA:346,36
DA:347,24
DA:349,0
DA:350,0
DA:351,0
DA:353,24
DA:356,12
DA:362,24
DA:363,24
DA:364,24
DA:365,24
DA:367,0
DA:368,0
DA:371,12
DA:372,0
DA:377,0
DA:380,12
DA:385,1
DA:393,1
DA:404,1
DA:405,3
DA:407,2
DA:408,5
DA:409,3
DA:410,1
DA:412,1
DA:414,2
DA:416,1
DA:418,0
DA:419,0
DA:420,0
DA:424,1
DA:425,0
DA:426,0
DA:431,1
DA:432,2
DA:433,5
DA:434,3
DA:435,1
DA:439,1
DA:440,2
DA:441,0
DA:444,1
DA:447,1
DA:450,2
DA:451,3
DA:457,0
DA:458,0
DA:459,0
DA:460,0
DA:465,0
DA:466,0
DA:470,1
DA:471,2
DA:472,1
DA:476,1
DA:477,1
DA:478,1
DA:479,1
DA:480,2
DA:481,1
DA:483,2
DA:484,1
DA:485,2
DA:486,0
DA:487,0
DA:489,1
DA:494,1
DA:495,1
DA:497,2
DA:498,0
DA:499,0
DA:506,0
DA:507,0
DA:508,0
DA:509,0
DA:510,0
DA:511,0
DA:512,0
DA:525,15
DA:533,15
DA:534,15
DA:536,45
DA:537,15
LF:192
LH:130
end_of_record
SF:lib/src/performance/enhanced_performance_monitor.dart
DA:18,3
DA:36,2
DA:53,2
DA:73,2
DA:78,2
DA:79,4
DA:81,8
DA:82,0
DA:85,10
DA:89,1
DA:91,4
DA:95,5
DA:96,2
DA:99,1
DA:100,2
DA:102,8
DA:105,10
DA:106,2
DA:108,2
DA:111,2
DA:112,4
DA:113,2
DA:114,2
DA:125,3
DA:129,12
DA:130,0
DA:134,3
DA:135,3
DA:137,0
DA:140,6
DA:143,12
DA:144,18
DA:145,0
DA:149,6
DA:150,0
DA:151,0
DA:156,3
DA:157,6
DA:159,15
DA:161,6
DA:162,3
DA:163,15
DA:165,1
DA:166,0
DA:168,1
DA:169,0
DA:171,1
DA:172,1
DA:174,0
DA:175,0
DA:176,0
DA:177,0
DA:178,0
DA:180,0
DA:183,0
DA:185,0
DA:186,0
DA:187,0
DA:191,2
DA:192,4
DA:193,0
DA:196,10
DA:197,2
DA:199,6
DA:200,4
DA:204,16
DA:205,2
DA:206,2
DA:208,2
DA:209,2
DA:212,2
DA:213,2
DA:214,6
DA:216,8
DA:217,8
DA:218,8
DA:219,8
DA:223,3
DA:224,6
DA:227,3
DA:228,3
DA:229,3
DA:264,3
DA:265,3
DA:269,3
DA:272,3
DA:276,6
DA:277,9
DA:282,9
DA:286,2
DA:290,4
DA:291,6
DA:293,6
DA:297,2
DA:302,2
DA:305,1
DA:308,2
DA:310,4
DA:311,2
DA:315,1
DA:316,1
DA:317,1
DA:319,2
DA:323,3
DA:325,6
DA:328,9
DA:330,9
DA:334,18
DA:335,15
DA:338,3
DA:339,2
DA:343,9
DA:344,2
DA:349,3
DA:350,9
DA:354,3
DA:356,8
DA:362,2
DA:363,2
DA:364,5
DA:365,1
DA:367,3
DA:368,2
DA:372,8
DA:373,1
DA:374,1
DA:376,1
DA:377,1
DA:381,1
DA:382,1
DA:383,3
DA:389,2
DA:392,1
DA:393,2
DA:394,2
DA:395,1
DA:396,1
DA:397,1
DA:398,1
DA:399,1
DA:404,2
DA:405,1
DA:406,2
DA:407,0
DA:408,0
DA:414,1
DA:415,2
DA:416,0
DA:423,2
DA:424,2
DA:426,6
DA:427,4
DA:429,4
DA:437,0
DA:438,0
DA:439,0
DA:443,0
DA:444,0
DA:445,0
DA:447,0
DA:451,2
DA:453,4
DA:454,2
DA:455,4
DA:458,4
DA:459,2
DA:460,3
DA:463,3
DA:464,2
DA:465,1
DA:467,1
DA:473,2
DA:474,6
DA:477,6
DA:481,8
DA:482,2
DA:483,2
DA:484,2
DA:485,2
DA:487,2
DA:489,2
DA:490,6
DA:491,2
DA:492,2
DA:493,2
DA:494,2
DA:496,2
DA:501,2
DA:504,2
DA:506,0
DA:508,0
DA:510,0
DA:511,0
DA:514,4
DA:517,1
DA:522,2
DA:523,2
DA:525,6
DA:526,0
DA:531,3
DA:532,5
DA:533,3
DA:537,0
DA:544,0
DA:548,2
DA:550,4
DA:553,4
DA:554,4
DA:557,2
DA:558,4
DA:559,0
DA:560,0
DA:561,0
DA:564,2
DA:567,2
DA:568,6
DA:569,4
DA:571,0
DA:574,2
DA:577,2
DA:578,4
DA:579,0
DA:580,0
DA:581,0
DA:583,0
DA:587,2
DA:593,3
DA:595,6
DA:598,9
DA:599,3
DA:601,6
DA:604,8
DA:605,2
DA:607,6
DA:609,6
DA:610,6
DA:614,3
DA:615,3
DA:616,3
DA:617,6
DA:626,3
DA:637,2
DA:638,4
DA:640,6
DA:641,0
DA:645,1
DA:646,2
DA:649,0
DA:651,0
DA:653,0
DA:654,0
DA:656,0
DA:657,0
DA:659,0
DA:661,0
DA:663,0
DA:665,0
DA:666,0
DA:668,0
DA:669,0
DA:670,0
DA:671,0
DA:672,0
DA:673,0
DA:674,0
DA:689,3
DA:691,3
DA:692,9
DA:694,3
DA:698,6
DA:699,18
DA:700,0
DA:704,9
DA:705,0
DA:709,2
DA:710,6
DA:712,10
DA:713,2
DA:714,10
DA:715,2
DA:718,2
DA:719,6
DA:720,6
DA:721,10
DA:722,6
DA:723,12
DA:725,14
DA:730,4
DA:732,2
DA:740,2
DA:742,2
DA:743,2
DA:746,2
DA:760,2
DA:768,0
DA:769,0
DA:770,0
DA:771,0
DA:772,0
DA:773,0
LF:300
LH:229
end_of_record
SF:lib/src/utils/object_pool.dart
DA:18,12
DA:27,24
DA:28,48
DA:29,24
DA:34,9
DA:36,18
DA:38,4
DA:39,4
DA:42,18
DA:45,18
DA:50,9
DA:51,18
DA:55,18
DA:56,18
DA:59,36
DA:60,18
DA:65,1
DA:66,2
DA:70,1
DA:71,3
DA:73,3
DA:74,3
DA:75,2
DA:81,3
DA:84,3
DA:87,2
LF:26
LH:26
end_of_record
SF:lib/src/utils/circuit_breaker.dart
DA:35,21
DA:43,21
DA:47,8
DA:49,8
DA:53,6
DA:55,6
DA:59,8
DA:61,24
DA:62,16
DA:63,6
DA:64,30
DA:65,15
DA:68,6
DA:69,6
DA:75,8
DA:76,7
DA:79,8
DA:85,1
DA:86,3
DA:87,2
DA:88,1
DA:89,5
DA:90,3
DA:93,1
DA:94,1
DA:101,7
DA:102,21
DA:103,14
DA:105,5
DA:106,12
DA:107,12
DA:110,18
DA:111,6
DA:112,6
DA:113,10
DA:120,8
DA:121,24
DA:122,16
DA:123,16
DA:126,24
DA:127,6
DA:128,12
DA:129,10
DA:131,6
DA:133,2
DA:134,4
DA:135,2
DA:141,2
DA:142,6
DA:143,2
DA:144,2
DA:145,2
DA:146,2
DA:151,1
DA:152,3
DA:153,1
DA:154,2
DA:155,3
DA:160,1
DA:161,3
DA:162,1
DA:163,1
DA:164,3
DA:173,6
DA:175,1
DA:176,2
LF:66
LH:66
end_of_record
SF:lib/src/utils/semantic_cache.dart
DA:12,1
DA:17,1
DA:20,1
DA:21,4
DA:45,2
DA:53,1
DA:55,2
DA:56,2
DA:59,2
DA:60,2
DA:65,2
DA:66,1
DA:70,3
DA:73,2
DA:77,1
DA:79,2
DA:80,1
DA:82,2
DA:85,2
DA:86,1
DA:94,2
DA:95,1
DA:104,2
DA:109,1
DA:111,1
DA:117,2
DA:120,4
DA:122,5
DA:126,1
DA:128,2
DA:129,1
DA:135,2
DA:138,4
DA:139,2
DA:149,1
DA:153,1
DA:154,3
DA:155,3
DA:156,2
DA:159,2
DA:160,2
DA:161,1
DA:165,3
DA:166,2
DA:167,1
DA:175,1
DA:176,2
DA:179,5
DA:180,5
DA:183,3
DA:184,5
DA:188,3
DA:189,0
DA:194,1
DA:195,2
DA:196,2
DA:200,1
DA:201,3
DA:202,1
DA:209,3
DA:210,4
DA:211,4
DA:212,4
DA:215,1
DA:216,1
DA:218,2
DA:220,2
DA:224,3
DA:227,1
DA:228,3
DA:229,1
DA:230,2
LF:72
LH:71
end_of_record
SF:lib/src/core/dependency_injection.dart
DA:10,1
DA:12,1
DA:15,1
DA:16,3
DA:17,3
DA:18,3
DA:20,1
DA:21,5
DA:23,1
DA:24,3
DA:30,33
DA:33,22
DA:35,11
DA:47,11
DA:48,11
DA:49,33
DA:50,33
DA:54,1
DA:55,1
DA:56,3
DA:57,3
DA:61,11
DA:62,11
DA:63,33
DA:64,22
DA:68,1
DA:69,1
DA:72,2
DA:73,2
DA:77,2
DA:79,1
DA:81,2
DA:82,2
DA:86,2
DA:90,1
DA:91,2
DA:95,1
DA:96,1
DA:97,4
DA:101,1
DA:102,1
DA:103,2
DA:104,2
DA:108,1
DA:109,2
DA:110,2
DA:114,11
DA:116,1
DA:127,11
DA:135,30
DA:138,10
DA:139,20
DA:143,0
DA:144,0
DA:148,10
DA:149,20
DA:153,0
DA:154,0
DA:158,0
DA:159,0
DA:165,0
DA:166,0
DA:168,0
DA:169,0
LF:64
LH:54
end_of_record
SF:lib/src/security/oauth_manager.dart
DA:25,3
DA:47,3
DA:55,12
DA:57,6
DA:58,3
DA:59,3
DA:60,6
DA:61,3
DA:62,3
DA:65,3
DA:66,3
DA:67,3
DA:68,3
DA:69,6
DA:70,3
DA:71,7
DA:83,0
DA:90,0
DA:107,1
DA:109,1
DA:115,12
DA:123,12
DA:125,12
DA:129,24
DA:130,0
DA:136,12
DA:143,1
DA:149,3
DA:154,1
DA:156,2
DA:157,2
DA:160,1
DA:161,0
DA:162,0
DA:163,0
DA:166,0
DA:167,0
DA:168,0
DA:177,2
DA:179,4
DA:180,0
DA:181,0
DA:185,0
DA:187,0
DA:188,0
DA:190,0
DA:191,0
DA:196,2
DA:200,2
DA:201,4
DA:203,4
DA:207,0
DA:210,0
DA:214,0
DA:215,0
DA:216,0
DA:220,0
DA:221,0
DA:222,0
DA:223,0
DA:224,0
DA:225,0
DA:226,0
DA:227,0
DA:228,0
DA:229,0
DA:230,0
DA:234,0
DA:237,0
DA:238,0
DA:241,0
DA:247,0
DA:249,0
DA:253,0
DA:256,0
DA:260,0
DA:261,0
DA:262,0
DA:263,0
DA:264,0
DA:269,0
DA:276,0
DA:277,0
DA:279,0
DA:280,0
DA:282,0
DA:283,0
DA:292,0
DA:297,0
DA:300,0
DA:301,0
DA:302,0
DA:303,0
DA:304,0
DA:305,0
DA:306,0
DA:309,0
DA:310,0
DA:311,0
DA:312,0
DA:314,0
DA:315,0
DA:316,0
DA:317,0
DA:318,0
DA:320,0
DA:321,0
DA:323,0
DA:324,0
DA:325,0
DA:328,0
DA:330,0
DA:331,0
DA:332,0
DA:333,0
DA:334,0
DA:336,0
DA:337,0
DA:340,0
DA:341,0
DA:350,0
DA:351,0
DA:353,0
DA:357,0
DA:359,0
DA:362,0
DA:363,0
DA:366,0
DA:367,0
DA:368,0
DA:369,0
DA:371,0
DA:372,0
DA:373,0
DA:374,0
DA:375,0
DA:377,0
DA:378,0
DA:380,0
DA:381,0
DA:382,0
DA:385,0
DA:387,0
DA:388,0
DA:389,0
DA:390,0
DA:391,0
DA:393,0
DA:394,0
DA:398,0
DA:399,0
DA:401,0
DA:404,0
DA:405,0
DA:414,0
DA:416,0
DA:417,0
DA:418,0
DA:421,0
DA:426,1
DA:429,3
DA:431,0
DA:432,0
DA:435,0
DA:441,1
DA:442,2
DA:443,0
DA:444,1
DA:448,0
DA:449,0
DA:451,0
DA:455,2
DA:457,4
DA:458,4
DA:460,0
DA:463,0
DA:464,0
DA:465,0
DA:467,0
DA:468,0
DA:469,0
DA:470,0
DA:473,0
DA:474,0
DA:475,0
DA:476,0
DA:477,0
DA:479,0
DA:480,0
DA:482,0
DA:487,4
DA:488,6
DA:490,6
DA:492,0
DA:497,1
DA:498,1
DA:499,0
DA:500,0
DA:505,2
DA:506,4
DA:507,0
DA:511,1
DA:512,2
DA:513,0
DA:518,0
DA:520,0
DA:521,0
DA:522,0
DA:524,0
DA:526,0
DA:527,0
DA:528,0
DA:531,0
DA:538,1
DA:539,2
DA:540,2
DA:541,2
DA:545,0
DA:546,0
DA:548,0
DA:549,0
DA:550,0
DA:551,0
DA:552,0
DA:557,0
DA:558,0
DA:561,0
DA:562,0
DA:567,0
DA:570,0
DA:571,0
DA:572,0
DA:576,0
DA:579,0
DA:580,0
DA:581,0
DA:582,0
DA:586,0
DA:587,0
DA:588,0
DA:589,0
DA:593,10
DA:594,20
DA:595,20
DA:596,20
DA:597,20
DA:598,20
LF:247
LH:62
end_of_record
SF:lib/src/security/credential_manager.dart
DA:18,0
DA:20,0
DA:26,13
DA:32,13
DA:33,13
DA:39,13
DA:42,13
DA:43,26
DA:44,26
DA:48,1
DA:50,2
DA:53,1
DA:56,1
DA:58,2
DA:59,1
DA:63,1
DA:64,2
DA:66,0
DA:67,0
DA:72,2
DA:73,4
DA:76,2
DA:77,4
DA:80,4
DA:84,1
DA:85,1
DA:87,0
DA:88,0
DA:93,1
DA:94,2
DA:97,1
DA:98,2
DA:101,0
DA:105,1
DA:107,0
DA:108,0
DA:109,0
DA:115,3
DA:116,9
DA:119,3
DA:120,6
DA:122,0
DA:123,0
DA:128,1
DA:130,1
DA:131,2
DA:133,0
DA:134,0
DA:135,0
DA:141,1
DA:144,2
DA:148,3
DA:149,4
DA:150,1
DA:152,4
DA:155,0
DA:156,0
DA:162,0
DA:163,0
DA:166,0
DA:167,0
DA:168,0
DA:171,0
DA:172,0
DA:178,3
DA:179,3
DA:185,0
DA:187,0
LF:68
LH:42
end_of_record
SF:lib/src/security/security_audit.dart
DA:35,4
DA:49,3
DA:50,4
DA:52,6
DA:53,3
DA:54,6
DA:55,3
DA:56,3
DA:57,3
DA:58,3
DA:59,3
DA:60,3
DA:61,3
DA:62,6
DA:63,3
DA:64,3
DA:65,3
DA:68,1
DA:69,1
DA:70,1
DA:71,2
DA:72,1
DA:73,1
DA:74,1
DA:75,1
DA:76,1
DA:77,1
DA:78,3
DA:79,2
DA:80,1
DA:81,1
DA:82,1
DA:99,13
DA:111,13
DA:143,13
DA:144,13
DA:148,13
DA:151,12
DA:153,11
DA:157,12
DA:159,24
DA:163,2
DA:164,2
DA:165,4
DA:168,4
DA:169,2
DA:174,2
DA:175,2
DA:176,4
DA:177,4
DA:183,4
DA:185,8
DA:188,4
DA:189,18
DA:193,8
DA:194,6
DA:196,3
DA:197,6
DA:198,3
DA:199,9
DA:200,3
DA:201,3
DA:206,4
DA:209,4
DA:210,6
DA:213,16
DA:217,3
DA:219,3
DA:220,3
DA:226,3
DA:229,3
DA:233,6
DA:234,6
DA:238,10
DA:241,10
DA:242,12
DA:244,4
DA:245,2
DA:263,3
DA:264,6
DA:267,4
DA:269,0
DA:270,0
DA:278,2
DA:280,6
DA:281,8
DA:283,2
DA:286,2
DA:287,10
DA:289,4
DA:290,2
DA:297,2
DA:304,2
DA:305,6
DA:306,6
DA:307,4
DA:310,4
DA:311,2
DA:322,2
DA:325,6
DA:326,4
DA:327,2
DA:335,2
DA:341,4
DA:342,2
DA:348,1
DA:355,2
DA:356,4
DA:358,1
DA:362,1
DA:366,2
DA:367,2
DA:368,4
DA:369,4
DA:370,2
DA:375,3
DA:376,6
DA:377,2
DA:378,3
DA:380,2
DA:384,2
DA:385,3
DA:386,5
DA:388,4
DA:392,3
DA:393,3
DA:394,6
DA:395,6
DA:398,18
DA:400,18
DA:402,3
DA:403,3
DA:404,6
DA:405,3
DA:406,3
DA:408,3
DA:409,12
DA:410,3
DA:412,15
DA:413,6
DA:414,6
DA:415,6
DA:416,6
DA:417,24
DA:418,3
DA:419,3
DA:420,3
DA:425,4
DA:427,20
DA:428,2
DA:430,1
DA:432,1
DA:435,3
DA:436,1
DA:441,8
DA:442,3
DA:443,2
DA:444,6
DA:445,4
DA:446,4
DA:447,2
DA:448,10
DA:449,2
DA:452,2
DA:453,4
DA:454,2
DA:456,2
DA:468,3
DA:469,9
DA:473,3
DA:475,3
DA:476,2
DA:477,2
DA:480,6
DA:481,2
DA:482,2
DA:485,6
DA:486,8
DA:487,2
DA:492,12
DA:493,9
DA:495,3
DA:496,12
DA:498,9
DA:501,15
DA:502,3
DA:507,3
DA:508,15
DA:510,15
DA:512,15
DA:514,9
DA:521,3
DA:522,12
DA:523,12
DA:524,12
DA:529,3
DA:530,3
DA:531,6
DA:532,21
DA:538,3
DA:539,9
DA:540,21
DA:543,3
DA:544,9
DA:545,3
DA:546,6
DA:547,9
DA:548,6
DA:550,3
DA:554,12
DA:555,24
DA:556,0
DA:557,0
DA:562,0
DA:563,0
DA:565,0
DA:567,0
DA:568,0
DA:572,0
DA:576,0
DA:577,0
DA:578,0
DA:582,4
DA:583,4
DA:584,8
DA:588,2
DA:589,2
DA:590,4
DA:594,3
DA:595,6
DA:596,6
DA:597,6
DA:598,6
DA:599,6
DA:600,6
DA:611,3
DA:616,3
LF:237
LH:224
end_of_record
SF:lib/src/security/encryption_manager.dart
DA:36,3
DA:45,3
DA:46,0
DA:48,4
DA:49,4
DA:50,2
DA:51,2
DA:52,4
DA:53,4
DA:54,2
DA:55,4
DA:56,2
DA:59,1
DA:60,1
DA:62,2
DA:63,1
DA:64,0
DA:66,1
DA:67,2
DA:68,2
DA:69,1
DA:70,2
DA:71,2
DA:81,3
DA:87,4
DA:88,4
DA:89,4
DA:90,2
DA:93,2
DA:94,2
DA:95,1
DA:96,1
DA:97,1
DA:110,3
DA:117,3
DA:118,0
DA:120,12
DA:122,2
DA:123,1
DA:124,2
DA:125,2
DA:126,2
DA:127,1
DA:128,2
DA:150,12
DA:151,12
DA:155,12
DA:158,11
DA:163,11
DA:164,10
DA:165,10
DA:167,22
DA:171,3
DA:177,3
DA:178,3
DA:180,6
DA:181,1
DA:182,2
DA:185,6
DA:186,4
DA:188,3
DA:193,3
DA:196,6
DA:199,4
DA:203,9
DA:204,6
DA:209,3
DA:211,3
DA:214,2
DA:218,6
DA:219,6
DA:224,1
DA:231,2
DA:232,1
DA:234,1
DA:235,0
DA:236,0
DA:239,1
DA:240,0
DA:242,1
DA:247,1
DA:250,2
DA:253,2
DA:257,3
DA:258,2
DA:263,1
DA:265,1
DA:271,2
DA:272,2
DA:277,3
DA:282,3
DA:283,6
DA:286,2
DA:289,3
DA:290,2
DA:294,3
DA:295,3
DA:296,3
DA:299,6
DA:301,3
DA:302,3
DA:306,3
DA:310,3
DA:311,3
DA:315,9
DA:316,6
DA:321,3
DA:323,6
DA:324,3
DA:329,3
DA:335,0
DA:336,0
DA:341,0
DA:345,0
DA:346,0
DA:351,2
DA:352,4
DA:353,4
DA:356,0
DA:359,2
DA:360,2
DA:365,4
DA:366,4
DA:367,4
DA:368,2
DA:374,2
DA:375,8
DA:376,2
DA:379,6
DA:380,4
DA:385,2
DA:387,4
DA:388,2
DA:394,6
DA:395,4
DA:400,2
DA:404,6
DA:405,2
DA:410,1
DA:411,1
DA:412,2
DA:415,0
DA:419,1
DA:420,1
DA:425,3
DA:426,2
DA:427,3
DA:432,1
DA:433,1
DA:434,1
DA:435,1
DA:436,1
DA:437,1
DA:438,1
DA:440,2
DA:443,3
DA:444,2
DA:449,1
DA:452,2
DA:456,3
DA:461,1
DA:462,1
DA:463,2
DA:469,1
DA:470,1
DA:471,1
DA:474,2
DA:477,2
DA:480,3
DA:481,2
DA:486,1
DA:488,2
DA:493,3
[...]
DA:499,2
DA:503,1
DA:504,2
DA:506,0
DA:507,0
DA:509,0
DA:510,0
DA:512,0
DA:513,0
DA:514,0
DA:518,0
DA:522,1
DA:524,2
DA:526,2
DA:531,1
DA:534,1
DA:537,0
DA:538,1
DA:540,0
DA:541,1
DA:544,0
DA:550,1
DA:553,1
DA:558,1
DA:559,1
DA:560,1
DA:561,1
DA:562,1
DA:563,2
DA:564,2
DA:565,2
DA:566,1
DA:567,2
DA:568,1
DA:569,0
DA:570,0
DA:571,0
DA:572,0
DA:573,0
DA:574,0
DA:576,1
DA:581,1
DA:582,4
DA:583,2
DA:584,1
DA:589,0
DA:590,0
DA:591,0
DA:592,0
DA:593,0
DA:594,0
DA:595,0
DA:596,0
DA:601,0
DA:602,0
DA:603,0
DA:604,0
DA:605,0
DA:612,1
DA:613,1
DA:614,1
DA:615,1
DA:616,1
DA:617,1
DA:618,1
DA:619,1
DA:620,1
DA:621,1
DA:622,1
DA:623,1
DA:625,1
DA:632,2
DA:634,1
DA:639,1
DA:645,1
DA:653,2
DA:655,1
DA:660,1
DA:666,1
DA:674,2
DA:676,1
DA:681,1
DA:687,1
DA:695,2
DA:697,1
DA:702,1
DA:708,1
LF:263
LH:152
end_of_record
SF:lib/src/platform/background/background_service.dart
DA:20,1
DA:23,1
DA:26,1
DA:31,1
LF:4
LH:4
end_of_record
SF:lib/src/platform/background/desktop_background.dart
DA:36,2
DA:37,2
DA:39,3
DA:41,6
DA:42,4
DA:43,3
DA:44,3
DA:47,9
DA:48,0
DA:49,0
DA:50,0
DA:53,0
DA:54,0
DA:59,6
DA:60,6
DA:64,9
DA:66,3
DA:70,3
DA:76,3
DA:77,3
DA:78,3
DA:79,3
DA:81,6
DA:82,6
DA:83,6
DA:87,0
DA:88,0
DA:89,0
DA:91,0
DA:94,0
DA:95,0
DA:96,0
DA:97,0
DA:98,0
DA:99,0
DA:100,0
DA:101,0
DA:103,0
DA:104,0
DA:105,0
DA:106,0
DA:109,0
DA:110,0
DA:113,0
DA:114,0
DA:115,0
DA:119,0
DA:120,0
DA:121,0
DA:122,0
DA:123,0
DA:125,0
DA:128,0
DA:129,0
DA:133,0
DA:137,2
DA:139,2
DA:140,2
DA:144,4
DA:148,2
DA:149,2
DA:151,2
DA:153,4
DA:154,2
DA:157,5
DA:158,2
DA:159,1
DA:164,6
DA:167,2
DA:175,8
DA:176,2
DA:178,2
DA:183,2
DA:185,2
DA:186,2
DA:190,4
DA:193,2
DA:195,4
DA:196,2
DA:197,2
DA:200,6
DA:202,2
DA:203,2
DA:206,4
DA:207,4
DA:210,2
DA:216,2
DA:217,2
DA:218,4
DA:222,1
DA:223,2
DA:226,1
DA:227,2
DA:230,2
DA:233,1
DA:234,2
DA:237,0
DA:240,2
DA:241,1
DA:244,3
DA:245,1
DA:246,1
DA:249,3
DA:251,1
DA:253,4
DA:256,0
DA:257,0
DA:258,0
DA:263,0
DA:264,0
DA:267,0
DA:269,0
DA:270,0
DA:274,0
DA:275,0
DA:276,0
DA:277,0
DA:283,0
DA:285,0
DA:286,0
DA:288,0
DA:289,0
DA:290,0
DA:291,0
DA:302,1
DA:305,2
DA:307,1
DA:311,2
DA:314,1
DA:315,0
DA:316,0
DA:317,0
DA:321,1
DA:322,3
DA:324,0
DA:328,1
DA:330,2
DA:334,2
DA:336,0
DA:343,1
DA:344,1
DA:347,1
DA:348,0
DA:349,0
DA:350,0
DA:351,0
DA:356,1
DA:357,1
DA:359,1
DA:360,1
DA:361,1
DA:362,1
DA:363,2
DA:367,1
DA:368,2
DA:369,2
DA:370,2
LF:157
LH:93
end_of_record
SF:lib/src/platform/background/ios_background.dart
DA:31,1
DA:32,1
DA:34,3
DA:36,6
DA:37,4
DA:40,9
DA:42,6
DA:46,9
DA:47,0
DA:48,0
DA:49,0
DA:52,0
DA:53,0
DA:58,6
DA:59,6
DA:63,3
DA:69,3
DA:70,3
DA:71,3
DA:72,3
DA:76,11
DA:78,6
DA:80,6
DA:85,0
DA:86,0
DA:87,0
DA:89,0
DA:92,0
DA:93,0
DA:94,0
DA:95,0
DA:96,0
DA:99,0
DA:100,0
DA:101,0
DA:103,0
DA:105,0
DA:108,0
DA:109,0
DA:112,0
DA:115,0
DA:118,0
DA:119,0
DA:120,0
DA:123,0
DA:124,0
DA:127,0
DA:130,0
DA:131,0
DA:136,0
DA:137,0
DA:138,0
DA:139,0
DA:140,0
DA:142,0
DA:146,0
DA:150,2
DA:152,4
DA:156,4
DA:159,2
DA:161,2
DA:163,6
DA:165,2
DA:168,2
DA:173,8
DA:174,2
DA:176,2
DA:181,1
DA:183,2
DA:186,1
DA:187,1
DA:190,3
DA:192,1
DA:195,2
DA:198,2
DA:203,1
DA:208,3
DA:210,2
DA:212,1
DA:216,2
DA:218,2
DA:219,2
DA:221,2
DA:225,1
DA:227,2
DA:231,2
DA:233,2
DA:239,1
DA:240,2
DA:241,2
DA:242,1
LF:91
LH:53
end_of_record
SF:lib/src/platform/background/web_background.dart
DA:26,1
DA:27,1
DA:29,1
DA:31,2
DA:33,1
DA:35,2
DA:39,1
DA:40,2
DA:43,0
DA:47,1
DA:49,2
DA:51,1
DA:52,0
DA:57,1
DA:58,1
DA:59,1
DA:60,0
DA:62,1
DA:65,1
DA:72,0
DA:77,0
DA:79,0
DA:81,0
DA:82,0
DA:87,0
DA:88,0
DA:89,0
DA:91,0
DA:92,0
DA:94,0
DA:97,0
DA:98,0
DA:99,0
DA:102,0
DA:103,0
DA:104,0
DA:107,0
DA:108,0
DA:115,0
DA:121,0
DA:122,0
DA:210,0
DA:211,0
DA:215,0
DA:218,0
DA:221,0
DA:222,0
DA:223,0
DA:225,0
DA:226,0
DA:229,0
DA:231,0
DA:232,0
DA:236,0
DA:238,0
DA:240,0
DA:243,0
DA:245,0
DA:246,0
DA:249,0
DA:254,0
DA:256,0
DA:258,0
DA:259,0
DA:260,0
DA:265,0
DA:266,0
DA:267,0
DA:268,0
DA:270,0
DA:271,0
DA:272,0
DA:273,0
DA:276,0
DA:280,0
DA:281,0
DA:282,0
DA:286,0
DA:289,0
DA:294,1
DA:295,2
DA:298,1
DA:301,1
DA:302,3
DA:303,0
DA:308,0
DA:310,0
DA:311,0
DA:314,0
DA:315,0
DA:318,0
DA:319,0
DA:322,0
DA:323,0
DA:324,0
DA:327,0
DA:328,0
DA:329,0
DA:332,0
DA:333,0
DA:334,0
DA:340,0
DA:342,0
DA:345,0
DA:346,0
DA:350,0
DA:353,0
DA:358,0
DA:359,0
DA:369,0
DA:370,0
DA:373,0
DA:375,0
DA:380,0
DA:381,0
DA:383,0
DA:385,0
DA:389,0
DA:395,0
DA:396,0
DA:400,0
DA:403,0
DA:406,0
DA:408,0
DA:410,0
DA:415,0
DA:416,0
DA:418,0
DA:422,0
DA:424,0
DA:425,0
DA:428,0
DA:431,0
DA:432,0
DA:433,0
DA:434,0
DA:435,0
DA:444,1
DA:446,2
LF:139
LH:23
end_of_record
SF:lib/src/platform/lifecycle_manager.dart
DA:26,11
DA:27,11
DA:28,2
DA:32,22
DA:33,22
DA:34,11
DA:38,11
DA:39,11
DA:43,1
DA:44,2
DA:46,2
DA:51,1
DA:52,2
DA:54,2
DA:59,1
DA:60,2
DA:62,2
DA:67,1
DA:68,2
DA:70,2
DA:75,1
DA:76,2
DA:78,2
DA:83,1
DA:84,2
DA:87,1
DA:89,3
DA:91,1
DA:92,1
DA:96,1
DA:97,2
DA:98,2
DA:100,1
DA:101,2
DA:102,2
DA:104,1
DA:105,2
DA:106,2
DA:108,1
DA:109,2
DA:110,2
DA:113,0
DA:117,2
DA:120,1
DA:121,2
DA:126,1
DA:131,1
DA:134,2
DA:135,2
DA:140,2
DA:141,2
DA:147,11
DA:148,11
DA:152,22
DA:153,22
DA:154,11
DA:155,11
DA:159,2
DA:162,3
DA:165,1
DA:166,2
DA:167,2
LF:62
LH:61
end_of_record
SF:lib/src/platform/notification/notification_manager.dart
DA:49,0
DA:57,1
DA:60,1
DA:78,1
DA:81,1
DA:84,1
DA:87,1
DA:96,1
DA:97,1
DA:99,1
DA:102,1
LF:11
LH:10
end_of_record
SF:lib/src/platform/notification/notification_models.dart
DA:14,5
DA:22,4
DA:23,4
DA:24,4
DA:25,4
DA:26,4
DA:27,4
DA:28,4
DA:32,1
DA:33,1
DA:34,1
DA:35,1
DA:36,1
DA:37,1
DA:38,1
DA:51,5
DA:59,1
DA:60,1
DA:61,1
DA:62,1
DA:63,1
DA:64,2
DA:65,1
DA:69,1
DA:70,1
DA:71,1
DA:72,1
DA:73,1
DA:74,2
DA:75,3
DA:96,1
DA:112,1
DA:113,1
DA:114,1
DA:115,1
DA:116,1
DA:117,1
DA:118,2
DA:119,5
DA:120,1
DA:121,1
DA:122,1
DA:123,1
DA:124,2
DA:125,2
DA:126,2
DA:130,1
DA:131,1
DA:132,1
DA:133,1
DA:134,1
DA:135,1
DA:136,2
DA:137,1
DA:138,1
DA:139,2
DA:140,1
DA:141,1
DA:142,1
DA:143,1
DA:144,1
DA:145,3
DA:146,2
DA:147,1
DA:148,2
DA:150,2
DA:163,1
DA:171,1
DA:172,1
DA:173,1
DA:174,1
DA:175,1
DA:176,1
DA:177,1
DA:181,1
DA:182,1
DA:183,1
DA:184,1
DA:185,1
DA:186,1
DA:187,1
DA:197,1
DA:209,1
DA:222,1
DA:235,1
DA:248,1
DA:258,1
DA:266,1
DA:278,1
DA:289,1
DA:301,1
DA:313,0
DA:324,0
LF:93
LH:91
end_of_record
SF:lib/src/platform/platform_factory.dart
DA:31,1
DA:33,0
DA:34,0
DA:38,1
DA:39,0
DA:40,0
DA:41,1
DA:42,0
DA:43,0
DA:44,1
DA:45,0
DA:46,0
DA:47,2
DA:48,1
DA:50,0
DA:52,0
DA:55,0
DA:56,0
DA:57,0
DA:62,2
DA:64,0
DA:65,0
DA:69,2
DA:70,0
DA:71,0
DA:72,2
DA:73,0
DA:74,0
DA:75,2
DA:76,0
DA:77,0
DA:78,4
DA:79,2
DA:81,0
DA:83,0
DA:86,0
DA:87,0
DA:88,0
DA:93,1
DA:95,0
DA:96,0
DA:100,1
DA:101,2
DA:102,1
DA:103,0
DA:104,0
DA:105,0
DA:106,0
DA:107,0
DA:108,0
DA:110,0
DA:112,0
DA:115,0
DA:116,0
DA:117,0
DA:122,10
DA:124,0
DA:125,0
DA:127,20
DA:128,10
DA:133,1
DA:135,1
DA:138,1
DA:139,1
DA:140,1
DA:141,0
DA:142,0
DA:147,1
DA:150,1
DA:151,1
DA:152,1
DA:153,0
DA:154,0
DA:159,1
DA:162,1
DA:163,0
DA:164,0
DA:169,1
DA:175,1
DA:178,1
DA:179,1
DA:180,1
DA:181,1
DA:182,0
LF:84
LH:36
end_of_record
SF:lib/src/platform/tray/macos_enhanced_tray.dart
DA:14,3
DA:15,3
DA:23,2
DA:26,6
DA:27,0
DA:28,0
DA:29,0
DA:32,0
DA:33,0
DA:38,4
DA:43,2
DA:45,4
DA:47,2
DA:51,1
DA:53,2
DA:59,2
DA:61,4
DA:66,2
DA:68,2
DA:69,4
DA:74,1
DA:76,1
DA:79,1
DA:81,1
DA:84,1
DA:93,2
DA:97,1
DA:105,2
DA:114,1
DA:116,2
DA:117,1
DA:119,1
DA:123,2
DA:124,4
DA:125,2
DA:126,1
DA:129,2
DA:130,8
DA:131,2
DA:132,2
DA:133,2
DA:137,2
DA:138,2
DA:141,2
DA:142,3
DA:145,4
DA:146,3
DA:147,2
DA:150,4
DA:151,3
DA:155,2
DA:159,1
DA:161,1
DA:162,1
DA:165,2
DA:166,1
DA:167,1
DA:168,1
DA:169,1
DA:171,1
DA:172,1
DA:173,1
DA:175,1
DA:176,1
DA:177,1
DA:179,1
DA:180,1
DA:187,1
DA:194,0
DA:195,0
DA:196,0
DA:198,0
DA:201,0
DA:202,0
DA:204,0
DA:208,0
DA:209,0
DA:211,0
DA:212,0
DA:214,0
DA:215,0
DA:217,0
DA:218,0
DA:223,0
DA:224,0
DA:227,0
DA:228,0
DA:232,0
DA:237,1
DA:242,2
DA:243,1
DA:244,2
DA:256,1
DA:257,2
DA:258,1
DA:259,2
LF:96
LH:71
end_of_record
SF:lib/src/platform/tray/windows_tray.dart
DA:28,1
DA:30,2
DA:33,3
DA:34,0
DA:35,0
DA:36,0
DA:39,0
DA:40,0
DA:47,1
DA:48,2
DA:51,1
DA:52,0
DA:55,1
DA:56,2
DA:60,2
DA:62,0
DA:64,0
DA:65,0
DA:71,0
DA:72,0
DA:73,0
DA:74,0
DA:75,0
DA:76,0
DA:78,0
DA:80,0
DA:81,0
DA:84,0
DA:85,0
DA:86,0
DA:87,0
DA:91,0
DA:92,0
DA:93,0
DA:97,0
DA:98,0
DA:99,0
DA:106,1
DA:108,3
DA:111,2
DA:114,1
DA:116,0
DA:117,0
DA:118,0
DA:122,0
DA:124,0
DA:127,0
DA:131,0
DA:132,0
DA:133,0
DA:137,1
DA:139,2
DA:143,2
DA:146,1
DA:148,3
DA:149,1
DA:151,1
DA:152,0
DA:157,3
DA:158,2
DA:160,2
DA:162,1
DA:163,1
DA:170,2
DA:174,0
DA:175,0
DA:176,0
DA:182,0
DA:184,0
DA:188,0
DA:191,0
DA:194,0
DA:195,0
DA:196,0
DA:198,0
DA:199,0
DA:200,0
DA:207,0
DA:208,0
DA:212,0
DA:213,0
DA:217,0
DA:223,0
DA:229,0
DA:231,0
DA:232,0
DA:236,0
DA:241,0
DA:242,0
DA:243,0
DA:244,0
DA:248,0
DA:251,0
DA:252,0
DA:257,0
DA:258,0
DA:259,0
DA:260,0
DA:265,0
DA:266,0
DA:267,0
DA:268,0
DA:282,0
LF:103
LH:26
end_of_record
SF:lib/src/platform/tray/linux_tray.dart
DA:28,1
DA:30,2
DA:33,3
DA:34,0
DA:35,0
DA:36,0
DA:39,0
DA:40,0
DA:47,1
DA:48,2
DA:51,1
DA:52,2
DA:55,1
DA:56,0
DA:60,2
DA:62,0
DA:63,0
DA:64,0
DA:70,0
DA:71,0
DA:72,0
DA:74,0
DA:76,0
DA:77,0
DA:80,0
DA:81,0
DA:82,0
DA:83,0
DA:87,0
DA:88,0
DA:89,0
DA:93,0
DA:94,0
DA:95,0
DA:102,1
DA:104,3
DA:107,2
DA:110,1
DA:112,0
DA:113,0
DA:114,0
DA:118,1
DA:120,3
DA:123,2
DA:127,0
DA:128,0
DA:129,0
DA:133,0
DA:135,0
DA:139,0
DA:142,0
DA:144,0
DA:145,0
DA:147,0
DA:148,0
DA:153,0
DA:154,0
DA:156,0
DA:158,0
DA:159,0
DA:166,0
DA:170,0
DA:171,0
DA:172,0
DA:178,0
DA:180,0
DA:184,0
DA:187,0
DA:190,0
DA:191,0
DA:192,0
DA:194,0
DA:195,0
DA:196,0
DA:203,0
DA:204,0
DA:208,0
DA:209,0
DA:213,0
DA:219,0
DA:225,0
DA:227,0
DA:228,0
DA:232,0
DA:237,0
DA:238,0
DA:239,0
DA:240,0
DA:244,0
DA:247,0
DA:248,0
DA:253,1
DA:254,1
DA:255,2
DA:256,1
DA:261,1
DA:262,1
DA:263,1
DA:264,1
DA:278,0
LF:100
LH:24
end_of_record
SF:lib/src/platform/storage/web_storage.dart
DA:35,1
DA:41,0
DA:43,0
DA:46,0
DA:49,0
DA:52,0
DA:53,0
DA:56,0
DA:59,0
DA:61,0
DA:65,0
DA:68,0
DA:69,0
DA:70,0
DA:75,0
DA:81,0
DA:82,0
DA:84,0
DA:85,0
DA:86,0
DA:92,0
DA:94,0
DA:97,0
DA:98,0
DA:104,0
DA:106,0
DA:107,0
DA:110,0
DA:111,0
DA:116,0
DA:118,0
DA:123,0
DA:126,0
DA:127,0
DA:128,0
DA:134,0
DA:136,0
DA:139,0
DA:140,0
DA:143,0
DA:144,0
DA:145,0
DA:151,0
DA:154,0
DA:155,0
DA:157,0
DA:158,0
DA:159,0
DA:160,0
DA:166,0
DA:168,0
DA:172,0
DA:175,0
DA:176,0
DA:177,0
DA:182,0
DA:185,0
DA:191,0
DA:192,0
DA:194,0
DA:195,0
DA:196,0
DA:200,0
DA:202,0
DA:205,0
DA:206,0
DA:212,0
DA:214,0
DA:215,0
DA:216,0
DA:219,0
DA:220,0
DA:225,0
DA:231,0
DA:233,0
DA:239,0
DA:243,0
DA:245,0
DA:250,0
DA:251,0
DA:256,0
DA:258,0
DA:261,0
DA:262,0
DA:266,0
DA:267,0
DA:268,0
DA:273,0
DA:274,0
DA:277,0
DA:278,0
DA:279,0
DA:284,0
DA:286,0
DA:287,0
DA:290,0
DA:291,0
DA:292,0
DA:298,0
DA:299,0
DA:305,0
DA:306,0
DA:309,0
DA:311,0
DA:312,0
DA:313,0
DA:316,0
DA:317,0
DA:318,0
DA:321,0
DA:322,0
DA:323,0
DA:326,0
DA:331,0
DA:332,0
DA:333,0
DA:336,0
DA:337,0
DA:342,0
DA:343,0
DA:344,0
DA:345,0
DA:346,0
DA:347,0
DA:348,0
DA:349,0
DA:359,0
DA:360,0
DA:362,0
DA:363,0
DA:366,0
DA:367,0
DA:368,0
DA:369,0
DA:370,0
DA:371,0
DA:372,0
DA:373,0
DA:374,0
DA:380,0
DA:382,0
DA:384,0
DA:386,0
DA:390,0
DA:394,0
DA:398,0
DA:399,0
DA:403,0
DA:406,0
DA:407,0
DA:408,0
DA:412,0
DA:413,0
DA:414,0
DA:415,0
DA:419,0
DA:424,0
DA:425,0
DA:428,0
DA:431,0
DA:432,0
DA:434,0
DA:435,0
DA:436,0
DA:437,0
DA:441,0
DA:445,0
DA:448,0
DA:449,0
DA:452,0
DA:455,0
DA:456,0
DA:458,0
DA:459,0
DA:460,0
DA:461,0
DA:465,0
DA:467,0
DA:473,0
DA:476,0
DA:477,0
DA:479,0
DA:484,0
DA:487,0
DA:488,0
DA:490,0
DA:491,0
DA:492,0
LF:188
LH:1
end_of_record
SF:lib/src/platform/tray/enhanced_tray_manager.dart
DA:36,4
DA:51,2
DA:59,2
DA:61,1
DA:63,1
DA:64,2
DA:65,1
DA:66,5
DA:67,2
DA:68,1
DA:69,1
DA:70,1
DA:71,1
DA:92,5
DA:126,4
DA:132,8
DA:134,0
DA:137,2
DA:139,3
DA:141,6
DA:142,3
DA:143,6
DA:146,3
DA:150,3
DA:154,6
DA:157,4
DA:163,6
DA:164,3
DA:172,3
DA:173,3
DA:174,6
DA:177,3
DA:178,6
DA:181,3
DA:182,6
DA:183,2
DA:186,2
DA:187,2
DA:188,2
DA:189,2
DA:190,2
DA:192,2
DA:194,2
DA:198,3
DA:200,6
DA:201,3
DA:202,3
DA:203,6
DA:204,6
DA:206,6
DA:207,6
DA:208,6
DA:210,3
DA:211,9
DA:219,2
DA:220,4
DA:221,2
DA:222,2
DA:223,4
DA:224,4
DA:226,4
DA:227,4
DA:228,4
DA:230,2
DA:231,4
DA:238,3
DA:240,6
DA:241,3
DA:242,3
DA:243,6
DA:244,6
DA:245,6
DA:247,6
DA:248,6
DA:250,3
DA:251,9
DA:258,3
DA:260,6
DA:261,3
DA:263,6
DA:264,3
DA:267,2
DA:268,2
DA:269,2
DA:270,2
DA:271,2
DA:273,3
DA:276,6
DA:277,6
DA:278,3
DA:279,3
DA:283,3
DA:284,3
DA:285,12
DA:293,2
DA:294,4
DA:295,2
DA:296,2
DA:297,4
DA:299,4
DA:300,4
DA:301,4
DA:302,4
DA:304,2
DA:312,2
DA:313,4
DA:314,2
DA:315,2
DA:316,4
DA:318,4
DA:319,4
DA:320,4
DA:321,4
DA:323,2
DA:331,1
DA:333,1
DA:334,2
DA:338,2
DA:339,1
DA:340,1
DA:341,1
DA:343,1
DA:344,2
DA:345,0
DA:346,0
DA:349,2
DA:350,2
DA:351,2
DA:352,2
DA:354,2
DA:357,4
DA:365,2
DA:366,3
DA:367,2
DA:368,2
DA:370,4
DA:371,4
DA:372,4
DA:373,4
DA:375,4
DA:378,4
DA:382,1
DA:388,1
DA:389,2
DA:393,2
DA:394,1
DA:395,1
DA:402,2
DA:405,1
DA:414,1
DA:421,2
DA:423,3
DA:427,2
DA:428,1
DA:429,1
DA:437,3
DA:445,1
DA:446,2
DA:450,1
DA:451,2
DA:454,2
DA:456,4
DA:457,2
DA:459,2
DA:462,4
DA:465,4
DA:468,2
DA:470,4
DA:471,2
DA:478,1
DA:480,2
DA:481,1
DA:484,1
DA:489,1
DA:490,3
DA:491,2
DA:492,0
DA:495,0
DA:500,1
DA:503,1
DA:508,1
DA:509,1
DA:510,2
DA:511,2
DA:512,2
DA:513,2
DA:514,2
DA:515,2
DA:516,1
DA:517,2
DA:518,1
DA:519,1
DA:520,1
DA:521,1
DA:577,0
DA:579,0
DA:581,0
DA:582,0
DA:587,0
DA:589,0
DA:590,0
DA:592,0
DA:596,0
DA:598,0
DA:599,0
DA:601,0
DA:605,0
DA:607,0
DA:608,0
DA:610,0
DA:614,3
DA:615,6
DA:616,6
DA:620,3
DA:621,12
DA:622,9
DA:623,1
DA:645,2
LF:218
LH:197
end_of_record
SF:lib/src/utils/subscription_manager.dart
DA:7,6
DA:23,6
DA:24,4
DA:26,2
DA:28,2
DA:32,2
DA:38,6
DA:39,4
DA:42,8
DA:44,6
DA:49,2
DA:55,2
DA:59,4
DA:62,6
DA:68,2
DA:69,6
DA:70,4
DA:72,3
DA:76,4
DA:77,4
DA:80,4
DA:81,6
DA:84,0
DA:91,2
DA:93,6
DA:94,2
DA:95,6
DA:96,4
DA:97,2
DA:105,4
DA:106,2
DA:107,2
DA:111,6
DA:116,1
DA:117,3
DA:118,2
DA:123,2
DA:124,6
DA:125,4
DA:128,2
DA:129,2
DA:130,2
DA:131,2
DA:132,2
DA:133,6
DA:134,2
DA:140,2
DA:141,6
DA:142,4
DA:143,6
DA:144,2
DA:145,2
DA:146,2
DA:147,2
DA:148,6
DA:149,2
DA:151,2
DA:156,2
DA:157,6
DA:158,4
DA:159,2
DA:161,6
DA:162,10
DA:165,2
DA:166,2
DA:167,2
DA:169,2
DA:176,2
DA:177,0
DA:178,2
DA:181,6
DA:182,2
DA:184,6
DA:185,4
DA:186,8
DA:187,4
DA:194,4
DA:195,2
DA:196,2
DA:197,4
DA:201,2
DA:202,6
DA:209,2
DA:210,6
DA:211,6
DA:216,2
DA:219,4
DA:220,4
DA:225,2
DA:226,6
DA:227,4
DA:229,4
DA:230,4
DA:236,2
DA:237,6
DA:238,4
DA:240,6
DA:242,4
DA:244,0
DA:248,4
DA:249,4
DA:251,6
DA:256,2
DA:260,4
DA:261,6
DA:262,4
DA:263,4
DA:264,4
DA:265,4
DA:266,6
DA:273,2
DA:274,2
DA:277,6
DA:278,0
DA:279,0
DA:280,0
DA:287,0
DA:288,0
DA:289,0
DA:302,2
DA:311,2
DA:312,1
DA:313,1
DA:314,1
DA:315,2
DA:316,2
DA:317,1
DA:329,2
DA:337,2
DA:338,1
DA:339,1
DA:340,1
DA:341,1
DA:342,2
DA:343,5
DA:345,1
DA:358,2
LF:137
LH:128
end_of_record
SF:lib/src/events/typed_event_system.dart
DA:31,6
DA:34,4
DA:37,2
DA:40,2
DA:41,2
DA:42,4
DA:43,8
DA:49,4
DA:50,3
DA:54,2
DA:57,6
DA:59,8
DA:63,2
DA:66,4
DA:67,3
DA:70,6
DA:72,8
DA:73,2
DA:74,6
DA:75,2
DA:76,2
DA:79,2
DA:81,6
DA:87,1
DA:91,3
DA:92,1
DA:94,2
DA:95,2
DA:96,3
DA:99,2
DA:100,1
DA:101,1
DA:102,1
DA:103,1
DA:105,1
DA:109,3
DA:111,2
DA:112,2
DA:118,2
DA:119,4
DA:121,2
DA:122,6
DA:127,2
DA:128,2
DA:129,4
DA:133,2
DA:134,2
DA:136,2
DA:139,4
DA:140,4
DA:141,4
DA:143,4
DA:144,2
DA:147,6
DA:151,2
DA:152,2
DA:154,4
DA:155,0
DA:159,2
DA:162,6
DA:164,8
DA:168,1
DA:170,3
DA:171,2
DA:175,1
DA:177,2
DA:178,3
DA:180,2
DA:181,2
DA:186,2
DA:187,4
DA:188,4
DA:189,4
DA:190,4
DA:191,4
DA:194,2
DA:198,2
DA:204,1
DA:206,2
DA:207,0
DA:209,2
DA:212,3
DA:213,1
DA:215,2
DA:218,2
DA:219,2
DA:221,2
DA:225,2
DA:226,4
DA:227,6
DA:230,4
DA:231,2
DA:234,6
DA:235,0
DA:240,2
DA:242,4
DA:245,2
DA:246,1
DA:248,3
DA:259,1
DA:261,1
DA:263,2
DA:264,1
DA:268,0
DA:270,0
DA:271,0
DA:275,0
DA:277,0
DA:278,0
DA:282,0
DA:284,0
DA:285,0
DA:289,0
DA:291,0
DA:292,0
DA:296,0
DA:298,0
DA:299,0
DA:303,0
DA:304,0
DA:306,0
DA:308,0
LF:122
LH:100
end_of_record
SF:lib/src/platform/web/web_platform_improvements.dart
DA:41,1
DA:42,1
DA:44,1
DA:47,0
DA:49,0
DA:53,0
DA:55,0
DA:56,0
DA:57,0
DA:58,0
DA:59,0
DA:62,0
DA:63,0
DA:66,0
DA:70,0
DA:73,0
DA:74,0
DA:75,0
DA:76,0
DA:80,0
DA:81,0
DA:84,0
DA:85,0
DA:88,0
DA:89,0
DA:92,0
DA:93,0
DA:95,0
DA:96,0
DA:97,0
DA:98,0
DA:99,0
DA:100,0
DA:102,0
DA:107,0
DA:108,0
DA:109,0
DA:114,0
DA:117,0
DA:118,0
DA:121,0
DA:126,0
DA:128,0
DA:129,0
DA:131,0
DA:133,0
DA:134,0
DA:137,0
DA:139,0
DA:140,0
DA:141,0
DA:142,0
DA:144,0
DA:145,0
DA:148,0
DA:153,0
DA:154,0
DA:155,0
DA:157,0
DA:163,0
DA:164,0
DA:165,0
DA:169,0
DA:170,0
DA:171,0
DA:175,0
DA:176,0
DA:177,0
DA:181,0
DA:182,0
DA:183,0
DA:187,0
DA:189,0
DA:190,0
DA:195,0
DA:198,0
DA:199,0
DA:200,0
DA:204,0
DA:205,0
DA:206,0
DA:210,0
DA:211,0
DA:216,0
DA:217,0
DA:218,0
DA:223,0
DA:225,0
DA:228,0
DA:231,0
DA:233,0
DA:235,0
DA:236,0
DA:237,0
DA:241,0
DA:243,0
DA:245,0
DA:246,0
DA:247,0
DA:248,0
DA:252,0
DA:257,0
DA:259,0
DA:261,0
DA:262,0
DA:265,0
DA:268,0
DA:269,0
DA:272,0
DA:277,0
DA:278,0
DA:282,0
DA:283,0
DA:284,0
DA:285,0
DA:286,0
DA:289,0
DA:294,0
DA:295,0
DA:296,0
DA:301,0
DA:303,0
DA:304,0
DA:305,0
DA:307,0
DA:308,0
DA:310,0
DA:311,0
DA:312,0
DA:314,0
DA:315,0
DA:320,0
DA:322,0
DA:327,0
DA:329,0
DA:330,0
DA:334,0
DA:338,0
DA:340,0
DA:341,0
DA:346,0
DA:347,0
DA:348,0
DA:353,0
DA:354,0
DA:356,0
DA:357,0
DA:358,0
DA:361,0
DA:362,0
DA:363,0
DA:365,0
DA:366,0
DA:368,0
DA:371,0
DA:372,0
DA:373,0
DA:376,0
DA:378,0
DA:382,0
DA:384,0
DA:385,0
DA:386,0
DA:387,0
DA:388,0
DA:389,0
DA:390,0
DA:391,0
DA:392,0
DA:394,0
DA:398,0
DA:400,0
DA:405,1
DA:406,1
DA:409,0
DA:410,0
DA:412,0
DA:416,1
DA:417,1
DA:418,1
DA:419,1
DA:420,1
DA:421,1
DA:422,1
DA:423,1
DA:425,1
DA:426,1
DA:427,1
DA:428,3
DA:429,2
DA:430,2
DA:432,2
DA:434,1
DA:435,1
DA:436,1
DA:438,1
DA:439,1
DA:440,1
DA:441,1
DA:443,1
DA:444,2
DA:445,1
DA:451,1
DA:452,2
DA:453,3
DA:454,2
DA:457,0
DA:461,1
DA:462,2
DA:463,2
DA:467,3
DA:470,1
DA:471,2
DA:474,2
DA:477,2
DA:480,2
DA:483,1
DA:484,2
DA:487,1
DA:488,1
DA:489,2
DA:490,2
DA:491,2
LF:223
LH:50
end_of_record
SF:lib/src/platform/notification/platform_notification_manager.dart
DA:28,1
DA:30,1
DA:31,0
DA:35,2
DA:36,1
DA:40,1
DA:42,2
DA:46,1
DA:49,2
DA:50,0
DA:51,0
DA:52,0
DA:55,0
DA:56,0
DA:61,2
DA:62,1
DA:65,1
DA:66,2
DA:69,3
DA:70,1
DA:71,1
DA:72,1
DA:73,1
DA:74,1
DA:75,1
DA:79,0
DA:81,0
DA:85,1
DA:102,1
DA:103,1
DA:106,3
DA:110,1
DA:114,2
DA:115,2
DA:116,1
DA:117,1
DA:122,1
DA:123,0
DA:126,1
DA:127,0
DA:130,1
DA:131,0
DA:132,0
DA:133,0
DA:136,1
DA:137,0
DA:141,1
DA:144,3
DA:148,1
DA:149,1
DA:153,3
DA:157,1
DA:160,0
DA:161,0
DA:165,1
DA:167,1
DA:168,0
DA:171,3
DA:174,2
DA:179,2
DA:182,3
DA:184,1
DA:187,0
DA:188,0
DA:193,1
DA:197,1
DA:200,3
DA:203,3
DA:205,1
DA:210,0
DA:217,0
DA:225,0
DA:226,0
DA:229,0
DA:230,0
DA:235,0
DA:243,0
DA:248,0
DA:250,0
DA:251,0
DA:255,0
DA:256,0
DA:258,0
DA:259,0
DA:262,0
DA:267,1
DA:269,3
DA:273,0
DA:274,0
DA:275,0
DA:277,0
DA:280,0
DA:281,0
DA:282,0
DA:284,0
DA:287,0
DA:291,0
DA:292,0
DA:293,0
DA:294,0
DA:296,0
DA:300,0
DA:304,0
DA:305,0
DA:306,0
DA:308,0
DA:310,0
DA:317,1
DA:321,1
DA:322,0
DA:323,0
DA:324,0
DA:325,0
DA:326,1
DA:327,0
DA:328,0
DA:329,0
DA:330,0
DA:333,1
DA:334,1
DA:335,1
DA:336,1
DA:339,3
DA:340,2
DA:341,2
DA:343,0
DA:348,1
DA:350,1
DA:351,1
DA:352,1
DA:353,0
DA:354,0
DA:359,0
DA:361,0
DA:365,0
DA:367,0
DA:368,0
LF:137
LH:66
end_of_record
SF:lib/src/platform/background/android_background.dart
DA:22,1
DA:23,1
DA:25,3
DA:27,6
DA:28,4
DA:31,9
DA:32,0
DA:33,0
DA:34,0
DA:37,0
DA:38,0
DA:43,6
DA:44,6
DA:48,3
DA:54,3
DA:55,3
DA:56,3
DA:57,3
DA:59,6
DA:60,6
DA:61,6
DA:62,6
DA:63,6
DA:64,6
DA:65,6
DA:66,6
DA:70,0
DA:71,0
DA:72,0
DA:74,0
DA:77,0
DA:78,0
DA:79,0
DA:80,0
DA:81,0
DA:82,0
DA:84,0
DA:85,0
DA:87,0
DA:88,0
DA:92,0
DA:93,0
DA:97,0
DA:101,3
DA:103,6
DA:107,3
DA:108,3
DA:109,12
DA:110,3
DA:112,4
DA:117,2
DA:119,4
DA:122,2
DA:123,2
DA:124,4
DA:127,2
DA:132,1
DA:135,2
DA:137,1
DA:141,2
DA:143,2
DA:147,1
DA:149,2
DA:153,2
DA:155,2
DA:161,1
DA:162,2
DA:163,2
LF:68
LH:46
end_of_record
