SF:lib/flutter_mcp.dart
DA:74,2
DA:75,2
DA:80,2
DA:85,0
DA:88,0
DA:91,0
DA:94,0
DA:95,0
DA:96,0
DA:97,0
DA:101,0
DA:102,0
DA:103,0
DA:107,0
DA:108,0
DA:109,0
DA:113,4
DA:116,0
DA:117,0
DA:118,0
DA:120,0
DA:121,0
DA:122,0
DA:123,0
DA:128,0
DA:129,0
DA:130,0
DA:132,0
DA:133,0
DA:134,0
DA:135,0
DA:136,0
DA:137,0
DA:142,0
DA:143,0
DA:144,0
DA:146,0
DA:147,0
DA:148,0
DA:149,0
DA:150,0
DA:151,0
DA:152,0
DA:187,4
DA:188,2
DA:209,6
DA:216,0
DA:219,0
DA:222,0
DA:225,0
DA:227,0
DA:228,0
DA:231,0
DA:232,0
DA:233,0
DA:235,0
DA:239,0
DA:240,0
DA:241,0
DA:243,0
DA:247,0
DA:248,0
DA:249,0
DA:251,0
DA:255,0
DA:256,0
DA:257,0
DA:260,0
DA:263,0
DA:264,0
DA:268,0
DA:269,0
DA:272,0
DA:273,0
DA:278,0
DA:279,0
DA:282,0
DA:288,2
DA:290,2
DA:291,0
DA:295,2
DA:297,0
DA:300,2
DA:302,2
DA:304,4
DA:307,2
DA:308,0
DA:314,2
DA:317,6
DA:318,4
DA:322,2
DA:325,4
DA:329,2
DA:332,2
DA:333,0
DA:337,6
DA:338,0
DA:339,0
DA:344,4
DA:346,6
DA:351,2
DA:354,2
DA:357,2
DA:358,0
DA:362,2
DA:363,0
DA:366,2
DA:367,4
DA:370,4
DA:372,0
DA:373,0
DA:374,0
DA:375,0
DA:379,0
DA:386,2
DA:387,2
DA:388,1
DA:392,4
DA:394,0
DA:397,0
DA:400,0
DA:402,0
DA:407,2
DA:409,6
DA:412,2
DA:413,0
DA:414,0
DA:415,0
DA:417,0
DA:418,0
DA:419,0
DA:424,6
DA:427,2
DA:428,0
DA:429,0
DA:430,0
DA:432,0
DA:433,0
DA:434,0
DA:440,0
DA:441,0
DA:443,0
DA:446,0
DA:450,0
DA:452,0
DA:453,0
DA:459,0
DA:460,0
DA:463,0
DA:465,0
DA:466,0
DA:468,0
DA:473,0
DA:474,0
DA:478,0
DA:481,0
DA:482,0
DA:486,0
DA:487,0
DA:491,0
DA:492,0
DA:496,0
DA:497,0
DA:498,0
DA:502,0
DA:503,0
DA:504,0
DA:505,0
DA:509,0
DA:511,0
DA:516,0
DA:517,0
DA:518,0
DA:522,0
DA:526,0
DA:527,0
DA:528,0
DA:533,0
DA:535,0
DA:536,0
DA:540,0
DA:541,0
DA:545,0
DA:549,2
DA:551,4
DA:552,4
DA:553,4
DA:554,4
DA:558,4
DA:562,2
DA:563,2
DA:564,2
DA:565,4
DA:568,4
DA:570,6
DA:576,4
DA:578,6
DA:582,4
DA:584,6
DA:588,4
DA:590,6
DA:594,4
DA:596,6
DA:602,0
DA:603,0
DA:605,0
DA:606,0
DA:610,0
DA:611,0
DA:612,0
DA:615,0
DA:621,0
DA:624,0
DA:626,0
DA:627,0
DA:628,0
DA:635,0
DA:637,0
DA:638,0
DA:639,0
DA:641,0
DA:645,0
DA:647,0
DA:653,0
DA:654,0
DA:656,0
DA:657,0
DA:659,0
DA:663,0
DA:672,0
DA:673,0
DA:677,0
DA:679,0
DA:680,0
DA:681,0
DA:683,0
DA:690,2
DA:691,4
DA:694,4
DA:695,4
DA:696,4
DA:697,4
DA:698,4
DA:701,4
DA:702,4
DA:703,4
DA:704,4
DA:705,4
DA:706,4
DA:709,2
DA:712,0
DA:715,2
DA:717,0
DA:720,4
DA:724,2
DA:725,2
DA:728,4
DA:730,0
DA:731,0
DA:735,2
DA:739,0
DA:741,0
DA:742,0
DA:744,0
DA:747,0
DA:752,0
DA:753,0
DA:754,0
DA:755,0
DA:759,1
DA:760,1
DA:761,0
DA:765,2
DA:766,0
DA:770,2
DA:771,0
DA:772,0
DA:778,1
DA:781,1
DA:782,0
DA:783,0
DA:784,0
DA:789,0
DA:790,0
DA:791,0
DA:794,0
DA:795,0
DA:796,0
DA:800,0
DA:801,0
DA:802,0
DA:803,0
DA:804,0
DA:805,0
DA:806,0
DA:807,0
DA:808,0
DA:811,0
DA:816,0
DA:817,0
DA:818,0
DA:819,0
DA:820,0
DA:821,0
DA:822,0
DA:823,0
DA:824,0
DA:827,0
DA:832,1
DA:833,1
DA:834,1
DA:837,1
DA:839,1
DA:840,0
DA:841,0
DA:843,0
DA:844,0
DA:845,0
DA:847,0
DA:848,0
DA:854,1
DA:856,1
DA:857,0
DA:858,0
DA:860,0
DA:861,0
DA:862,0
DA:864,0
DA:865,0
DA:871,1
DA:872,0
DA:873,0
DA:876,0
DA:877,0
DA:878,0
DA:882,0
DA:883,0
DA:884,0
DA:887,0
DA:892,0
DA:894,0
DA:899,0
DA:900,0
DA:901,0
DA:905,0
DA:907,0
DA:911,0
DA:914,0
DA:915,0
DA:919,0
DA:920,0
DA:926,1
DA:927,0
DA:928,0
DA:931,0
DA:932,0
DA:933,0
DA:937,0
DA:938,0
DA:939,0
DA:942,0
DA:947,0
DA:949,0
DA:954,0
DA:955,0
DA:956,0
DA:960,0
DA:962,0
DA:966,0
DA:969,0
DA:970,0
DA:974,0
DA:975,0
DA:981,2
DA:983,0
DA:984,0
DA:986,0
DA:987,0
DA:992,2
DA:994,0
DA:995,0
DA:997,0
DA:998,0
DA:1003,2
DA:1004,0
DA:1005,0
DA:1006,0
DA:1008,0
DA:1010,0
DA:1011,0
DA:1017,1
DA:1018,0
DA:1019,0
DA:1020,0
DA:1028,1
DA:1037,1
DA:1038,0
DA:1041,3
DA:1042,2
DA:1047,1
DA:1049,1
DA:1054,2
DA:1055,1
DA:1056,1
DA:1059,1
DA:1066,1
DA:1068,1
DA:1071,1
DA:1072,1
DA:1073,2
DA:1074,2
DA:1079,0
DA:1081,0
DA:1084,0
DA:1085,0
DA:1086,0
DA:1087,0
DA:1094,2
DA:1097,2
DA:1098,1
DA:1100,3
DA:1103,2
DA:1106,2
DA:1107,2
DA:1108,1
DA:1109,1
DA:1117,1
DA:1126,1
DA:1127,0
DA:1130,3
DA:1131,2
DA:1136,1
DA:1138,1
DA:1143,2
DA:1144,1
DA:1145,1
DA:1148,1
DA:1155,1
DA:1157,1
DA:1158,1
DA:1159,0
DA:1160,0
DA:1166,1
DA:1170,1
DA:1171,2
DA:1178,2
DA:1181,2
DA:1182,1
DA:1184,3
DA:1187,2
DA:1190,2
DA:1191,2
DA:1192,1
DA:1193,1
DA:1209,0
DA:1216,0
DA:1217,0
DA:1220,0
DA:1221,0
DA:1226,0
DA:1227,0
DA:1228,0
DA:1231,0
DA:1233,0
DA:1235,0
DA:1236,0
DA:1238,0
DA:1242,0
DA:1243,0
DA:1245,0
DA:1250,0
DA:1251,0
DA:1255,0
DA:1256,0
DA:1259,0
DA:1260,0
DA:1267,0
DA:1269,0
DA:1271,0
DA:1274,0
DA:1277,0
DA:1279,0
DA:1280,0
DA:1284,0
DA:1286,0
DA:1287,0
DA:1288,0
DA:1290,0
DA:1291,0
DA:1293,0
DA:1294,0
DA:1301,0
DA:1303,0
DA:1304,0
DA:1306,0
DA:1311,0
DA:1313,0
DA:1317,0
DA:1320,0
DA:1324,0
DA:1326,0
DA:1328,0
DA:1336,0
DA:1338,0
DA:1341,0
DA:1343,0
DA:1345,0
DA:1348,0
DA:1349,0
DA:1352,0
DA:1353,0
DA:1354,0
DA:1355,0
DA:1359,0
DA:1360,0
DA:1376,0
DA:1383,0
DA:1384,0
DA:1387,0
DA:1388,0
DA:1393,0
DA:1394,0
DA:1395,0
DA:1398,0
DA:1400,0
DA:1402,0
DA:1403,0
DA:1405,0
DA:1409,0
DA:1410,0
DA:1412,0
DA:1417,0
DA:1418,0
DA:1422,0
DA:1423,0
DA:1426,0
DA:1427,0
DA:1433,0
DA:1435,0
DA:1437,0
DA:1440,0
DA:1443,0
DA:1445,0
DA:1446,0
DA:1448,0
DA:1452,0
DA:1454,0
DA:1455,0
DA:1456,0
DA:1458,0
DA:1459,0
DA:1461,0
DA:1462,0
DA:1469,0
DA:1471,0
DA:1475,0
DA:1478,0
DA:1482,0
DA:1484,0
DA:1486,0
DA:1494,0
DA:1496,0
DA:1499,0
DA:1501,0
DA:1503,0
DA:1506,0
DA:1507,0
DA:1510,0
DA:1511,0
DA:1512,0
DA:1513,0
DA:1517,0
DA:1518,0
DA:1528,0
DA:1529,0
DA:1530,0
DA:1533,0
DA:1535,0
DA:1539,0
DA:1540,0
DA:1541,0
DA:1543,0
DA:1544,0
DA:1545,0
DA:1546,0
DA:1547,0
DA:1548,0
DA:1554,0
DA:1555,0
DA:1556,0
DA:1558,0
DA:1559,0
DA:1560,0
DA:1561,0
DA:1562,0
DA:1563,0
DA:1568,0
DA:1570,0
DA:1571,0
DA:1572,0
DA:1573,0
DA:1574,0
DA:1575,0
DA:1578,0
DA:1579,0
DA:1588,0
DA:1589,0
DA:1590,0
DA:1593,0
DA:1594,0
DA:1597,0
DA:1599,0
DA:1600,0
DA:1604,0
DA:1607,0
DA:1611,0
DA:1613,0
DA:1614,0
DA:1615,0
DA:1616,0
DA:1617,0
DA:1623,0
DA:1627,0
DA:1636,0
DA:1637,0
DA:1638,0
DA:1641,0
DA:1642,0
DA:1646,0
DA:1648,0
DA:1651,0
DA:1652,0
DA:1656,0
DA:1657,0
DA:1658,0
DA:1659,0
DA:1664,0
DA:1665,0
DA:1669,0
DA:1671,0
DA:1674,0
DA:1676,0
DA:1678,0
DA:1681,0
DA:1683,0
DA:1685,0
DA:1687,0
DA:1690,0
DA:1691,0
DA:1692,0
DA:1704,0
DA:1705,0
DA:1706,0
DA:1709,0
DA:1710,0
DA:1714,0
DA:1716,0
DA:1719,0
DA:1720,0
DA:1724,0
DA:1725,0
DA:1726,0
DA:1727,0
DA:1732,0
DA:1733,0
DA:1737,0
DA:1739,0
DA:1742,0
DA:1744,0
DA:1746,0
DA:1749,0
DA:1751,0
DA:1753,0
DA:1755,0
DA:1758,0
DA:1759,0
DA:1760,0
DA:1774,0
DA:1775,0
DA:1776,0
DA:1777,0
DA:1780,0
DA:1781,0
DA:1783,0
DA:1787,0
DA:1788,0
DA:1790,0
DA:1793,0
DA:1795,0
DA:1797,0
DA:1805,0
DA:1806,0
DA:1814,0
DA:1815,0
DA:1816,0
DA:1820,0
DA:1821,0
DA:1824,0
DA:1825,0
DA:1829,0
DA:1830,0
DA:1833,0
DA:1834,0
DA:1836,0
DA:1837,0
DA:1838,0
DA:1839,0
DA:1843,0
DA:1845,0
DA:1846,0
DA:1850,0
DA:1852,0
DA:1853,0
DA:1860,0
DA:1861,0
DA:1863,0
DA:1864,0
DA:1865,0
DA:1866,0
DA:1867,0
DA:1868,0
DA:1872,0
DA:1874,0
DA:1875,0
DA:1876,0
DA:1877,0
DA:1881,0
DA:1883,0
DA:1885,0
DA:1891,0
DA:1892,0
DA:1895,0
DA:1896,0
DA:1907,0
DA:1911,0
DA:1912,0
DA:1915,0
DA:1917,0
DA:1918,0
DA:1921,0
DA:1923,0
DA:1927,0
DA:1928,0
DA:1929,0
DA:1934,0
DA:1936,0
DA:1938,0
DA:1941,0
DA:1943,0
DA:1945,0
DA:1947,0
DA:1950,0
DA:1951,0
DA:1952,0
DA:1964,0
DA:1968,0
DA:1969,0
DA:1972,0
DA:1974,0
DA:1975,0
DA:1979,0
DA:1980,0
DA:1981,0
DA:1986,0
DA:1988,0
DA:1990,0
DA:1993,0
DA:1995,0
DA:1997,0
DA:1999,0
DA:2002,0
DA:2003,0
DA:2004,0
DA:2016,0
DA:2020,0
DA:2021,0
DA:2024,0
DA:2026,0
DA:2027,0
DA:2031,0
DA:2032,0
DA:2033,0
DA:2038,0
DA:2040,0
DA:2042,0
DA:2045,0
DA:2047,0
DA:2049,0
DA:2051,0
DA:2054,0
DA:2055,0
DA:2056,0
DA:2070,0
DA:2074,0
DA:2075,0
DA:2078,0
DA:2080,0
DA:2081,0
DA:2084,0
DA:2086,0
DA:2090,0
DA:2091,0
DA:2092,0
DA:2097,0
DA:2099,0
DA:2101,0
DA:2104,0
DA:2106,0
DA:2108,0
DA:2110,0
DA:2113,0
DA:2114,0
DA:2115,0
DA:2127,0
DA:2131,0
DA:2132,0
DA:2135,0
DA:2137,0
DA:2138,0
DA:2142,0
DA:2143,0
DA:2144,0
DA:2149,0
DA:2151,0
DA:2153,0
DA:2156,0
DA:2158,0
DA:2160,0
DA:2162,0
DA:2165,0
DA:2166,0
DA:2167,0
DA:2179,0
DA:2183,0
DA:2184,0
DA:2187,0
DA:2189,0
DA:2190,0
DA:2194,0
DA:2195,0
DA:2196,0
DA:2201,0
DA:2203,0
DA:2205,0
DA:2208,0
DA:2210,0
DA:2212,0
DA:2214,0
DA:2217,0
DA:2218,0
DA:2219,0
DA:2230,0
DA:2231,0
DA:2232,0
DA:2235,0
DA:2237,0
DA:2238,0
DA:2241,0
DA:2243,0
DA:2246,0
DA:2247,0
DA:2251,0
DA:2252,0
DA:2254,0
DA:2255,0
DA:2256,0
DA:2258,0
DA:2260,0
DA:2262,0
DA:2264,0
DA:2266,0
DA:2269,0
DA:2271,0
DA:2273,0
DA:2275,0
DA:2278,0
DA:2279,0
DA:2280,0
DA:2281,0
DA:2291,0
DA:2292,0
DA:2293,0
DA:2296,0
DA:2298,0
DA:2299,0
DA:2302,0
DA:2304,0
DA:2307,0
DA:2308,0
DA:2311,0
DA:2312,0
DA:2314,0
DA:2316,0
DA:2318,0
DA:2321,0
DA:2323,0
DA:2325,0
DA:2327,0
DA:2330,0
DA:2331,0
DA:2332,0
DA:2333,0
DA:2345,0
DA:2350,0
DA:2351,0
DA:2354,0
DA:2356,0
DA:2357,0
DA:2358,0
DA:2362,0
DA:2363,0
DA:2365,0
DA:2368,0
DA:2369,0
DA:2373,0
DA:2374,0
DA:2375,0
DA:2376,0
DA:2378,0
DA:2380,0
DA:2382,0
DA:2384,0
DA:2386,0
DA:2389,0
DA:2393,0
DA:2395,0
DA:2397,0
DA:2400,0
DA:2401,0
DA:2404,0
DA:2405,0
DA:2412,0
DA:2413,0
DA:2437,0
DA:2450,0
DA:2451,0
DA:2455,0
DA:2456,0
DA:2458,0
DA:2459,0
DA:2460,0
DA:2461,0
DA:2466,0
DA:2480,0
DA:2483,0
DA:2484,0
DA:2485,0
DA:2507,0
DA:2520,0
DA:2521,0
DA:2525,0
DA:2526,0
DA:2528,0
DA:2529,0
DA:2530,0
DA:2532,0
DA:2539,0
DA:2548,0
DA:2553,0
DA:2554,0
DA:2555,0
DA:2557,0
DA:2563,0
DA:2571,0
DA:2575,0
DA:2579,0
DA:2584,0
DA:2587,0
DA:2594,0
DA:2599,0
DA:2602,0
DA:2606,0
DA:2616,0
DA:2625,0
DA:2626,0
DA:2627,0
DA:2628,0
DA:2630,0
DA:2636,0
DA:2644,0
DA:2645,0
DA:2650,0
DA:2651,0
DA:2652,0
DA:2653,0
DA:2655,0
DA:2664,0
DA:2665,0
DA:2666,0
DA:2667,0
DA:2668,0
DA:2669,0
DA:2670,0
DA:2671,0
DA:2672,0
DA:2673,0
DA:2674,0
DA:2685,0
DA:2690,0
DA:2691,0
DA:2694,0
DA:2695,0
DA:2698,0
DA:2700,0
DA:2707,0
DA:2709,0
DA:2713,0
DA:2715,0
DA:2720,0
DA:2721,0
DA:2722,0
DA:2724,0
DA:2728,0
DA:2730,0
DA:2732,0
DA:2733,0
DA:2740,0
DA:2743,0
DA:2745,0
DA:2747,0
DA:2750,0
DA:2754,0
DA:2755,0
DA:2756,0
DA:2774,0
DA:2781,0
DA:2782,0
DA:2785,0
DA:2786,0
DA:2789,0
DA:2791,0
DA:2798,0
DA:2800,0
DA:2804,0
DA:2806,0
DA:2811,0
DA:2812,0
DA:2815,0
DA:2817,0
DA:2819,0
DA:2823,0
DA:2825,0
DA:2827,0
DA:2828,0
DA:2831,0
DA:2835,0
DA:2838,0
DA:2840,0
DA:2842,0
DA:2845,0
DA:2849,0
DA:2850,0
DA:2851,0
DA:2867,0
DA:2872,0
DA:2873,0
DA:2876,0
DA:2877,0
DA:2880,0
DA:2882,0
DA:2889,0
DA:2891,0
DA:2895,0
DA:2897,0
DA:2902,0
DA:2903,0
DA:2904,0
DA:2906,0
DA:2910,0
DA:2912,0
DA:2914,0
DA:2915,0
DA:2916,0
DA:2922,0
DA:2925,0
DA:2927,0
DA:2929,0
DA:2932,0
DA:2936,0
DA:2937,0
DA:2938,0
DA:2951,0
DA:2952,0
DA:2953,0
DA:2956,0
DA:2957,0
DA:2959,0
DA:2963,0
DA:2969,0
DA:2970,0
DA:2971,0
DA:2974,0
DA:2975,0
DA:2977,0
DA:2981,0
DA:2988,0
DA:2989,0
DA:2990,0
DA:2993,0
DA:2994,0
DA:2997,0
DA:2999,0
DA:3001,0
DA:3005,0
DA:3007,0
DA:3009,0
DA:3011,0
DA:3014,0
DA:3015,0
DA:3016,0
DA:3017,0
DA:3027,0
DA:3028,0
DA:3029,0
DA:3032,0
DA:3033,0
DA:3036,0
DA:3038,0
DA:3040,0
DA:3044,0
DA:3047,0
DA:3049,0
DA:3051,0
DA:3054,0
DA:3055,0
DA:3056,0
DA:3057,0
DA:3075,0
DA:3083,0
DA:3084,0
DA:3087,0
DA:3088,0
DA:3091,0
DA:3093,0
DA:3100,0
DA:3102,0
DA:3106,0
DA:3108,0
DA:3113,0
DA:3114,0
DA:3115,0
DA:3116,0
DA:3123,0
DA:3124,0
DA:3128,0
DA:3129,0
DA:3131,0
DA:3133,0
DA:3134,0
DA:3140,0
DA:3142,0
DA:3144,0
DA:3147,0
DA:3151,0
DA:3154,0
DA:3156,0
DA:3158,0
DA:3161,0
DA:3165,0
DA:3166,0
DA:3167,0
DA:3168,0
DA:3186,0
DA:3194,0
DA:3195,0
DA:3198,0
DA:3199,0
DA:3202,0
DA:3204,0
DA:3211,0
DA:3213,0
DA:3217,0
DA:3219,0
DA:3224,0
DA:3225,0
DA:3226,0
DA:3229,0
DA:3230,0
DA:3235,0
DA:3236,0
DA:3237,0
DA:3241,0
DA:3242,0
DA:3244,0
DA:3246,0
DA:3247,0
DA:3253,0
DA:3255,0
DA:3257,0
DA:3260,0
DA:3264,0
DA:3267,0
DA:3269,0
DA:3271,0
DA:3274,0
DA:3278,0
DA:3279,0
DA:3280,0
DA:3281,0
DA:3289,0
DA:3291,0
DA:3292,0
DA:3293,0
DA:3295,0
DA:3305,0
DA:3310,0
DA:3311,0
DA:3314,0
DA:3315,0
DA:3318,0
DA:3319,0
DA:3321,0
DA:3323,0
DA:3325,0
DA:3326,0
DA:3327,0
DA:3331,0
DA:3334,0
DA:3336,0
DA:3338,0
DA:3341,0
DA:3342,0
DA:3343,0
DA:3360,0
DA:3369,0
DA:3370,0
DA:3373,0
DA:3374,0
DA:3377,0
DA:3380,0
DA:3383,0
DA:3384,0
DA:3395,0
DA:3397,0
DA:3399,0
DA:3400,0
DA:3401,0
DA:3402,0
DA:3406,0
DA:3409,0
DA:3411,0
DA:3413,0
DA:3416,0
DA:3417,0
DA:3418,0
DA:3435,0
DA:3443,0
DA:3444,0
DA:3447,0
DA:3448,0
DA:3451,0
DA:3452,0
DA:3457,0
DA:3458,0
DA:3460,0
DA:3461,0
DA:3463,0
DA:3468,0
DA:3469,0
DA:3474,0
DA:3476,0
DA:3481,0
DA:3482,0
DA:3485,0
DA:3486,0
DA:3490,0
DA:3496,0
DA:3502,0
DA:3505,0
DA:3506,0
DA:3511,0
DA:3513,0
DA:3515,0
DA:3516,0
DA:3517,0
DA:3518,0
DA:3522,0
DA:3524,0
DA:3527,0
DA:3529,0
DA:3531,0
DA:3534,0
DA:3535,0
DA:3537,0
DA:3552,0
DA:3559,0
DA:3560,0
DA:3563,0
DA:3564,0
DA:3567,0
DA:3570,0
DA:3573,0
DA:3574,0
DA:3583,0
DA:3585,0
DA:3587,0
DA:3588,0
DA:3589,0
DA:3593,0
DA:3596,0
DA:3598,0
DA:3600,0
DA:3603,0
DA:3604,0
DA:3605,0
DA:3614,1
DA:3620,2
DA:3622,0
DA:3623,0
DA:3627,1
DA:3628,0
DA:3630,1
DA:3631,0
DA:3632,0
DA:3633,0
DA:3641,0
DA:3642,0
DA:3644,0
DA:3646,0
DA:3659,0
DA:3664,0
DA:3665,0
DA:3668,0
DA:3669,0
DA:3673,0
DA:3676,0
DA:3679,0
DA:3682,0
DA:3683,0
DA:3689,0
DA:3691,0
DA:3693,0
DA:3694,0
DA:3699,0
DA:3702,0
DA:3704,0
DA:3706,0
DA:3707,0
DA:3709,0
DA:3713,0
DA:3714,0
DA:3715,0
DA:3730,0
DA:3734,0
DA:3735,0
DA:3738,0
DA:3739,0
DA:3743,0
DA:3745,0
DA:3749,0
DA:3752,0
DA:3755,0
DA:3757,0
DA:3760,0
DA:3765,0
DA:3768,0
DA:3770,0
DA:3771,0
DA:3772,0
DA:3776,0
DA:3780,0
DA:3783,0
DA:3785,0
DA:3787,0
DA:3790,0
DA:3794,0
DA:3795,0
DA:3796,0
DA:3797,0
DA:3811,0
DA:3815,0
DA:3816,0
DA:3819,0
DA:3820,0
DA:3824,0
DA:3826,0
DA:3830,0
DA:3833,0
DA:3836,0
DA:3838,0
DA:3841,0
DA:3846,0
DA:3849,0
DA:3851,0
DA:3852,0
DA:3853,0
DA:3857,0
DA:3861,0
DA:3864,0
DA:3866,0
DA:3868,0
DA:3871,0
DA:3875,0
DA:3876,0
DA:3877,0
DA:3878,0
DA:3899,0
DA:3908,0
DA:3909,0
DA:3912,0
DA:3913,0
DA:3917,0
DA:3928,0
DA:3930,0
DA:3933,0
DA:3938,0
DA:3941,0
DA:3943,0
DA:3944,0
DA:3945,0
DA:3950,0
DA:3954,0
DA:3957,0
DA:3959,0
DA:3961,0
DA:3965,0
DA:3969,0
DA:3970,0
DA:3971,0
DA:3972,0
DA:3990,0
DA:3996,0
DA:3997,0
DA:4000,0
DA:4001,0
DA:4007,0
DA:4008,0
DA:4009,0
DA:4010,0
DA:4011,0
DA:4012,0
DA:4014,0
DA:4015,0
DA:4016,0
DA:4023,0
DA:4024,0
DA:4025,0
DA:4036,0
DA:4037,0
DA:4038,0
DA:4040,0
DA:4047,0
DA:4048,0
DA:4049,0
DA:4051,0
DA:4058,0
DA:4059,0
DA:4060,0
DA:4063,0
DA:4064,0
DA:4066,0
DA:4067,0
DA:4069,0
DA:4074,0
DA:4075,0
DA:4077,0
DA:4085,0
DA:4088,0
DA:4089,0
DA:4095,0
DA:4097,0
DA:4099,0
DA:4100,0
DA:4101,0
DA:4102,0
DA:4103,0
DA:4107,0
DA:4110,0
DA:4112,0
DA:4114,0
DA:4115,0
DA:4116,0
DA:4120,0
DA:4121,0
DA:4122,0
DA:4123,0
DA:4133,1
DA:4134,1
DA:4135,0
DA:4139,2
DA:4142,3
DA:4145,1
DA:4146,1
DA:4147,1
DA:4148,1
DA:4149,1
DA:4153,2
DA:4154,1
DA:4155,1
DA:4156,1
DA:4157,1
DA:4159,1
DA:4162,1
DA:4163,2
DA:4164,1
DA:4165,2
DA:4166,0
DA:4167,0
DA:4169,0
DA:4174,1
DA:4175,0
DA:4177,0
DA:4178,0
DA:4179,0
DA:4180,0
DA:4182,0
DA:4185,0
DA:4186,0
DA:4187,0
DA:4188,0
DA:4189,0
DA:4190,0
DA:4192,0
DA:4201,1
DA:4202,1
DA:4203,1
DA:4204,0
DA:4205,0
DA:4206,0
DA:4207,0
DA:4212,0
DA:4213,0
DA:4214,0
DA:4215,0
DA:4216,0
DA:4217,0
DA:4218,0
DA:4219,0
DA:4228,0
DA:4233,0
DA:4234,0
DA:4236,0
DA:4240,0
DA:4241,0
DA:4245,0
DA:4246,0
DA:4253,1
DA:4254,1
DA:4255,0
DA:4258,2
DA:4259,0
DA:4261,0
DA:4265,2
DA:4268,2
DA:4269,2
DA:4271,2
DA:4276,5
DA:4282,1
DA:4283,1
DA:4284,0
DA:4287,1
DA:4288,0
DA:4290,0
DA:4294,2
DA:4297,3
DA:4300,3
DA:4307,1
DA:4312,1
DA:4313,0
DA:4316,1
DA:4317,0
DA:4319,0
DA:4323,2
DA:4324,1
DA:4327,1
DA:4330,1
DA:4331,3
DA:4334,1
DA:4336,2
DA:4338,1
DA:4340,1
DA:4343,2
DA:4346,2
DA:4348,1
DA:4350,2
DA:4353,2
DA:4354,3
DA:4355,1
DA:4364,1
DA:4370,1
DA:4371,0
DA:4374,1
DA:4375,0
DA:4377,0
DA:4381,1
DA:4382,0
DA:4384,0
DA:4388,2
DA:4389,1
DA:4392,1
DA:4395,1
DA:4396,3
DA:4399,1
DA:4401,2
DA:4403,1
DA:4405,1
DA:4408,2
DA:4411,0
DA:4413,0
DA:4415,0
DA:4418,0
DA:4419,0
DA:4420,0
DA:4432,0
DA:4440,0
DA:4441,0
DA:4444,0
DA:4445,0
DA:4447,0
DA:4451,0
DA:4452,0
DA:4455,0
DA:4464,0
DA:4466,0
DA:4468,0
DA:4471,0
DA:4473,0
DA:4475,0
DA:4477,0
DA:4480,0
DA:4481,0
DA:4482,0
DA:4487,2
DA:4488,4
DA:4492,4
DA:4495,4
DA:4498,10
DA:4501,2
DA:4503,0
DA:4508,2
DA:4509,2
DA:4511,4
DA:4514,2
DA:4516,2
DA:4517,4
DA:4519,0
DA:4521,0
DA:4524,2
DA:4529,0
DA:4530,0
DA:4531,0
DA:4534,0
DA:4535,0
DA:4536,0
DA:4537,0
DA:4542,0
DA:4543,0
DA:4544,0
DA:4546,0
DA:4547,0
DA:4548,0
DA:4554,0
DA:4555,0
DA:4556,0
DA:4557,0
DA:4558,0
DA:4559,0
DA:4560,0
DA:4561,0
DA:4562,0
DA:4563,0
DA:4564,0
DA:4565,0
DA:4566,0
DA:4567,0
DA:4568,0
DA:4572,0
DA:4573,0
DA:4574,0
DA:4575,0
DA:4576,0
DA:4581,0
DA:4582,0
DA:4586,0
DA:4587,0
DA:4591,0
DA:4592,0
DA:4593,0
DA:4594,0
DA:4598,0
DA:4599,0
DA:4600,0
DA:4601,0
DA:4606,0
DA:4610,0
DA:4611,0
DA:4612,0
DA:4613,0
DA:4614,0
DA:4615,0
DA:4617,0
DA:4618,0
DA:4628,0
DA:4630,0
DA:4631,0
DA:4633,0
DA:4634,0
DA:4636,0
DA:4639,0
DA:4643,0
DA:4645,0
DA:4646,0
DA:4648,0
DA:4649,0
DA:4650,0
DA:4652,0
DA:4661,0
DA:4662,0
DA:4677,0
DA:4682,0
DA:4683,0
DA:4687,0
DA:4689,0
DA:4692,0
DA:4694,0
DA:4709,0
DA:4715,0
DA:4716,0
DA:4719,0
DA:4732,0
DA:4733,0
DA:4734,0
DA:4738,0
DA:4740,0
DA:4748,0
DA:4752,0
DA:4753,0
DA:4756,0
DA:4758,0
DA:4761,0
DA:4763,0
DA:4773,0
DA:4774,0
DA:4775,0
DA:4778,0
DA:4786,0
DA:4787,0
DA:4788,0
DA:4791,0
DA:4797,0
DA:4798,0
DA:4799,0
DA:4802,0
DA:4810,0
DA:4811,0
DA:4812,0
DA:4815,0
DA:4823,0
DA:4824,0
DA:4825,0
DA:4831,0
DA:4832,0
DA:4833,0
DA:4834,0
DA:4835,0
DA:4840,0
DA:4844,0
DA:4845,0
DA:4846,0
DA:4847,0
DA:4848,0
DA:4853,0
DA:4857,0
DA:4858,0
DA:4859,0
DA:4861,0
DA:4866,0
DA:4872,0
DA:4874,0
DA:4877,0
DA:4879,0
DA:4887,0
DA:4888,0
DA:4889,0
DA:4893,0
DA:4894,0
DA:4895,0
DA:4896,0
DA:4903,0
DA:4904,0
DA:4905,0
DA:4906,0
DA:4907,0
DA:4909,0
DA:4910,0
DA:4914,0
DA:4915,0
DA:4916,0
DA:4917,0
DA:4918,0
DA:4920,0
DA:4921,0
DA:4925,0
DA:4926,0
DA:4927,0
DA:4928,0
DA:4929,0
DA:4931,0
DA:4932,0
DA:4936,0
DA:4937,0
DA:4938,0
DA:4939,0
DA:4948,0
DA:4949,0
DA:4950,0
DA:4954,0
DA:4956,0
DA:4957,0
DA:4959,0
DA:4960,0
DA:4961,0
DA:4962,0
DA:4967,0
DA:4975,0
DA:4978,0
DA:4983,0
DA:4986,0
DA:5007,2
DA:5009,0
DA:5010,0
DA:5011,0
DA:5012,0
DA:5014,0
DA:5017,0
DA:5021,0
DA:5022,0
DA:5025,0
DA:5027,0
DA:5044,1
DA:5049,1
LF:1831
LH:239
end_of_record
SF:lib/src/platform/notification/android_notification.dart
DA:36,2
DA:38,4
DA:42,6
DA:43,6
DA:44,6
DA:45,4
DA:46,4
DA:47,4
DA:48,4
DA:52,6
DA:53,0
DA:54,0
DA:55,0
DA:58,0
DA:59,0
DA:65,4
DA:66,2
DA:67,2
DA:68,2
DA:69,2
DA:70,2
DA:71,4
DA:72,2
DA:76,2
DA:77,2
DA:78,2
DA:81,4
DA:83,0
DA:84,0
DA:88,0
DA:89,0
DA:90,0
DA:92,0
DA:94,0
DA:95,0
DA:96,0
DA:98,0
DA:99,0
DA:100,0
DA:101,0
DA:102,0
DA:107,2
DA:115,6
DA:119,2
DA:120,2
DA:121,2
DA:122,4
DA:125,4
DA:129,2
DA:130,4
DA:131,2
DA:132,2
DA:133,2
DA:138,4
DA:140,6
DA:142,2
DA:143,3
DA:147,0
DA:149,0
DA:153,0
DA:158,0
DA:159,0
DA:161,0
DA:163,0
DA:164,0
DA:169,1
DA:170,2
DA:173,1
DA:174,2
DA:175,2
DA:177,2
DA:179,0
DA:180,0
DA:185,2
DA:186,4
DA:190,0
DA:191,0
DA:195,0
DA:197,0
DA:200,0
DA:201,0
DA:206,0
DA:207,0
DA:212,3
DA:215,3
DA:217,0
DA:218,0
DA:219,0
DA:220,0
DA:221,0
LF:90
LH:48
end_of_record
SF:lib/src/platform/notification/ios_notification.dart
DA:34,2
DA:36,4
DA:40,4
DA:41,4
DA:45,6
DA:46,0
DA:47,0
DA:48,0
DA:51,0
DA:52,0
DA:58,4
DA:59,2
DA:60,2
DA:61,4
DA:65,2
DA:66,2
DA:67,2
DA:69,4
DA:72,4
DA:74,0
DA:75,0
DA:79,0
DA:80,0
DA:81,0
DA:83,0
DA:85,0
DA:86,0
DA:87,0
DA:89,0
DA:90,0
DA:91,0
DA:92,0
DA:93,0
DA:98,1
DA:106,3
DA:110,1
DA:111,1
DA:112,1
DA:113,2
DA:116,1
DA:119,2
DA:123,1
DA:124,2
DA:125,1
DA:126,1
DA:127,1
DA:134,2
DA:136,3
DA:138,0
DA:139,0
DA:143,0
DA:145,0
DA:149,0
DA:154,0
DA:155,0
DA:157,0
DA:159,0
DA:160,0
DA:165,0
DA:166,0
DA:169,0
DA:170,0
DA:171,0
DA:174,0
DA:176,0
DA:178,0
DA:179,0
DA:184,1
DA:185,2
DA:189,0
DA:190,0
DA:194,0
DA:197,0
DA:199,0
DA:204,1
DA:205,3
DA:209,1
DA:211,4
DA:212,2
DA:215,2
DA:219,2
DA:221,3
DA:226,0
DA:228,0
DA:231,0
DA:232,0
DA:237,0
DA:238,0
DA:243,3
DA:246,0
DA:248,0
DA:249,0
DA:250,0
DA:251,0
DA:252,0
LF:95
LH:40
end_of_record
SF:lib/src/platform/notification/desktop_notification.dart
DA:30,4
DA:32,0
DA:36,2
DA:38,8
DA:42,4
DA:43,4
DA:44,4
DA:48,6
DA:49,0
DA:50,0
DA:51,0
DA:54,0
DA:55,0
DA:61,4
DA:62,2
DA:63,4
DA:64,2
DA:67,8
DA:69,0
DA:70,0
DA:74,0
DA:75,0
DA:76,0
DA:78,0
DA:80,0
DA:81,0
DA:82,0
DA:84,0
DA:85,0
DA:86,0
DA:87,0
DA:92,2
DA:100,8
DA:104,1
DA:105,2
DA:106,2
DA:107,4
DA:110,4
DA:114,2
DA:115,4
DA:116,2
DA:117,2
DA:121,8
DA:123,0
DA:124,0
DA:128,0
DA:130,0
DA:133,0
DA:136,0
DA:138,0
DA:140,0
DA:141,0
DA:146,0
DA:147,0
DA:150,0
DA:151,0
DA:153,0
DA:155,0
DA:156,0
DA:161,1
DA:162,2
DA:166,0
DA:167,0
DA:171,0
DA:173,0
DA:176,0
DA:177,0
DA:182,0
DA:183,0
DA:188,0
DA:191,3
DA:193,0
DA:194,0
DA:195,0
DA:196,0
LF:75
LH:27
end_of_record
SF:lib/src/platform/notification/web_notification.dart
DA:24,1
DA:26,2
DA:29,1
DA:30,2
DA:35,0
DA:36,0
DA:40,0
DA:42,0
DA:43,0
DA:44,0
DA:45,0
DA:46,0
DA:47,0
DA:50,0
DA:54,1
DA:62,3
DA:64,1
DA:65,2
DA:66,1
DA:70,0
DA:71,0
DA:73,0
DA:74,0
DA:76,0
DA:77,0
DA:78,0
DA:83,0
DA:86,0
DA:94,0
DA:95,0
DA:96,0
DA:101,0
DA:103,0
DA:104,0
DA:105,0
DA:107,0
DA:110,0
DA:111,0
DA:112,0
DA:118,0
DA:119,0
DA:123,0
DA:125,0
DA:127,0
DA:129,0
DA:130,0
DA:132,0
DA:133,0
DA:139,0
DA:140,0
DA:144,0
DA:145,0
DA:149,0
DA:150,0
DA:152,0
DA:153,0
DA:158,0
DA:159,0
DA:163,0
DA:164,0
DA:165,0
DA:167,0
DA:171,1
DA:173,2
DA:180,0
DA:182,0
DA:186,0
DA:188,0
DA:192,0
DA:193,0
DA:198,0
DA:199,0
DA:204,0
DA:207,0
DA:208,0
DA:209,0
DA:210,0
DA:215,0
LF:78
LH:11
end_of_record
SF:lib/src/config/mcp_constants.dart
DA:6,0
LF:1
LH:0
end_of_record
SF:lib/src/config/plugin_config.dart
DA:8,0
LF:1
LH:0
end_of_record
SF:lib/src/plugins/llm_plugin_integration.dart
DA:25,3
DA:28,0
DA:29,0
DA:32,0
DA:37,0
DA:38,0
DA:39,0
DA:40,0
DA:41,0
DA:42,0
DA:44,0
DA:45,0
DA:46,0
DA:51,0
DA:54,0
DA:57,0
DA:58,0
DA:60,0
DA:63,0
DA:69,0
DA:73,0
DA:75,0
DA:76,0
DA:77,0
DA:84,0
DA:89,0
DA:92,0
DA:95,0
DA:98,0
DA:101,0
DA:103,0
DA:104,0
DA:108,0
DA:110,0
DA:114,0
DA:115,0
DA:116,0
DA:124,0
DA:129,0
DA:132,0
DA:135,0
DA:138,0
DA:141,0
DA:143,0
DA:144,0
DA:148,0
DA:150,0
DA:154,0
DA:155,0
DA:156,0
DA:164,0
DA:176,0
DA:179,0
DA:190,0
DA:192,0
DA:196,0
DA:197,0
DA:206,0
DA:207,0
DA:210,0
DA:216,0
DA:218,0
DA:221,0
DA:223,0
DA:226,0
DA:229,0
DA:231,0
DA:235,0
DA:238,0
DA:240,0
DA:243,0
DA:246,0
DA:248,0
DA:252,0
DA:255,0
DA:257,0
DA:260,0
DA:263,0
DA:265,0
DA:270,0
DA:271,0
DA:275,0
DA:276,0
DA:280,0
DA:281,0
DA:285,0
DA:288,0
DA:289,0
DA:294,0
DA:296,0
DA:301,0
DA:304,0
DA:305,0
DA:306,0
DA:308,0
DA:311,0
DA:317,2
DA:318,6
DA:322,2
DA:323,4
DA:326,4
DA:327,4
DA:328,4
DA:337,0
DA:339,0
DA:340,0
DA:342,0
DA:343,0
DA:345,0
DA:346,0
DA:348,0
DA:353,0
DA:358,0
DA:360,0
DA:362,0
DA:363,0
DA:364,0
DA:365,0
DA:369,0
DA:372,0
DA:375,0
DA:377,0
DA:378,0
DA:379,0
DA:386,0
DA:390,0
DA:391,0
DA:394,0
DA:398,0
DA:399,0
DA:404,0
DA:406,0
DA:408,0
DA:418,0
DA:420,0
DA:421,0
DA:423,0
DA:424,0
DA:426,0
DA:427,0
DA:429,0
DA:434,0
DA:439,0
DA:441,0
DA:443,0
DA:444,0
DA:445,0
DA:446,0
DA:447,0
DA:451,0
DA:454,0
DA:455,0
DA:460,0
DA:462,0
DA:463,0
DA:464,0
DA:466,0
DA:472,0
DA:474,0
DA:475,0
DA:478,0
DA:480,0
DA:482,0
DA:483,0
DA:484,0
DA:486,0
DA:487,0
DA:488,0
DA:489,0
DA:490,0
DA:491,0
DA:493,0
DA:494,0
DA:495,0
DA:496,0
DA:503,0
DA:507,0
DA:520,0
DA:522,0
DA:523,0
DA:525,0
DA:526,0
DA:528,0
DA:529,0
DA:531,0
DA:536,0
DA:541,0
DA:543,0
DA:545,0
DA:546,0
DA:548,0
DA:549,0
DA:550,0
DA:551,0
DA:552,0
DA:553,0
DA:554,0
DA:559,0
DA:560,0
DA:561,0
DA:566,0
DA:569,0
DA:572,0
DA:574,0
DA:575,0
DA:576,0
DA:577,0
DA:583,0
DA:585,0
DA:588,0
DA:590,0
DA:591,0
DA:592,0
DA:593,0
DA:595,0
DA:596,0
DA:599,0
DA:600,0
DA:602,0
DA:603,0
DA:605,0
DA:606,0
DA:609,0
DA:616,0
DA:617,0
DA:621,0
LF:226
LH:8
end_of_record
SF:lib/src/utils/error_recovery.dart
DA:9,21
DA:12,10
DA:26,10
DA:27,10
DA:31,10
DA:34,7
DA:35,21
DA:36,7
DA:37,7
DA:38,7
DA:48,7
DA:53,6
DA:56,3
DA:57,6
DA:58,2
DA:59,2
DA:66,3
DA:71,7
DA:78,21
DA:79,7
DA:85,7
DA:91,0
DA:92,0
DA:93,0
DA:94,0
DA:99,3
DA:107,3
DA:109,6
DA:110,3
DA:115,3
DA:117,4
DA:118,2
DA:123,2
DA:124,2
DA:135,3
DA:144,6
DA:147,2
DA:148,3
DA:149,9
DA:153,3
DA:154,12
DA:155,3
DA:156,6
DA:160,3
DA:161,1
DA:162,1
DA:171,1
DA:178,1
DA:181,5
DA:182,3
DA:185,1
DA:188,1
DA:190,3
DA:191,1
DA:192,1
DA:200,1
DA:208,1
DA:210,3
DA:213,1
DA:214,3
DA:216,2
DA:217,1
DA:223,1
DA:224,1
DA:232,1
DA:247,1
DA:248,1
DA:253,0
DA:261,1
DA:264,1
DA:265,3
DA:266,1
DA:267,1
DA:268,1
DA:278,1
DA:281,0
DA:282,0
DA:283,0
DA:284,0
DA:291,0
DA:296,1
DA:306,1
DA:309,3
DA:310,1
DA:316,1
DA:322,0
DA:323,0
DA:324,0
DA:325,0
DA:330,7
DA:342,35
DA:345,7
DA:346,21
DA:347,14
DA:348,7
DA:351,2
DA:355,7
DA:359,1
DA:367,1
DA:369,3
DA:371,1
DA:372,1
DA:375,1
DA:376,1
DA:377,1
DA:388,1
DA:396,1
DA:399,3
DA:401,4
DA:406,2
DA:407,2
DA:417,1
LF:112
LH:98
end_of_record
SF:lib/src/config/mcp_config.dart
DA:36,0
DA:47,0
DA:48,0
DA:49,0
DA:50,0
DA:53,0
DA:54,0
DA:57,0
DA:58,0
DA:61,0
DA:62,0
DA:65,0
DA:66,0
DA:69,0
DA:70,0
DA:101,0
DA:112,0
DA:113,0
DA:114,0
DA:115,0
DA:116,0
DA:119,0
DA:120,0
DA:123,0
DA:124,0
DA:127,0
DA:128,0
DA:131,0
DA:132,0
DA:154,0
DA:162,0
DA:163,0
DA:164,0
DA:165,0
DA:166,0
DA:185,0
DA:193,0
DA:194,0
DA:195,0
DA:196,0
DA:197,0
DA:297,11
DA:332,2
DA:333,2
DA:334,2
DA:335,2
DA:336,2
DA:337,2
DA:338,2
DA:339,2
DA:340,2
DA:341,2
DA:344,2
DA:345,3
DA:348,2
DA:349,0
DA:352,2
DA:353,0
DA:356,2
DA:357,0
DA:360,2
DA:361,0
DA:364,2
DA:365,0
DA:368,2
DA:369,0
DA:372,2
DA:373,0
DA:376,2
DA:377,0
DA:380,2
DA:381,0
DA:384,2
DA:386,0
DA:387,0
DA:388,0
DA:389,0
DA:390,0
DA:391,0
DA:392,0
DA:393,0
DA:397,2
DA:399,0
DA:400,0
DA:401,0
DA:402,0
DA:403,0
DA:404,0
DA:405,0
DA:406,0
DA:410,2
DA:412,0
DA:413,0
DA:414,0
DA:417,0
DA:419,0
DA:420,0
DA:421,0
DA:423,0
DA:424,0
DA:425,0
DA:427,0
DA:430,0
DA:433,2
DA:435,0
DA:438,2
DA:440,0
DA:443,2
DA:445,0
DA:448,2
DA:449,0
DA:452,2
DA:453,0
DA:457,2
DA:458,4
DA:461,2
DA:462,4
DA:465,2
DA:466,4
DA:469,2
DA:470,4
DA:474,2
DA:475,0
DA:476,0
DA:477,0
DA:486,0
DA:519,0
DA:520,0
DA:521,0
DA:522,0
DA:523,0
DA:524,0
DA:525,0
DA:526,0
DA:527,0
DA:528,0
DA:529,0
DA:530,0
DA:531,0
DA:532,0
DA:533,0
DA:534,0
DA:535,0
DA:536,0
DA:537,0
DA:538,0
DA:539,0
DA:540,0
DA:541,0
DA:542,0
DA:543,0
DA:544,0
DA:545,0
DA:546,0
DA:547,0
DA:548,0
DA:549,0
DA:550,0
LF:158
LH:39
end_of_record
SF:lib/src/config/job.dart
DA:27,1
DA:39,1
DA:49,1
DA:50,1
DA:51,1
DA:52,1
DA:53,1
DA:54,1
DA:55,1
DA:56,1
DA:57,1
DA:62,0
DA:67,0
DA:76,0
DA:81,0
DA:91,0
DA:97,0
DA:99,0
DA:100,0
DA:101,0
DA:110,0
DA:117,0
DA:119,0
DA:120,0
DA:121,0
DA:130,0
DA:131,0
DA:132,0
DA:133,0
DA:134,0
DA:135,0
DA:136,0
DA:137,0
DA:138,0
LF:34
LH:11
end_of_record
SF:lib/src/core/client_manager.dart
DA:17,3
DA:18,6
DA:22,2
DA:23,4
DA:24,8
DA:28,2
DA:29,6
DA:30,6
DA:38,1
DA:39,2
DA:43,1
DA:44,3
DA:48,1
DA:49,3
DA:53,2
DA:54,6
DA:55,4
DA:57,4
DA:58,4
DA:63,2
DA:64,4
DA:65,6
DA:66,0
DA:71,1
DA:72,1
DA:73,2
DA:74,5
DA:75,2
DA:76,2
DA:77,2
LF:30
LH:29
end_of_record
SF:lib/src/core/server_manager.dart
DA:18,3
DA:19,6
DA:23,2
DA:24,4
DA:26,2
DA:27,6
DA:31,2
DA:32,6
DA:33,6
DA:41,0
DA:42,0
DA:43,0
DA:45,0
DA:50,0
DA:51,0
DA:55,1
DA:56,3
DA:60,1
DA:61,3
DA:65,1
DA:66,3
DA:67,2
DA:69,2
DA:70,1
DA:71,0
DA:73,2
DA:78,2
DA:79,4
DA:80,7
DA:81,1
DA:86,1
DA:87,1
DA:88,2
DA:89,3
DA:90,2
DA:91,2
DA:92,2
DA:93,1
DA:94,1
DA:95,1
DA:96,1
DA:97,1
DA:98,1
DA:99,1
DA:100,1
DA:101,1
DA:102,1
LF:47
LH:40
end_of_record
SF:lib/src/core/llm_manager.dart
DA:43,3
DA:44,3
DA:46,9
DA:50,2
DA:51,4
DA:56,0
DA:57,0
DA:58,0
DA:62,0
DA:63,0
DA:64,0
DA:69,0
DA:70,0
DA:71,0
DA:77,1
DA:78,3
DA:80,3
DA:89,0
DA:90,0
DA:91,0
DA:93,0
DA:101,0
DA:104,0
DA:106,0
DA:110,0
DA:111,0
DA:117,0
DA:118,0
DA:119,0
DA:121,0
DA:129,0
DA:132,0
DA:134,0
DA:138,0
DA:139,0
DA:145,0
DA:146,0
DA:148,0
DA:155,0
DA:156,0
DA:157,0
DA:164,0
DA:165,0
DA:167,0
DA:174,0
DA:175,0
DA:176,0
DA:183,0
DA:188,0
DA:191,0
DA:194,0
DA:203,0
DA:205,0
DA:215,0
DA:216,0
DA:218,0
DA:219,0
DA:220,0
DA:222,0
DA:224,0
DA:234,0
DA:235,0
DA:237,0
DA:241,0
DA:246,0
DA:249,0
DA:252,0
DA:261,0
DA:263,0
DA:273,0
DA:274,0
DA:276,0
DA:277,0
DA:278,0
DA:280,0
DA:282,0
DA:292,0
DA:293,0
DA:295,0
DA:299,0
DA:300,0
DA:302,0
DA:310,0
DA:311,0
DA:312,0
DA:314,0
DA:316,0
DA:322,0
DA:324,0
DA:325,0
DA:327,0
DA:329,0
DA:339,0
DA:340,0
DA:341,0
DA:343,0
DA:349,0
DA:353,0
DA:356,0
DA:359,0
DA:364,0
DA:366,0
DA:372,0
DA:373,0
DA:375,0
DA:379,0
DA:382,0
DA:384,0
DA:385,0
DA:386,0
DA:392,0
DA:396,0
DA:399,0
DA:402,0
DA:407,0
DA:409,0
DA:415,0
DA:416,0
DA:418,0
DA:422,0
DA:425,0
DA:427,0
DA:428,0
DA:429,0
DA:435,0
DA:439,0
DA:442,0
DA:445,0
DA:454,0
DA:455,0
DA:456,0
DA:457,0
DA:458,0
DA:465,0
DA:467,0
DA:477,0
DA:478,0
DA:480,0
DA:481,0
DA:482,0
DA:484,0
DA:486,0
DA:497,0
DA:501,0
DA:504,0
DA:507,0
DA:516,0
DA:517,0
DA:518,0
DA:519,0
DA:520,0
DA:527,0
DA:529,0
DA:539,0
DA:540,0
DA:542,0
DA:543,0
DA:544,0
DA:546,0
DA:548,0
DA:559,0
DA:560,0
DA:562,0
DA:570,0
DA:571,0
DA:575,0
DA:580,0
DA:581,0
DA:585,0
DA:586,0
DA:588,0
DA:596,0
DA:597,0
DA:601,0
DA:606,0
DA:607,0
DA:611,1
DA:612,2
DA:616,0
DA:617,0
DA:618,0
DA:622,0
DA:623,0
DA:624,0
DA:628,0
DA:629,0
DA:633,0
DA:634,0
DA:635,0
DA:636,0
DA:642,0
DA:643,0
DA:644,0
DA:645,0
DA:651,0
DA:652,0
DA:658,0
DA:659,0
DA:660,0
DA:667,0
DA:668,0
DA:674,0
DA:675,0
DA:676,0
DA:683,0
DA:684,0
DA:685,0
DA:686,0
DA:692,0
DA:693,0
DA:694,0
DA:695,0
DA:701,0
DA:702,0
DA:706,0
DA:707,0
DA:711,0
DA:712,0
DA:716,0
DA:717,0
DA:721,0
DA:722,0
DA:723,0
DA:729,0
DA:730,0
DA:734,0
DA:735,0
DA:739,0
DA:740,0
DA:742,0
DA:743,0
DA:744,0
DA:749,0
DA:750,0
DA:752,0
DA:753,0
DA:754,0
DA:760,0
DA:764,0
DA:765,0
DA:767,0
DA:769,0
DA:774,0
DA:776,0
DA:780,0
DA:781,0
DA:782,0
DA:786,0
DA:789,0
DA:793,0
DA:794,0
DA:796,0
DA:798,0
DA:803,0
DA:805,0
DA:809,0
DA:810,0
DA:811,0
DA:815,0
DA:818,0
DA:822,2
DA:823,4
DA:824,2
DA:827,6
DA:829,0
DA:831,0
DA:832,0
DA:837,4
DA:840,4
DA:841,4
DA:843,4
DA:845,2
DA:846,0
DA:849,0
DA:851,0
DA:859,1
DA:860,1
DA:861,2
DA:862,5
DA:863,2
DA:864,2
DA:865,2
DA:866,2
DA:867,1
DA:868,1
DA:870,2
DA:875,0
DA:886,0
DA:888,0
DA:900,0
DA:902,0
DA:906,0
DA:911,0
DA:912,0
DA:914,0
DA:916,0
DA:920,0
DA:925,0
DA:926,0
DA:928,0
DA:930,0
DA:937,0
DA:948,1
DA:949,1
LF:304
LH:32
end_of_record
SF:lib/src/core/scheduler.dart
DA:30,2
DA:33,3
DA:36,3
DA:39,1
DA:40,2
DA:44,1
DA:45,6
DA:46,3
DA:47,4
DA:52,1
DA:53,3
DA:54,2
DA:58,1
DA:59,1
DA:60,2
DA:64,2
DA:67,1
DA:68,4
DA:69,1
DA:73,3
DA:74,6
DA:77,3
DA:78,2
DA:79,1
DA:82,3
DA:86,1
DA:87,1
DA:88,5
DA:90,4
DA:91,1
DA:92,1
DA:94,6
DA:97,1
DA:98,0
DA:103,2
DA:104,0
DA:108,1
DA:109,4
DA:111,3
DA:115,1
DA:121,1
DA:122,3
DA:125,1
DA:130,2
DA:133,1
DA:138,1
DA:142,2
DA:145,1
DA:146,2
DA:148,1
DA:151,3
DA:154,1
DA:155,0
DA:156,0
DA:160,2
DA:161,2
DA:162,3
DA:163,2
DA:164,2
DA:168,1
DA:171,3
DA:174,1
DA:175,0
DA:176,0
DA:180,2
DA:183,3
DA:186,2
DA:189,2
DA:194,1
DA:195,2
DA:199,0
DA:200,0
DA:204,0
DA:205,0
DA:209,0
DA:210,0
DA:214,0
DA:215,0
DA:219,0
DA:220,0
DA:222,0
DA:223,0
DA:228,0
DA:229,0
DA:231,0
DA:232,0
DA:237,0
DA:238,0
DA:240,0
DA:249,0
DA:251,0
DA:252,0
DA:253,0
DA:254,0
DA:255,0
DA:260,1
DA:261,2
DA:264,4
DA:265,0
DA:270,1
DA:271,1
DA:272,0
DA:274,3
DA:278,0
DA:279,0
DA:280,0
DA:281,0
DA:282,0
DA:283,0
DA:295,1
DA:302,1
DA:303,2
DA:304,1
DA:308,1
DA:309,2
DA:310,1
DA:311,1
DA:315,0
DA:316,0
DA:317,0
DA:318,0
DA:319,0
DA:320,0
DA:321,0
DA:322,0
LF:125
LH:78
end_of_record
SF:lib/src/platform/platform_services.dart
DA:40,0
DA:43,2
DA:44,2
DA:45,0
DA:49,4
DA:54,2
DA:57,2
DA:58,1
DA:62,2
DA:63,0
DA:64,0
DA:66,0
DA:67,0
DA:70,0
DA:76,2
DA:77,0
DA:78,0
DA:80,0
DA:81,0
DA:84,0
DA:90,2
DA:91,0
DA:92,0
DA:94,0
DA:95,0
DA:98,0
DA:104,2
DA:105,2
DA:108,2
DA:109,4
DA:111,0
DA:112,0
DA:113,0
DA:118,2
DA:119,4
DA:123,4
DA:124,0
DA:128,4
DA:131,6
DA:132,4
DA:133,4
DA:136,0
DA:137,0
DA:142,1
DA:143,2
DA:146,3
DA:147,2
DA:150,3
DA:151,2
DA:155,0
DA:156,0
DA:161,0
DA:162,0
DA:165,0
DA:166,0
DA:167,0
DA:173,0
DA:174,0
DA:175,0
DA:176,0
DA:180,0
DA:181,0
DA:186,0
DA:187,0
DA:190,0
DA:191,0
DA:192,0
DA:197,0
DA:198,0
DA:203,0
DA:204,0
DA:207,0
DA:208,0
DA:209,0
DA:215,0
DA:216,0
DA:217,0
DA:218,0
DA:222,0
DA:223,0
DA:228,2
DA:229,4
DA:232,4
DA:233,4
DA:236,6
DA:237,4
DA:238,2
DA:239,4
DA:243,0
DA:244,0
DA:249,0
DA:250,0
DA:251,0
DA:254,0
DA:257,0
DA:258,0
DA:259,0
DA:266,0
DA:267,0
DA:271,0
DA:272,0
DA:279,0
DA:280,0
DA:281,0
DA:284,0
DA:287,0
DA:288,0
DA:289,0
DA:296,0
DA:297,0
DA:301,0
DA:302,0
DA:309,0
DA:315,0
DA:316,0
DA:319,0
DA:322,0
DA:323,0
DA:324,0
DA:337,0
DA:338,0
DA:342,0
DA:343,0
DA:355,0
DA:356,0
DA:357,0
DA:360,0
DA:361,0
DA:365,0
DA:366,0
DA:367,0
DA:374,0
DA:375,0
DA:376,0
DA:379,0
DA:382,0
DA:383,0
DA:384,0
DA:392,0
DA:393,0
DA:396,0
DA:397,0
DA:404,0
DA:405,0
DA:406,0
DA:409,0
DA:412,0
DA:413,0
DA:414,0
DA:421,0
DA:422,0
DA:425,0
DA:426,0
DA:433,0
DA:434,0
DA:435,0
DA:438,0
DA:439,0
DA:442,0
DA:443,0
DA:444,0
DA:451,0
DA:452,0
DA:453,0
DA:456,0
DA:457,0
DA:460,0
DA:461,0
DA:468,0
DA:469,0
DA:470,0
DA:473,0
DA:474,0
DA:478,0
DA:479,0
DA:480,0
DA:487,0
DA:488,0
DA:489,0
DA:492,0
DA:493,0
DA:497,0
DA:498,0
DA:499,0
DA:506,0
DA:507,0
DA:508,0
DA:511,0
DA:512,0
DA:516,0
DA:517,0
DA:518,0
DA:525,2
DA:526,2
DA:527,0
DA:530,2
DA:531,0
DA:535,4
DA:536,4
DA:540,2
DA:541,4
DA:544,6
DA:546,2
DA:548,2
DA:552,4
DA:553,2
DA:554,4
DA:558,0
DA:559,0
DA:562,0
DA:564,0
DA:566,0
DA:570,0
DA:574,0
DA:577,0
DA:578,0
DA:579,0
DA:581,0
DA:585,0
DA:586,0
DA:587,0
DA:589,0
DA:593,0
DA:594,0
DA:595,0
DA:597,0
LF:226
LH:47
end_of_record
SF:lib/src/utils/logger.dart
DA:33,42
DA:54,0
DA:63,0
DA:66,75
DA:71,6
DA:74,16
DA:75,4
DA:80,0
DA:93,0
DA:94,0
DA:95,0
DA:99,0
DA:100,0
DA:103,0
DA:106,0
DA:110,0
DA:112,0
DA:119,0
DA:120,0
DA:121,0
DA:125,0
DA:128,0
DA:129,0
DA:132,0
DA:137,0
DA:140,0
DA:143,0
DA:144,0
DA:147,0
DA:149,0
DA:155,0
DA:164,0
DA:180,0
DA:184,0
DA:189,0
DA:194,0
DA:197,0
DA:200,0
DA:205,0
DA:206,0
DA:207,0
DA:210,0
DA:213,0
DA:218,0
DA:221,0
DA:222,0
DA:225,0
DA:226,0
DA:227,0
DA:228,0
DA:229,0
DA:230,0
DA:231,0
DA:234,0
DA:236,0
DA:237,0
DA:240,0
DA:241,0
DA:242,0
DA:243,0
DA:250,23
DA:251,46
DA:252,34
DA:255,23
DA:256,46
DA:260,23
DA:261,46
DA:265,0
DA:266,0
DA:270,4
DA:271,4
DA:275,18
DA:276,18
DA:280,11
DA:281,11
DA:285,11
DA:286,11
DA:290,11
DA:291,11
DA:295,21
DA:296,84
DA:300,3
DA:301,3
DA:302,12
DA:305,3
DA:306,6
DA:310,0
DA:311,0
DA:312,0
DA:314,0
DA:315,0
DA:318,0
DA:319,0
DA:325,3
DA:332,3
DA:336,6
DA:341,3
DA:343,6
DA:345,0
DA:349,9
DA:352,3
DA:356,2
DA:361,2
DA:364,3
DA:368,0
DA:375,0
DA:379,0
DA:383,0
DA:386,0
DA:390,0
DA:395,0
DA:398,0
DA:402,0
DA:409,0
DA:410,0
DA:416,0
DA:420,0
DA:424,0
DA:427,0
DA:431,3
DA:433,3
DA:435,3
DA:437,2
DA:439,2
DA:441,1
DA:449,2
DA:451,0
DA:456,2
DA:458,0
DA:464,0
DA:465,0
DA:466,0
DA:467,0
DA:473,0
DA:474,0
DA:475,0
DA:480,0
DA:481,0
LF:138
LH:47
end_of_record
SF:lib/src/utils/exceptions.dart
DA:25,14
DA:34,7
DA:44,5
DA:46,5
DA:48,5
DA:49,6
DA:52,15
DA:54,5
DA:55,15
DA:58,5
DA:59,6
DA:62,5
DA:68,1
DA:72,2
DA:74,0
DA:82,0
DA:83,0
DA:98,2
DA:103,2
DA:104,2
DA:106,4
DA:114,1
DA:118,2
DA:120,0
DA:128,0
DA:129,0
DA:147,1
DA:157,1
DA:158,2
DA:162,1
DA:163,1
DA:164,3
DA:165,0
DA:166,0
DA:167,0
DA:176,3
DA:180,6
DA:182,1
DA:190,1
DA:191,1
DA:209,8
DA:212,8
DA:214,2
DA:222,2
DA:232,4
DA:234,4
DA:236,4
DA:237,0
DA:240,12
DA:242,4
DA:243,12
DA:246,4
DA:247,0
DA:250,4
DA:259,3
DA:264,3
DA:266,0
DA:275,0
DA:280,0
DA:297,0
DA:306,0
DA:307,0
DA:312,0
DA:313,0
DA:314,0
DA:317,0
DA:318,0
DA:328,2
DA:333,4
DA:335,0
DA:344,0
DA:345,0
DA:349,0
DA:363,0
DA:367,0
DA:369,0
DA:376,0
DA:377,0
DA:379,0
DA:380,0
DA:381,0
DA:382,0
DA:383,0
DA:395,5
DA:401,5
DA:402,5
DA:404,5
DA:409,2
DA:411,2
DA:413,2
DA:414,6
DA:417,6
DA:419,4
DA:420,4
DA:421,10
DA:422,2
DA:424,4
DA:427,2
DA:428,6
DA:431,2
DA:437,0
DA:441,0
DA:443,0
DA:450,0
DA:463,0
DA:467,0
DA:469,0
DA:477,0
DA:478,0
DA:490,1
DA:494,2
DA:496,0
DA:504,0
DA:505,0
LF:114
LH:66
end_of_record
SF:lib/src/plugins/plugin_system.dart
DA:125,2
DA:126,2
DA:127,2
DA:128,2
DA:130,8
DA:133,8
DA:136,6
DA:137,3
DA:138,1
DA:140,1
DA:145,2
DA:146,4
DA:150,2
DA:151,6
DA:154,4
DA:155,4
DA:158,6
DA:160,3
DA:161,1
DA:163,2
DA:171,2
DA:172,6
DA:178,6
DA:179,4
DA:180,4
DA:181,2
DA:187,3
DA:193,2
DA:195,0
DA:200,6
DA:201,4
DA:204,4
DA:207,4
DA:208,4
DA:209,0
DA:212,6
DA:216,2
DA:217,6
DA:218,10
DA:219,4
DA:226,1
DA:227,1
DA:229,3
DA:230,3
DA:231,1
DA:232,1
DA:241,2
DA:242,2
DA:245,1
DA:249,2
DA:250,4
DA:251,2
DA:255,3
DA:256,1
DA:258,2
DA:266,1
DA:267,1
DA:270,0
DA:274,1
DA:275,2
DA:276,1
DA:280,0
DA:281,0
DA:283,0
DA:291,2
DA:296,2
DA:299,1
DA:303,2
DA:304,4
DA:305,2
DA:309,3
DA:310,1
DA:312,2
DA:320,0
DA:328,0
DA:331,0
DA:335,0
DA:343,0
DA:344,0
DA:346,0
DA:354,0
DA:355,0
DA:358,0
DA:362,0
DA:364,0
DA:365,0
DA:367,0
DA:375,0
DA:376,0
DA:379,0
DA:383,0
DA:385,0
DA:386,0
DA:388,0
DA:396,0
DA:397,0
DA:400,0
DA:404,0
DA:406,0
DA:407,0
DA:409,0
DA:417,0
DA:418,0
DA:421,0
DA:425,0
DA:427,0
DA:428,0
DA:430,0
DA:438,0
DA:439,0
DA:443,0
DA:447,0
DA:448,0
DA:449,0
DA:452,0
DA:453,0
DA:458,0
DA:459,0
DA:463,0
DA:464,0
DA:465,0
DA:466,0
DA:467,0
DA:471,0
DA:472,0
DA:474,0
DA:477,0
DA:480,0
DA:481,0
DA:482,0
DA:489,0
DA:491,0
DA:492,0
DA:498,0
DA:499,0
DA:500,0
DA:501,0
DA:503,0
DA:504,0
DA:509,1
DA:510,1
DA:512,3
DA:513,2
DA:520,1
DA:521,1
DA:525,0
DA:526,0
DA:530,0
DA:533,0
DA:534,0
DA:535,0
DA:541,0
DA:545,0
DA:549,0
DA:550,0
DA:551,0
DA:553,0
DA:554,0
DA:563,2
DA:564,2
DA:566,2
DA:568,1
DA:570,0
DA:572,0
DA:574,0
DA:588,0
DA:590,0
DA:591,0
DA:593,0
DA:594,0
DA:596,0
DA:597,0
DA:599,0
DA:600,0
DA:602,0
DA:603,0
DA:605,0
DA:607,0
DA:608,0
DA:611,0
DA:613,0
DA:614,0
DA:615,0
DA:616,0
DA:617,0
DA:621,0
DA:622,0
DA:624,0
DA:625,0
DA:628,0
DA:631,0
DA:632,0
DA:636,0
DA:644,0
DA:646,0
DA:647,0
DA:649,0
DA:650,0
DA:652,0
DA:653,0
DA:655,0
DA:656,0
DA:658,0
DA:659,0
DA:661,0
DA:663,0
DA:664,0
DA:665,0
DA:666,0
DA:667,0
DA:671,0
DA:673,0
DA:674,0
DA:675,0
DA:676,0
DA:677,0
DA:678,0
DA:687,0
DA:689,0
DA:690,0
DA:692,0
DA:693,0
DA:695,0
DA:696,0
DA:698,0
DA:699,0
DA:701,0
DA:702,0
DA:704,0
DA:706,0
DA:707,0
DA:708,0
DA:709,0
DA:713,0
DA:715,0
DA:716,0
DA:717,0
DA:718,0
DA:719,0
DA:720,0
DA:721,0
DA:722,0
DA:723,0
DA:724,0
LF:244
LH:77
end_of_record
SF:lib/src/utils/resource_manager.dart
DA:37,6
DA:45,18
DA:48,12
DA:49,0
DA:50,0
DA:51,0
DA:55,0
DA:58,18
DA:67,24
DA:70,0
DA:71,0
DA:72,0
DA:76,12
DA:80,0
DA:87,0
DA:90,0
DA:98,3
DA:105,3
DA:108,6
DA:116,1
DA:117,2
DA:121,2
DA:122,2
DA:123,1
DA:130,2
DA:131,4
DA:135,3
DA:136,6
DA:137,0
DA:141,6
DA:142,0
DA:147,3
DA:148,0
DA:153,12
DA:156,12
DA:158,9
DA:162,0
DA:164,0
DA:165,0
DA:166,0
DA:167,0
DA:172,0
DA:173,0
DA:174,0
DA:175,0
DA:181,6
DA:183,12
DA:184,9
DA:185,6
DA:186,6
DA:187,9
DA:188,9
DA:189,6
DA:193,6
DA:197,12
DA:198,0
DA:199,0
DA:200,0
DA:201,0
DA:202,0
DA:203,0
DA:207,0
DA:211,18
DA:212,6
DA:216,24
DA:220,3
DA:222,3
DA:226,5
DA:228,10
DA:229,0
DA:234,10
DA:235,0
DA:236,0
DA:246,5
DA:247,10
DA:248,0
DA:252,15
DA:256,19
DA:257,18
DA:260,12
DA:261,3
DA:266,15
DA:269,5
DA:272,10
DA:274,10
DA:276,0
DA:277,0
DA:278,0
DA:279,0
DA:287,4
DA:288,8
DA:290,4
DA:294,22
DA:297,8
DA:298,8
DA:301,12
DA:304,8
DA:306,4
DA:308,4
DA:314,8
DA:315,8
DA:318,12
DA:319,8
DA:321,0
DA:322,0
DA:323,0
DA:325,8
DA:328,4
DA:334,8
DA:335,8
DA:336,8
DA:337,8
DA:339,0
DA:340,0
DA:343,4
DA:344,0
DA:349,0
DA:352,6
DA:357,1
DA:365,1
DA:376,1
DA:377,3
DA:379,2
DA:380,5
DA:381,3
DA:382,1
DA:384,1
DA:386,2
DA:388,1
DA:390,0
DA:391,0
DA:392,0
DA:396,1
DA:397,0
DA:402,1
DA:403,2
DA:404,5
DA:405,3
DA:406,1
DA:410,1
DA:411,1
DA:412,1
DA:413,1
DA:414,2
DA:415,1
DA:416,2
DA:417,1
DA:422,1
DA:423,1
DA:425,2
DA:426,0
DA:427,0
DA:434,0
DA:435,0
DA:436,0
DA:437,0
DA:438,0
DA:439,0
DA:452,6
DA:460,6
DA:461,6
DA:463,18
DA:464,6
LF:163
LH:107
end_of_record
SF:lib/src/utils/performance_monitor.dart
DA:35,21
DA:38,14
DA:41,7
DA:53,0
DA:60,0
DA:62,0
DA:63,0
DA:68,0
DA:69,0
DA:74,0
DA:78,0
DA:80,0
DA:81,0
DA:82,0
DA:83,0
DA:85,0
DA:87,0
DA:92,1
DA:93,2
DA:94,3
DA:98,1
DA:99,2
DA:100,3
DA:104,5
DA:105,15
DA:108,10
DA:109,10
DA:112,5
DA:113,0
DA:120,5
DA:121,10
DA:124,0
DA:129,5
DA:130,5
DA:133,10
DA:136,5
DA:144,5
DA:145,0
DA:146,0
DA:155,3
DA:156,12
DA:157,9
DA:159,3
DA:160,0
DA:165,1
DA:166,2
DA:167,4
DA:169,1
DA:170,0
DA:175,4
DA:176,16
DA:177,12
DA:179,4
DA:180,0
DA:181,0
DA:186,1
DA:195,4
DA:196,4
DA:199,3
DA:201,1
DA:202,1
DA:208,4
DA:209,0
DA:213,1
DA:214,0
DA:216,0
DA:221,5
DA:227,20
DA:228,15
DA:231,15
DA:234,5
DA:240,20
DA:241,2
DA:246,1
DA:247,2
DA:251,1
DA:252,2
DA:254,1
DA:258,1
DA:259,1
DA:261,1
DA:262,1
DA:263,2
DA:264,5
DA:265,5
DA:266,5
DA:267,2
DA:272,2
DA:273,2
DA:276,2
DA:277,6
DA:278,8
DA:280,2
DA:283,2
DA:284,6
DA:285,6
DA:286,6
DA:287,6
DA:288,6
DA:289,4
DA:290,4
DA:293,2
DA:296,2
DA:297,6
DA:298,6
DA:299,4
DA:300,4
DA:301,4
DA:302,4
DA:305,2
DA:311,0
DA:315,0
DA:316,0
DA:317,0
DA:320,0
DA:325,0
DA:327,0
DA:332,0
DA:333,0
DA:335,0
DA:336,0
DA:338,0
DA:341,0
DA:347,0
DA:349,0
DA:350,0
DA:352,0
DA:358,0
DA:360,0
DA:363,0
DA:364,0
DA:365,0
DA:366,0
DA:367,0
DA:371,0
DA:374,0
DA:380,0
DA:381,0
DA:386,0
DA:387,0
DA:391,0
DA:392,0
DA:395,0
DA:396,0
DA:397,0
DA:399,0
DA:402,0
DA:406,1
DA:407,2
DA:408,2
DA:409,2
DA:410,2
DA:411,2
DA:413,2
DA:417,1
DA:418,1
DA:419,1
DA:421,1
DA:432,3
DA:435,4
DA:438,3
DA:439,6
DA:440,6
DA:444,0
DA:445,0
DA:446,0
DA:450,0
DA:451,0
DA:452,0
DA:453,0
DA:454,0
DA:455,0
DA:471,6
DA:474,4
DA:477,18
DA:480,9
DA:481,15
DA:485,12
DA:488,6
DA:491,2
DA:492,4
DA:494,4
DA:495,6
DA:498,8
DA:502,6
DA:503,12
DA:504,12
DA:506,12
DA:508,12
DA:509,6
DA:512,12
DA:513,6
DA:517,12
DA:520,24
DA:521,0
DA:526,0
DA:527,0
DA:528,0
DA:529,0
DA:530,0
DA:531,0
DA:532,0
DA:536,2
DA:537,2
DA:538,2
DA:539,2
DA:540,2
DA:541,2
DA:542,4
DA:543,4
DA:544,4
DA:545,4
DA:546,10
DA:560,4
DA:563,4
DA:566,4
DA:569,4
DA:572,18
DA:575,0
DA:576,0
DA:580,4
DA:581,4
DA:582,8
DA:583,8
DA:585,8
DA:586,4
DA:591,0
DA:592,0
DA:596,0
DA:597,0
DA:598,0
DA:599,0
DA:600,0
DA:604,1
DA:605,1
DA:606,1
DA:607,1
DA:608,1
DA:609,1
DA:610,1
DA:613,1
DA:614,0
DA:616,0
DA:618,0
DA:634,6
DA:643,1
DA:644,1
DA:645,1
DA:646,2
DA:647,2
DA:648,1
DA:651,1
DA:652,0
LF:253
LH:161
end_of_record
SF:lib/src/utils/event_system.dart
DA:31,24
DA:34,16
DA:37,8
DA:40,8
DA:41,8
DA:42,0
DA:43,0
DA:47,16
DA:49,7
DA:50,0
DA:52,21
DA:57,9
DA:60,3
DA:61,0
DA:65,9
DA:69,3
DA:70,9
DA:73,6
DA:74,9
DA:78,9
DA:81,9
DA:82,9
DA:83,3
DA:84,6
DA:86,3
DA:88,0
DA:93,6
DA:96,3
DA:102,1
DA:103,2
DA:104,0
DA:108,3
DA:111,3
DA:112,2
DA:115,2
DA:118,7
DA:119,3
DA:120,2
DA:121,2
DA:128,0
DA:129,0
DA:132,0
DA:133,0
DA:134,0
DA:137,0
DA:138,0
DA:139,0
DA:143,0
DA:144,0
DA:150,0
DA:151,0
DA:152,0
DA:153,0
DA:157,0
DA:158,0
DA:162,0
DA:166,0
DA:171,0
DA:174,0
DA:175,0
DA:179,0
DA:182,0
DA:183,0
DA:184,0
DA:185,0
DA:187,0
DA:189,0
DA:194,0
DA:197,0
DA:198,0
DA:199,0
DA:200,0
DA:201,0
DA:202,0
DA:212,0
DA:218,0
DA:221,0
DA:222,0
DA:226,0
DA:232,0
DA:233,0
DA:234,0
DA:235,0
DA:237,0
DA:241,0
DA:242,0
DA:243,0
DA:247,0
DA:252,0
DA:256,0
DA:257,0
DA:258,0
DA:259,0
DA:265,0
DA:266,0
DA:267,0
DA:268,0
DA:269,0
DA:270,0
DA:273,0
DA:274,0
DA:275,0
DA:286,0
DA:287,0
DA:291,0
DA:296,0
DA:299,0
DA:300,0
DA:304,0
DA:307,0
DA:308,0
DA:309,0
DA:310,0
DA:311,0
DA:313,0
DA:315,0
DA:320,0
DA:326,0
DA:331,0
DA:334,0
DA:335,0
DA:339,0
DA:346,0
DA:347,0
DA:348,0
DA:349,0
DA:352,0
DA:355,0
DA:356,0
DA:360,0
DA:366,0
DA:372,0
DA:373,0
DA:374,0
DA:379,0
DA:380,0
DA:384,0
DA:385,0
DA:386,0
DA:391,0
DA:392,0
DA:397,0
DA:400,0
DA:403,0
DA:404,0
DA:409,3
DA:410,6
DA:414,0
DA:415,0
DA:416,0
DA:417,0
DA:418,0
DA:425,8
DA:426,16
DA:430,0
DA:431,0
DA:432,0
DA:436,0
DA:437,0
DA:438,0
DA:440,0
DA:441,0
DA:444,0
DA:445,0
DA:448,0
DA:449,0
DA:453,0
DA:458,0
DA:462,0
DA:465,0
DA:467,0
DA:471,0
DA:472,0
DA:475,0
DA:476,0
DA:480,0
DA:481,0
DA:485,0
DA:486,0
DA:487,0
DA:488,0
DA:494,0
DA:499,0
DA:501,0
DA:502,0
DA:503,0
DA:504,0
DA:505,0
DA:506,0
DA:509,0
DA:510,0
DA:511,0
DA:512,0
DA:516,0
DA:517,0
DA:518,0
DA:522,0
DA:531,0
DA:534,0
DA:535,0
LF:200
LH:37
end_of_record
SF:lib/src/utils/memory_manager.dart
DA:14,9
DA:17,21
DA:20,14
DA:23,7
DA:24,14
DA:25,14
DA:26,14
DA:45,4
DA:51,2
DA:54,4
DA:57,3
DA:62,3
DA:63,3
DA:65,15
DA:67,10
DA:68,1
DA:71,3
DA:74,3
DA:78,2
DA:79,2
DA:81,4
DA:83,4
DA:84,2
DA:85,2
DA:89,3
DA:90,6
DA:94,0
DA:95,0
DA:99,3
DA:101,3
DA:104,3
DA:105,6
DA:108,12
DA:109,0
DA:113,6
DA:114,3
DA:118,6
DA:120,3
DA:121,5
DA:124,12
DA:127,3
DA:128,4
DA:129,4
DA:132,3
DA:134,1
DA:135,1
DA:139,2
DA:141,1
DA:143,0
DA:148,1
DA:153,3
DA:157,0
DA:158,6
DA:159,0
DA:160,6
DA:161,3
DA:165,0
DA:167,0
DA:168,0
DA:173,0
DA:176,0
DA:178,0
DA:179,0
DA:184,0
DA:187,0
DA:189,0
DA:191,0
DA:195,3
DA:198,3
DA:200,9
DA:202,0
DA:206,0
DA:207,0
DA:208,0
DA:209,0
DA:212,0
DA:213,0
DA:214,0
DA:218,0
DA:221,0
DA:226,1
DA:231,2
DA:237,2
DA:238,1
DA:239,1
DA:240,3
DA:241,1
DA:248,4
DA:255,4
DA:257,12
DA:258,12
DA:259,4
DA:262,8
DA:263,4
DA:264,4
DA:268,6
DA:269,3
DA:277,1
DA:286,1
DA:287,1
DA:289,3
DA:290,3
DA:291,1
DA:294,2
DA:295,1
DA:297,1
DA:299,1
DA:304,1
DA:305,1
DA:308,0
DA:309,0
DA:317,1
DA:324,3
DA:325,3
DA:326,1
DA:329,2
DA:330,1
DA:334,2
DA:335,1
DA:341,2
DA:344,2
DA:347,2
DA:348,2
DA:349,2
DA:350,2
DA:351,2
DA:352,2
DA:353,2
DA:354,4
DA:359,2
DA:360,2
DA:361,4
DA:362,4
DA:373,3
DA:379,9
DA:383,3
DA:384,3
DA:385,9
DA:392,3
DA:396,2
DA:397,4
DA:401,4
DA:404,2
DA:405,4
DA:410,2
DA:414,2
DA:415,4
DA:416,2
DA:420,1
DA:421,2
DA:425,2
DA:426,2
DA:428,2
DA:429,8
DA:433,3
DA:435,12
DA:436,2
DA:441,2
DA:442,4
DA:448,10
DA:451,2
DA:452,4
DA:454,0
DA:460,4
DA:465,1
DA:467,2
DA:469,1
DA:475,0
DA:476,0
DA:477,0
DA:478,0
DA:479,0
DA:482,0
DA:484,0
DA:485,0
DA:488,0
DA:492,9
DA:495,0
DA:498,3
DA:507,3
DA:516,0
DA:517,0
DA:518,0
DA:528,1
DA:530,1
DA:531,3
DA:532,2
DA:536,1
DA:537,2
DA:538,1
DA:541,1
DA:542,2
DA:543,2
DA:544,1
DA:546,2
LF:195
LH:152
end_of_record
SF:lib/src/utils/object_pool.dart
DA:18,3
DA:27,6
DA:28,12
DA:29,6
DA:34,2
DA:36,4
DA:38,2
DA:39,2
DA:42,4
DA:45,4
DA:50,2
DA:51,4
DA:55,4
DA:56,4
DA:59,8
DA:60,4
DA:65,0
DA:66,0
DA:70,0
DA:71,0
DA:72,0
DA:73,0
DA:74,0
DA:80,0
DA:83,0
DA:86,0
LF:26
LH:16
end_of_record
SF:lib/src/utils/circuit_breaker.dart
DA:31,6
DA:39,6
DA:43,8
DA:46,4
DA:49,4
DA:51,8
DA:52,24
DA:53,12
DA:56,4
DA:57,4
DA:62,4
DA:63,4
DA:66,4
DA:72,0
DA:73,0
DA:74,0
DA:75,0
DA:78,0
DA:79,0
DA:85,4
DA:86,8
DA:88,2
DA:89,8
DA:90,8
DA:93,12
DA:94,4
DA:95,4
DA:96,6
DA:102,4
DA:103,8
DA:104,8
DA:107,12
DA:108,4
DA:109,8
DA:110,6
DA:112,2
DA:114,1
DA:115,2
DA:116,1
DA:121,1
DA:122,1
DA:123,1
DA:124,1
DA:125,1
DA:129,0
DA:130,0
DA:131,0
DA:132,0
DA:136,0
DA:137,0
DA:138,0
DA:139,0
DA:147,4
DA:149,0
DA:150,0
LF:55
LH:39
end_of_record
SF:lib/src/utils/semantic_cache.dart
DA:12,0
DA:17,0
DA:20,0
DA:21,0
DA:44,0
DA:52,0
DA:54,0
DA:55,0
DA:58,0
DA:59,0
DA:64,0
DA:65,0
DA:69,0
DA:72,0
DA:76,0
DA:78,0
DA:79,0
DA:81,0
DA:83,0
DA:84,0
DA:92,0
DA:93,0
DA:102,0
DA:107,0
DA:109,0
DA:115,0
DA:118,0
DA:120,0
DA:124,0
DA:126,0
DA:127,0
DA:133,0
DA:136,0
DA:137,0
DA:147,0
DA:151,0
DA:152,0
DA:153,0
DA:154,0
DA:157,0
DA:158,0
DA:159,0
DA:163,0
DA:164,0
DA:165,0
DA:173,0
DA:174,0
DA:177,0
DA:178,0
DA:181,0
DA:182,0
DA:186,0
DA:187,0
DA:192,0
DA:193,0
DA:194,0
DA:198,0
DA:199,0
DA:200,0
DA:207,0
DA:208,0
DA:209,0
DA:210,0
DA:213,0
DA:214,0
DA:216,0
DA:218,0
DA:222,0
DA:225,0
DA:226,0
DA:227,0
DA:228,0
LF:72
LH:0
end_of_record
SF:lib/src/utils/diagnostic_utils.dart
DA:12,3
DA:15,1
DA:16,1
DA:20,3
DA:21,2
DA:25,0
DA:29,2
DA:32,2
DA:35,2
DA:37,2
DA:39,0
DA:40,0
DA:41,0
DA:42,0
DA:50,1
DA:51,1
DA:52,1
DA:54,1
DA:55,1
DA:61,2
DA:62,2
DA:63,2
DA:64,2
DA:66,0
DA:74,1
DA:75,1
DA:78,2
DA:79,2
DA:80,2
DA:87,1
DA:88,1
DA:89,2
DA:94,0
DA:95,0
DA:99,0
DA:102,0
DA:104,0
DA:105,0
DA:106,0
DA:109,0
DA:110,0
DA:111,0
DA:114,0
DA:115,0
DA:116,0
DA:117,0
DA:120,0
DA:121,0
DA:122,0
DA:123,0
DA:127,0
DA:128,0
DA:129,0
DA:132,0
DA:136,0
DA:137,0
DA:138,0
DA:139,0
DA:147,1
DA:148,1
DA:149,2
DA:151,1
DA:156,3
DA:159,3
DA:162,3
DA:165,3
DA:168,3
DA:170,2
DA:172,0
DA:173,0
DA:174,0
DA:175,0
DA:183,1
DA:184,1
DA:186,1
DA:191,2
DA:192,2
DA:196,2
DA:197,2
DA:201,6
DA:202,1
DA:205,0
DA:206,0
DA:213,1
DA:214,1
DA:222,2
DA:225,2
DA:226,1
DA:227,1
DA:230,0
DA:231,0
DA:234,1
DA:235,2
DA:238,1
DA:239,2
DA:246,1
DA:247,1
DA:249,1
DA:254,1
DA:255,2
DA:258,1
DA:259,2
DA:262,1
DA:263,2
DA:265,1
DA:268,0
DA:269,0
DA:276,1
DA:277,2
DA:281,2
DA:282,3
DA:285,1
DA:287,1
DA:291,1
DA:292,4
DA:297,1
DA:298,2
DA:299,2
DA:302,1
DA:303,2
DA:304,3
DA:307,2
DA:310,1
DA:312,1
DA:313,2
DA:315,1
DA:318,1
DA:322,1
DA:327,1
DA:328,2
DA:331,1
DA:332,2
DA:333,2
DA:336,1
DA:337,1
DA:339,1
DA:342,1
DA:343,2
DA:344,1
DA:345,3
DA:350,1
DA:351,2
DA:352,1
DA:356,1
DA:357,1
DA:359,1
DA:364,1
DA:365,3
DA:366,1
DA:367,1
DA:368,2
DA:373,3
DA:378,3
DA:379,3
DA:384,0
DA:386,0
DA:390,1
DA:393,0
DA:394,0
DA:401,1
DA:402,1
DA:409,1
DA:410,3
DA:411,1
DA:412,2
DA:416,3
DA:417,1
DA:418,1
DA:419,1
DA:421,0
DA:425,0
DA:432,1
DA:433,1
DA:435,1
DA:436,1
DA:441,2
DA:442,1
DA:446,0
DA:447,0
DA:451,0
DA:452,0
DA:453,0
DA:458,0
DA:461,0
DA:462,0
DA:469,1
DA:470,1
DA:472,1
DA:476,0
DA:478,0
DA:479,0
DA:481,0
DA:485,0
DA:486,0
DA:488,0
DA:492,0
DA:493,0
DA:495,0
DA:499,0
DA:500,0
DA:502,0
DA:506,2
DA:507,1
DA:508,1
DA:511,0
DA:512,0
DA:519,0
DA:520,0
DA:521,0
DA:523,0
DA:528,0
DA:529,0
DA:530,0
DA:533,0
DA:534,0
DA:538,0
DA:540,0
DA:541,0
DA:543,0
DA:544,0
DA:545,0
DA:546,0
DA:550,0
DA:551,0
DA:555,0
DA:556,0
DA:557,0
DA:558,0
DA:559,0
DA:560,0
DA:562,0
DA:563,0
DA:564,0
DA:566,0
DA:568,0
DA:574,0
DA:575,0
DA:576,0
DA:577,0
DA:582,0
DA:583,0
DA:584,0
DA:587,0
DA:589,0
DA:591,0
DA:592,0
DA:593,0
DA:595,0
DA:600,0
DA:601,0
DA:602,0
DA:604,0
DA:606,0
DA:612,0
DA:613,0
DA:614,0
DA:615,0
DA:620,0
DA:621,0
DA:622,0
DA:624,0
DA:625,0
DA:626,0
DA:631,0
DA:632,0
DA:636,0
DA:638,0
DA:639,0
DA:640,0
DA:641,0
DA:642,0
LF:271
LH:135
end_of_record
SF:lib/src/utils/platform_utils.dart
DA:7,0
DA:10,2
DA:13,2
DA:14,2
DA:15,2
DA:16,0
DA:17,0
DA:18,0
DA:21,0
DA:27,1
DA:30,2
DA:32,0
DA:38,2
DA:41,4
DA:43,0
DA:49,0
DA:52,0
DA:54,0
DA:60,0
DA:63,0
DA:65,0
DA:71,0
DA:74,0
DA:76,0
DA:82,1
DA:85,0
DA:88,0
DA:91,0
DA:93,0
DA:99,0
DA:102,0
DA:104,0
DA:110,1
DA:113,1
DA:114,1
DA:115,1
DA:116,0
DA:117,0
DA:120,0
DA:124,0
DA:130,1
DA:132,0
DA:137,1
DA:140,0
DA:144,0
DA:150,1
DA:152,0
DA:157,1
DA:158,1
DA:159,1
DA:160,0
DA:161,0
DA:164,0
DA:168,0
DA:174,0
DA:175,0
DA:176,0
DA:177,0
DA:178,0
DA:179,0
DA:180,0
DA:181,0
DA:182,0
DA:185,0
DA:191,1
DA:192,1
DA:193,1
DA:194,1
DA:195,1
DA:197,1
DA:198,1
DA:199,1
DA:204,0
DA:207,0
DA:218,0
DA:221,0
DA:234,0
DA:237,0
DA:238,0
DA:239,0
DA:240,0
DA:241,0
LF:82
LH:27
end_of_record
SF:lib/src/core/dependency_injection.dart
DA:10,1
DA:12,1
DA:15,1
DA:16,3
DA:17,3
DA:18,3
DA:20,1
DA:21,5
DA:23,1
DA:24,3
DA:30,9
DA:33,6
DA:35,3
DA:47,3
DA:48,3
DA:49,9
DA:50,9
DA:54,1
DA:55,1
DA:56,3
DA:57,3
DA:61,3
DA:62,3
DA:63,9
DA:64,6
DA:68,1
DA:69,1
DA:72,2
DA:73,2
DA:77,2
DA:79,1
DA:81,2
DA:82,2
DA:86,2
DA:90,3
DA:94,1
DA:95,1
DA:96,4
DA:100,1
DA:101,1
DA:102,2
DA:103,2
DA:107,1
DA:108,2
DA:109,2
DA:113,3
DA:115,1
DA:126,3
DA:134,6
DA:137,2
DA:138,4
DA:142,0
DA:143,0
DA:147,2
DA:148,4
DA:152,0
DA:153,0
DA:157,0
DA:158,0
DA:164,0
DA:165,0
DA:167,0
DA:168,0
LF:63
LH:53
end_of_record
SF:lib/src/core/batch_manager.dart
DA:27,2
DA:44,0
DA:67,4
DA:68,4
DA:72,4
DA:75,1
DA:80,2
DA:81,1
DA:84,1
DA:86,2
DA:87,3
DA:88,3
DA:90,2
DA:91,1
DA:93,3
DA:94,3
DA:99,0
DA:104,0
DA:106,0
DA:109,0
DA:110,0
DA:111,0
DA:114,0
DA:117,0
DA:119,0
DA:123,2
DA:128,5
DA:129,4
DA:131,2
DA:134,8
DA:137,2
DA:138,8
DA:139,8
DA:140,4
DA:144,2
DA:145,6
DA:147,6
DA:148,4
DA:149,6
DA:151,2
DA:152,4
DA:153,2
DA:157,4
DA:158,8
DA:161,6
DA:164,2
DA:165,2
DA:170,0
DA:171,0
DA:172,0
DA:173,0
DA:181,2
DA:185,2
DA:186,2
DA:189,2
DA:190,4
DA:192,4
DA:194,2
DA:195,2
DA:198,3
DA:199,0
DA:202,1
DA:204,5
DA:210,2
DA:211,0
DA:218,0
DA:219,0
DA:221,0
DA:224,0
DA:226,0
DA:227,0
DA:229,0
DA:230,0
DA:232,0
DA:234,0
DA:239,0
DA:243,0
DA:250,0
DA:252,0
DA:255,0
DA:258,0
DA:260,0
DA:262,0
DA:263,0
DA:264,0
DA:270,0
DA:271,0
DA:276,0
DA:282,0
DA:284,0
DA:287,0
DA:290,0
DA:291,0
DA:293,0
DA:295,0
DA:300,0
DA:301,0
DA:302,0
DA:307,0
DA:313,0
DA:315,0
DA:318,0
DA:321,0
DA:322,0
DA:324,0
DA:326,0
DA:331,0
DA:332,0
DA:337,2
DA:338,4
DA:340,2
DA:343,1
DA:345,1
DA:346,1
DA:347,1
DA:348,1
DA:349,1
DA:354,0
DA:355,0
DA:356,0
DA:357,0
DA:363,0
DA:364,0
DA:366,0
DA:371,0
DA:372,0
DA:376,0
DA:377,0
DA:378,0
DA:379,0
DA:382,0
DA:384,0
DA:385,0
DA:388,0
DA:389,0
DA:390,0
DA:395,2
DA:396,6
DA:397,0
DA:416,1
DA:423,1
DA:424,1
DA:425,1
DA:429,0
DA:430,0
DA:433,0
DA:434,0
DA:439,1
DA:440,1
DA:442,3
DA:446,0
DA:447,0
DA:448,0
DA:450,0
DA:455,0
DA:456,0
DA:460,0
DA:464,0
DA:465,0
DA:466,0
DA:469,0
DA:470,0
DA:471,0
DA:472,0
DA:473,0
DA:474,0
DA:477,0
DA:480,0
DA:481,0
DA:487,0
DA:488,0
DA:489,0
DA:490,0
DA:492,0
DA:497,2
DA:498,3
DA:499,2
DA:500,2
DA:501,3
DA:504,0
DA:505,0
DA:506,0
DA:509,0
DA:510,0
DA:511,0
DA:512,0
LF:186
LH:72
end_of_record
SF:lib/src/security/oauth_manager.dart
DA:25,2
DA:47,2
DA:55,8
DA:57,4
DA:58,2
DA:59,2
DA:60,4
DA:61,2
DA:62,2
DA:65,2
DA:66,2
DA:67,2
DA:68,2
DA:69,4
DA:70,2
DA:71,4
DA:83,0
DA:90,0
DA:107,0
DA:109,0
DA:115,3
DA:123,3
DA:125,3
DA:129,6
DA:130,0
DA:136,3
DA:143,1
DA:149,3
DA:154,1
DA:156,2
DA:157,2
DA:160,1
DA:161,0
DA:162,0
DA:163,0
DA:167,0
DA:168,0
DA:169,0
DA:178,1
DA:180,2
DA:181,0
DA:182,0
DA:186,0
DA:188,0
DA:189,0
DA:191,0
DA:196,1
DA:200,1
DA:201,2
DA:203,2
DA:207,0
DA:210,0
DA:214,0
DA:215,0
DA:216,0
DA:220,0
DA:221,0
DA:222,0
DA:223,0
DA:224,0
DA:225,0
DA:226,0
DA:227,0
DA:228,0
DA:229,0
DA:233,0
DA:236,0
DA:237,0
DA:240,0
DA:246,0
DA:248,0
DA:252,0
DA:255,0
DA:259,0
DA:260,0
DA:261,0
DA:262,0
DA:263,0
DA:268,0
DA:275,0
DA:276,0
DA:278,0
DA:279,0
DA:282,0
DA:283,0
DA:292,0
DA:297,0
DA:300,0
DA:301,0
DA:302,0
DA:303,0
DA:304,0
DA:305,0
DA:306,0
DA:309,0
DA:310,0
DA:311,0
DA:313,0
DA:314,0
DA:315,0
DA:316,0
DA:318,0
DA:319,0
DA:321,0
DA:322,0
DA:323,0
DA:324,0
DA:327,0
DA:329,0
DA:330,0
DA:331,0
DA:332,0
DA:333,0
DA:335,0
DA:336,0
DA:340,0
DA:341,0
DA:350,0
DA:351,0
DA:353,0
DA:357,0
DA:359,0
DA:362,0
DA:363,0
DA:366,0
DA:367,0
DA:368,0
DA:370,0
DA:371,0
DA:372,0
DA:373,0
DA:375,0
DA:376,0
DA:378,0
DA:379,0
DA:380,0
DA:381,0
DA:384,0
DA:386,0
DA:387,0
DA:388,0
DA:389,0
DA:390,0
DA:392,0
DA:393,0
DA:397,0
DA:398,0
DA:400,0
DA:404,0
DA:405,0
DA:414,0
DA:416,0
DA:417,0
DA:418,0
DA:421,0
DA:426,1
DA:428,3
DA:430,0
DA:431,0
DA:434,0
DA:440,0
DA:441,0
DA:442,0
DA:443,0
DA:447,0
DA:448,0
DA:450,0
DA:454,1
DA:456,2
DA:457,2
DA:459,0
DA:461,0
DA:462,0
DA:464,0
DA:465,0
DA:466,0
DA:467,0
DA:470,0
DA:471,0
DA:472,0
DA:473,0
DA:475,0
DA:476,0
DA:478,0
DA:483,2
DA:484,3
DA:486,3
DA:488,0
DA:493,0
DA:494,0
DA:495,0
DA:496,0
DA:501,1
DA:502,2
DA:503,0
DA:507,0
DA:508,0
DA:509,0
DA:514,0
DA:516,0
DA:517,0
DA:518,0
DA:520,0
DA:522,0
DA:523,0
DA:524,0
DA:527,0
DA:534,0
DA:535,0
DA:536,0
DA:537,0
DA:541,0
DA:542,0
DA:544,0
DA:545,0
DA:546,0
DA:547,0
DA:548,0
DA:553,0
DA:554,0
DA:557,0
DA:558,0
DA:563,0
DA:565,0
DA:566,0
DA:570,0
DA:572,0
DA:573,0
DA:574,0
DA:578,0
DA:579,0
DA:580,0
DA:581,0
DA:585,2
DA:586,4
DA:587,4
DA:588,4
DA:589,4
DA:590,4
LF:239
LH:49
end_of_record
SF:lib/src/security/credential_manager.dart
DA:18,0
DA:20,0
DA:26,4
DA:31,4
DA:32,4
DA:38,4
DA:41,4
DA:42,8
DA:43,8
DA:47,1
DA:48,2
DA:51,1
DA:54,1
DA:56,2
DA:57,1
DA:61,1
DA:62,2
DA:64,0
DA:65,0
DA:70,2
DA:71,4
DA:74,2
DA:75,4
DA:78,4
DA:82,1
DA:83,1
DA:85,0
DA:86,0
DA:91,1
DA:92,2
DA:95,1
DA:96,2
DA:99,0
DA:103,1
DA:105,0
DA:106,0
DA:111,2
DA:112,6
DA:115,2
DA:116,4
DA:118,0
DA:119,0
DA:124,1
DA:126,1
DA:127,2
DA:129,0
DA:130,0
DA:135,1
DA:138,2
DA:142,3
DA:143,4
DA:144,1
DA:146,4
DA:149,0
DA:150,0
DA:155,0
DA:156,0
DA:159,0
DA:160,0
DA:161,0
DA:164,0
DA:165,0
DA:170,2
DA:171,2
DA:177,0
DA:178,0
LF:66
LH:42
end_of_record
SF:lib/src/platform/storage/secure_storage.dart
DA:46,6
DA:48,6
DA:50,6
DA:53,12
DA:54,6
DA:55,12
DA:57,0
DA:58,0
DA:62,4
DA:63,4
DA:64,0
DA:68,3
DA:70,3
DA:71,3
DA:72,3
DA:73,9
DA:74,6
DA:80,3
DA:82,2
DA:83,6
DA:88,4
DA:90,4
DA:91,4
DA:92,4
DA:93,12
DA:95,8
DA:99,1
DA:100,2
DA:107,4
DA:109,0
DA:110,0
DA:115,4
DA:117,4
DA:119,12
DA:120,8
DA:125,0
DA:130,3
DA:132,3
DA:134,9
DA:135,6
DA:140,0
DA:145,1
DA:147,1
DA:149,1
DA:150,1
DA:152,0
DA:153,0
DA:157,1
DA:159,1
DA:161,1
DA:163,1
DA:165,0
DA:170,1
DA:172,1
DA:174,2
DA:175,1
DA:177,0
DA:178,0
DA:182,2
DA:184,2
DA:186,4
DA:187,2
DA:189,4
DA:191,0
DA:198,0
DA:199,0
LF:66
LH:51
end_of_record
SF:lib/flutter_mcp_platform_interface.dart
DA:5,6
DA:7,6
DA:11,2
DA:13,2
DA:20,2
DA:21,4
DA:26,0
DA:27,0
DA:31,0
DA:32,0
DA:36,0
DA:37,0
DA:41,0
DA:42,0
DA:46,0
DA:47,0
DA:51,0
DA:57,0
DA:61,0
DA:62,0
DA:66,0
DA:67,0
DA:71,0
DA:72,0
DA:76,0
DA:77,0
DA:81,0
DA:82,0
DA:86,0
DA:87,0
DA:91,0
DA:92,0
LF:32
LH:6
end_of_record
SF:lib/flutter_mcp_method_channel.dart
DA:32,2
DA:34,6
DA:37,6
DA:38,2
DA:39,2
DA:40,0
DA:44,4
DA:45,0
DA:46,0
DA:51,0
DA:52,0
DA:53,0
DA:54,0
DA:55,0
DA:57,0
DA:60,0
DA:61,0
DA:63,0
DA:66,0
DA:67,0
DA:69,0
DA:72,0
DA:73,0
DA:75,0
DA:79,0
DA:84,0
DA:86,0
DA:89,0
DA:91,0
DA:92,0
DA:96,2
DA:99,6
DA:100,0
DA:101,0
DA:106,0
DA:109,0
DA:110,0
DA:111,0
DA:112,0
DA:113,0
DA:117,0
DA:120,0
DA:121,0
DA:123,0
DA:124,0
DA:128,0
DA:129,0
DA:132,0
DA:134,0
DA:135,0
DA:136,0
DA:141,0
DA:147,0
DA:149,0
DA:152,0
DA:153,0
DA:158,0
DA:160,0
DA:161,0
DA:162,0
DA:167,0
DA:175,0
DA:181,0
DA:182,0
DA:187,0
DA:189,0
DA:191,0
DA:192,0
DA:193,0
DA:195,0
DA:200,0
DA:202,0
DA:203,0
DA:204,0
DA:209,0
DA:211,0
DA:212,0
DA:213,0
DA:219,0
DA:222,0
DA:226,0
DA:227,0
DA:231,0
DA:234,0
DA:236,0
DA:237,0
DA:240,0
DA:245,0
DA:247,0
DA:248,0
DA:249,0
DA:254,0
DA:256,0
DA:258,0
DA:259,0
DA:264,0
DA:266,0
DA:267,0
DA:268,0
DA:274,0
DA:279,0
DA:283,0
DA:284,0
DA:289,1
DA:291,2
DA:292,0
DA:293,0
DA:298,0
DA:300,0
DA:301,0
DA:302,0
DA:307,0
DA:309,0
DA:310,0
DA:311,0
DA:316,0
DA:318,0
DA:319,0
DA:320,0
DA:326,2
DA:330,2
DA:331,0
DA:335,2
DA:338,1
DA:341,2
DA:344,2
DA:345,1
DA:346,0
DA:350,0
DA:353,0
DA:355,0
DA:358,0
DA:359,0
DA:363,0
DA:366,0
DA:368,0
DA:371,0
DA:372,0
DA:373,0
DA:375,0
DA:379,0
DA:382,0
DA:384,0
DA:387,0
DA:389,0
DA:390,0
DA:391,0
DA:392,0
DA:396,2
DA:399,4
DA:400,1
DA:401,0
DA:406,0
DA:407,0
DA:416,0
DA:417,0
DA:419,0
DA:420,0
DA:424,0
DA:425,0
DA:429,0
DA:430,0
DA:434,0
DA:435,0
LF:164
LH:20
end_of_record
SF:lib/src/config/background_config.dart
DA:24,4
DA:35,1
DA:36,1
DA:47,2
DA:48,2
DA:49,2
DA:50,2
DA:51,2
DA:52,2
DA:53,2
DA:54,2
DA:55,2
DA:60,4
LF:13
LH:13
end_of_record
SF:lib/src/config/notification_config.dart
DA:24,4
DA:35,0
DA:36,0
DA:37,0
DA:38,0
DA:39,0
DA:40,0
DA:41,0
DA:42,0
LF:9
LH:1
end_of_record
SF:lib/src/config/tray_config.dart
DA:14,3
DA:21,0
DA:22,0
DA:23,0
DA:24,0
LF:5
LH:1
end_of_record
SF:lib/src/platform/tray/tray_manager.dart
DA:21,4
DA:29,3
DA:37,0
DA:38,0
DA:39,0
DA:40,0
DA:41,0
DA:65,0
DA:68,0
DA:71,0
DA:74,0
DA:77,0
LF:12
LH:2
end_of_record
SF:lib/src/config/app_config.dart
DA:18,7
DA:19,7
DA:23,7
DA:24,7
DA:28,0
DA:32,0
DA:34,0
DA:36,0
DA:44,0
DA:49,0
DA:54,0
DA:57,0
DA:60,0
DA:64,0
DA:67,0
DA:72,7
DA:73,14
DA:74,21
DA:76,7
DA:84,7
DA:94,7
DA:104,7
DA:111,7
DA:117,7
DA:120,7
DA:129,7
DA:135,7
DA:141,7
DA:150,0
DA:153,0
DA:159,0
DA:160,0
DA:162,0
DA:167,0
DA:170,0
DA:171,0
DA:175,0
DA:180,0
DA:183,0
DA:187,0
DA:193,0
DA:197,0
DA:198,0
DA:199,0
DA:200,0
DA:201,0
DA:202,0
DA:203,0
DA:204,0
DA:209,0
DA:215,0
DA:217,0
DA:220,0
DA:224,0
DA:225,0
DA:229,0
DA:233,0
DA:240,0
DA:241,0
DA:245,0
DA:246,0
DA:247,0
DA:248,0
DA:250,0
DA:256,0
DA:257,0
DA:258,0
DA:260,0
DA:261,0
DA:262,0
DA:263,0
DA:265,0
DA:268,0
DA:272,7
DA:273,7
DA:274,7
DA:276,14
DA:277,14
DA:278,7
DA:283,0
DA:287,7
DA:292,0
DA:293,0
DA:294,0
DA:299,0
DA:300,0
DA:304,0
DA:306,0
DA:310,0
DA:317,0
DA:320,0
DA:323,14
DA:326,0
DA:329,0
DA:331,0
DA:332,0
DA:333,0
DA:342,7
DA:345,7
DA:346,28
DA:350,0
DA:351,0
DA:355,0
DA:356,0
DA:360,7
DA:361,7
DA:362,7
DA:366,0
DA:367,0
DA:368,0
DA:370,0
DA:371,0
DA:382,0
DA:384,0
DA:385,0
LF:115
LH:31
end_of_record
SF:lib/src/managers/client_info.dart
DA:17,2
LF:1
LH:1
end_of_record
SF:lib/src/managers/llm_info.dart
DA:35,0
DA:36,0
DA:37,0
DA:40,0
DA:41,0
DA:42,0
DA:45,0
DA:46,0
DA:49,0
DA:50,0
DA:52,1
DA:60,0
DA:61,0
DA:62,0
DA:65,0
DA:70,0
DA:71,0
DA:72,0
DA:75,0
DA:80,0
DA:81,0
DA:84,0
DA:85,0
DA:89,0
DA:93,0
DA:94,0
DA:97,0
DA:98,0
DA:99,0
DA:100,0
DA:104,0
DA:110,0
DA:111,0
DA:114,0
DA:115,0
DA:119,0
DA:123,0
DA:124,0
DA:127,0
DA:128,0
DA:129,0
DA:130,0
DA:134,0
DA:140,0
DA:141,0
DA:142,0
DA:147,0
DA:148,0
DA:149,0
DA:154,0
DA:155,0
DA:159,0
DA:160,0
DA:162,0
DA:163,0
DA:164,0
DA:170,0
DA:171,0
DA:175,0
DA:176,0
DA:178,0
DA:179,0
DA:180,0
DA:186,1
DA:187,3
DA:191,1
DA:192,3
DA:196,0
DA:197,0
DA:201,0
DA:202,0
DA:206,0
DA:207,0
DA:211,0
DA:212,0
DA:216,0
DA:217,0
DA:221,0
DA:222,0
DA:226,0
DA:227,0
DA:228,0
DA:233,0
DA:234,0
DA:235,0
DA:240,0
DA:241,0
DA:245,0
DA:246,0
DA:250,0
DA:251,0
DA:255,0
DA:256,0
DA:260,0
DA:261,0
LF:95
LH:5
end_of_record
SF:lib/src/managers/server_info.dart
DA:21,2
LF:1
LH:1
end_of_record
SF:lib/src/platform/background/android_background.dart
DA:22,0
DA:23,0
DA:25,2
DA:27,4
DA:28,2
DA:31,6
DA:32,0
DA:33,0
DA:34,0
DA:37,0
DA:38,0
DA:43,4
DA:44,4
DA:48,2
DA:54,2
DA:55,2
DA:56,2
DA:57,2
DA:59,4
DA:60,4
DA:61,4
DA:62,4
DA:63,4
DA:64,4
DA:65,4
DA:66,4
DA:70,0
DA:71,0
DA:72,0
DA:74,0
DA:77,0
DA:78,0
DA:79,0
DA:80,0
DA:81,0
DA:82,0
DA:84,0
DA:86,0
DA:87,0
DA:91,0
DA:92,0
DA:96,0
DA:100,2
DA:102,4
DA:105,2
DA:106,2
DA:107,8
DA:108,2
DA:110,2
DA:115,1
DA:117,2
DA:120,1
DA:121,1
DA:122,2
DA:125,0
DA:130,0
DA:132,0
DA:134,0
DA:138,0
DA:140,0
DA:144,0
DA:146,0
DA:150,0
DA:152,0
DA:158,0
DA:159,0
DA:160,0
LF:67
LH:31
end_of_record
SF:lib/src/platform/background/background_service.dart
DA:20,0
DA:23,0
DA:26,0
DA:31,0
LF:4
LH:0
end_of_record
SF:lib/src/platform/background/desktop_background.dart
DA:36,1
DA:37,1
DA:39,2
DA:41,4
DA:42,2
DA:43,2
DA:44,2
DA:47,6
DA:48,0
DA:49,0
DA:50,0
DA:53,0
DA:54,0
DA:59,4
DA:60,4
DA:64,6
DA:66,2
DA:70,2
DA:76,2
DA:77,2
DA:78,2
DA:79,2
DA:81,4
DA:82,4
DA:83,4
DA:87,0
DA:88,0
DA:89,0
DA:91,0
DA:94,0
DA:95,0
DA:96,0
DA:97,0
DA:98,0
DA:99,0
DA:100,0
DA:101,0
DA:103,0
DA:104,0
DA:105,0
DA:108,0
DA:109,0
DA:112,0
DA:113,0
DA:114,0
DA:118,0
DA:119,0
DA:120,0
DA:121,0
DA:122,0
DA:124,0
DA:127,0
DA:128,0
DA:132,0
DA:136,1
DA:138,1
DA:139,0
DA:143,2
DA:146,1
DA:147,1
DA:149,1
DA:151,2
DA:152,1
DA:155,3
DA:156,2
DA:157,1
DA:162,3
DA:165,1
DA:173,4
DA:174,1
DA:176,0
DA:181,1
DA:183,1
DA:184,0
DA:188,2
DA:191,1
DA:193,2
DA:194,1
DA:195,1
DA:198,3
DA:200,1
DA:201,1
DA:204,4
DA:207,0
DA:213,1
DA:214,1
DA:215,2
DA:219,1
DA:220,2
DA:223,3
DA:226,2
DA:229,1
DA:230,2
DA:233,0
DA:236,2
DA:237,1
DA:240,3
DA:241,2
DA:244,3
DA:246,1
DA:247,4
DA:251,0
DA:252,0
DA:255,0
DA:256,0
DA:259,0
DA:261,0
DA:262,0
DA:266,0
DA:267,0
DA:268,0
DA:274,0
DA:276,0
DA:277,0
DA:279,0
DA:280,0
DA:291,0
DA:293,0
DA:295,0
DA:299,0
DA:302,0
DA:303,0
DA:304,0
DA:305,0
DA:309,0
DA:311,0
DA:315,0
DA:317,0
DA:321,0
DA:323,0
DA:330,0
DA:331,0
DA:334,0
DA:335,0
DA:336,0
DA:337,0
DA:342,0
DA:343,0
DA:345,0
DA:346,0
DA:347,0
DA:348,0
DA:349,0
DA:353,0
DA:354,0
DA:355,0
DA:356,0
LF:147
LH:62
end_of_record
SF:lib/src/platform/background/ios_background.dart
DA:31,0
DA:32,0
DA:34,2
DA:36,4
DA:37,2
DA:40,6
DA:41,4
DA:45,6
DA:46,0
DA:47,0
DA:48,0
DA:51,0
DA:52,0
DA:57,4
DA:58,4
DA:62,2
DA:68,2
DA:69,2
DA:70,2
DA:71,2
DA:74,6
DA:76,4
DA:78,4
DA:83,0
DA:84,0
DA:85,0
DA:87,0
DA:90,0
DA:91,0
DA:92,0
DA:93,0
DA:94,0
DA:97,0
DA:98,0
DA:99,0
DA:101,0
DA:102,0
DA:105,0
DA:106,0
DA:109,0
DA:112,0
DA:115,0
DA:116,0
DA:117,0
DA:120,0
DA:121,0
DA:124,0
DA:127,0
DA:128,0
DA:133,0
DA:134,0
DA:135,0
DA:136,0
DA:137,0
DA:139,0
DA:143,0
DA:147,1
DA:149,2
DA:152,2
DA:155,1
DA:157,1
DA:159,3
DA:161,1
DA:164,1
DA:169,4
DA:170,1
DA:172,0
DA:177,0
DA:179,0
DA:182,0
DA:183,0
DA:186,0
DA:188,0
DA:191,0
DA:194,0
DA:199,0
DA:202,0
DA:203,0
DA:206,0
DA:208,0
DA:212,0
DA:214,0
DA:216,0
DA:220,0
DA:222,0
DA:226,0
DA:228,0
DA:234,0
DA:235,0
DA:236,0
DA:237,0
LF:91
LH:26
end_of_record
SF:lib/src/platform/background/web_background.dart
DA:26,1
DA:27,1
DA:29,1
DA:31,2
DA:33,1
DA:35,2
DA:39,1
DA:40,2
DA:42,0
DA:46,1
DA:48,2
DA:50,1
DA:51,0
DA:56,1
DA:57,1
DA:58,1
DA:59,0
DA:61,1
DA:64,1
DA:71,0
DA:76,0
DA:78,0
DA:80,0
DA:81,0
DA:86,0
DA:87,0
DA:88,0
DA:90,0
DA:91,0
DA:93,0
DA:96,0
DA:97,0
DA:98,0
DA:101,0
DA:102,0
DA:103,0
DA:106,0
DA:107,0
DA:114,0
DA:120,0
DA:121,0
DA:209,0
DA:210,0
DA:214,0
DA:217,0
DA:220,0
DA:221,0
DA:222,0
DA:224,0
DA:225,0
DA:228,0
DA:230,0
DA:231,0
DA:235,0
DA:237,0
DA:239,0
DA:242,0
DA:244,0
DA:245,0
DA:248,0
DA:253,0
DA:255,0
DA:257,0
DA:258,0
DA:263,0
DA:264,0
DA:265,0
DA:267,0
DA:268,0
DA:269,0
DA:270,0
DA:271,0
DA:272,0
DA:276,0
DA:279,0
DA:280,0
DA:281,0
DA:285,0
DA:288,0
DA:293,1
DA:294,2
DA:297,1
DA:300,4
DA:301,0
DA:306,0
DA:308,0
DA:309,0
DA:312,0
DA:313,0
DA:316,0
DA:317,0
DA:320,0
DA:321,0
DA:324,0
DA:325,0
DA:328,0
DA:329,0
DA:330,0
DA:336,0
DA:338,0
DA:341,0
DA:342,0
DA:346,0
DA:349,0
DA:354,0
DA:355,0
DA:365,0
DA:366,0
DA:369,0
DA:371,0
DA:376,0
DA:377,0
DA:379,0
DA:381,0
DA:384,0
DA:390,0
DA:391,0
DA:395,0
DA:398,0
DA:401,0
DA:403,0
DA:404,0
DA:409,0
DA:410,0
DA:412,0
DA:416,0
DA:418,0
DA:424,0
DA:427,0
DA:428,0
DA:429,0
DA:430,0
DA:439,1
DA:441,2
LF:134
LH:22
end_of_record
SF:lib/src/platform/lifecycle_manager.dart
DA:26,2
DA:27,2
DA:28,0
DA:32,4
DA:33,4
DA:34,2
DA:38,2
DA:39,2
DA:43,0
DA:44,0
DA:46,0
DA:51,0
DA:52,0
DA:54,0
DA:59,0
DA:60,0
DA:62,0
DA:67,0
DA:68,0
DA:70,0
DA:75,0
DA:76,0
DA:83,0
DA:84,0
DA:87,0
DA:89,0
DA:91,0
DA:92,0
DA:96,0
DA:97,0
DA:98,0
DA:100,0
DA:101,0
DA:102,0
DA:104,0
DA:105,0
DA:106,0
DA:108,0
DA:109,0
DA:110,0
DA:113,0
DA:117,0
DA:120,0
DA:121,0
DA:126,0
DA:131,0
DA:133,0
DA:134,0
DA:139,0
DA:140,0
DA:146,2
DA:147,2
DA:151,4
DA:152,4
DA:153,2
DA:154,2
DA:158,0
DA:161,0
DA:162,0
DA:165,0
DA:166,0
DA:167,0
LF:62
LH:13
end_of_record
SF:lib/src/platform/notification/notification_manager.dart
DA:22,0
DA:25,0
DA:33,0
LF:3
LH:0
end_of_record
SF:lib/src/platform/platform_factory.dart
DA:31,0
DA:33,0
DA:34,0
DA:38,0
DA:39,0
DA:40,0
DA:41,0
DA:42,0
DA:43,0
DA:44,0
DA:45,0
DA:46,0
DA:48,0
DA:49,0
DA:52,0
DA:53,0
DA:58,0
DA:60,0
DA:61,0
DA:65,0
DA:66,0
DA:67,0
DA:68,0
DA:69,0
DA:70,0
DA:71,0
DA:72,0
DA:73,0
DA:75,0
DA:76,0
DA:79,0
DA:80,0
DA:85,0
DA:87,0
DA:88,0
DA:92,0
DA:93,0
DA:94,0
DA:95,0
DA:96,0
DA:97,0
DA:98,0
DA:99,0
DA:100,0
DA:102,0
DA:103,0
DA:106,0
DA:107,0
DA:112,1
DA:114,0
DA:115,0
DA:117,2
DA:118,1
DA:123,0
DA:125,0
DA:128,0
DA:129,0
DA:130,0
DA:131,0
DA:132,0
DA:137,0
DA:140,0
DA:141,0
DA:142,0
DA:143,0
DA:144,0
DA:149,0
DA:152,0
DA:153,0
DA:154,0
DA:159,0
DA:165,0
DA:168,0
DA:169,0
DA:170,0
DA:171,0
DA:172,0
LF:77
LH:3
end_of_record
SF:lib/src/platform/tray/macos_tray.dart
DA:28,2
DA:30,4
DA:33,6
DA:34,1
DA:35,1
DA:36,2
DA:39,0
DA:40,0
DA:47,2
DA:48,4
DA:51,2
DA:52,4
DA:55,2
DA:56,4
DA:60,4
DA:62,0
DA:63,0
DA:64,0
DA:70,1
DA:71,1
DA:72,1
DA:73,2
DA:75,3
DA:77,1
DA:78,1
DA:81,1
DA:82,1
DA:83,2
DA:84,4
DA:88,0
DA:89,0
DA:90,0
DA:94,0
DA:95,0
DA:96,0
DA:103,2
DA:105,6
DA:108,4
DA:111,2
DA:113,0
DA:114,0
DA:115,0
DA:119,2
DA:121,6
DA:124,4
DA:128,0
DA:129,0
DA:130,0
DA:134,2
DA:136,4
DA:140,4
DA:143,2
DA:145,6
DA:146,2
DA:148,2
DA:149,4
DA:154,6
DA:155,4
DA:157,4
DA:159,2
DA:160,2
DA:167,4
DA:171,0
DA:172,0
DA:173,0
DA:179,1
DA:181,2
DA:185,1
DA:188,2
DA:191,2
DA:192,2
DA:193,1
DA:195,0
DA:196,0
DA:197,0
DA:204,0
DA:205,0
DA:209,0
DA:210,0
DA:214,0
DA:220,0
DA:226,0
DA:227,0
DA:228,0
DA:232,0
DA:237,0
DA:238,0
DA:239,0
DA:240,0
DA:244,0
DA:247,0
DA:248,0
DA:253,0
DA:254,0
DA:255,0
DA:256,0
DA:261,0
DA:262,0
DA:263,0
DA:264,0
DA:278,0
LF:101
LH:52
end_of_record
SF:lib/src/platform/tray/windows_tray.dart
DA:28,2
DA:30,4
DA:33,6
DA:34,1
DA:35,1
DA:36,2
DA:39,0
DA:40,0
DA:47,2
DA:48,4
DA:51,2
DA:52,2
DA:55,2
DA:56,4
DA:60,4
DA:62,2
DA:63,3
DA:67,1
DA:68,1
DA:69,1
DA:70,2
DA:72,3
DA:74,1
DA:75,1
DA:78,1
DA:79,0
DA:80,0
DA:81,0
DA:85,1
DA:86,2
DA:87,2
DA:91,1
DA:92,2
DA:93,2
DA:100,2
DA:102,6
DA:105,4
DA:108,2
DA:110,2
DA:111,3
DA:115,1
DA:117,3
DA:120,2
DA:124,0
DA:125,0
DA:129,2
DA:131,4
DA:135,4
DA:138,2
DA:140,6
DA:141,2
DA:143,2
DA:144,2
DA:149,6
DA:150,4
DA:152,4
DA:154,2
DA:155,2
DA:162,4
DA:166,0
DA:167,0
DA:171,1
DA:173,2
DA:177,1
DA:180,2
DA:183,2
DA:184,2
DA:185,1
DA:187,0
DA:188,0
DA:193,1
DA:194,2
DA:198,1
DA:199,2
DA:203,0
DA:209,0
DA:215,1
DA:216,2
DA:217,0
DA:221,2
DA:226,1
DA:227,0
DA:228,0
DA:229,1
DA:233,2
DA:236,3
DA:237,1
DA:242,1
DA:243,1
DA:244,2
DA:245,1
DA:250,1
DA:251,1
DA:252,1
DA:253,1
DA:267,1
LF:96
LH:80
end_of_record
SF:lib/src/platform/tray/linux_tray.dart
DA:28,2
DA:30,4
DA:33,6
DA:34,0
DA:35,0
DA:36,0
DA:39,0
DA:40,0
DA:47,2
DA:48,4
DA:51,2
DA:52,4
DA:55,2
DA:56,2
DA:60,4
DA:62,0
DA:63,0
DA:67,0
DA:68,0
DA:69,0
DA:71,0
DA:73,0
DA:74,0
DA:77,0
DA:78,0
DA:79,0
DA:80,0
DA:84,0
DA:85,0
DA:86,0
DA:90,0
DA:91,0
DA:92,0
DA:99,2
DA:101,6
DA:104,4
DA:107,2
DA:109,0
DA:110,0
DA:114,2
DA:116,6
DA:119,4
DA:123,0
DA:124,0
DA:128,1
DA:130,2
DA:134,2
DA:137,1
DA:139,3
DA:140,1
DA:142,1
DA:143,2
DA:148,3
DA:149,2
DA:151,2
DA:153,1
DA:154,1
DA:161,2
DA:165,0
DA:166,0
DA:170,1
DA:172,2
DA:176,1
DA:179,2
DA:182,2
DA:183,2
DA:184,1
DA:186,0
DA:187,0
DA:192,0
DA:193,0
DA:197,0
DA:198,0
DA:202,0
DA:208,0
DA:214,0
DA:215,0
DA:216,0
DA:220,0
DA:225,0
DA:226,0
DA:227,0
DA:228,0
DA:232,0
DA:235,0
DA:236,0
DA:241,1
DA:242,1
DA:243,2
DA:244,1
DA:249,1
DA:250,1
DA:251,1
DA:252,1
DA:266,0
LF:95
LH:46
end_of_record
SF:lib/src/platform/storage/web_storage.dart
DA:35,1
DA:41,0
DA:43,0
DA:46,0
DA:49,0
DA:52,0
DA:53,0
DA:56,0
DA:59,0
DA:61,0
DA:65,0
DA:68,0
DA:69,0
DA:70,0
DA:75,0
DA:81,0
DA:82,0
DA:84,0
DA:85,0
DA:86,0
DA:92,0
DA:94,0
DA:97,0
DA:98,0
DA:104,0
DA:106,0
DA:107,0
DA:110,0
DA:111,0
DA:116,0
DA:118,0
DA:123,0
DA:126,0
DA:127,0
DA:128,0
DA:134,0
DA:136,0
DA:139,0
DA:140,0
DA:143,0
DA:144,0
DA:145,0
DA:151,0
DA:154,0
DA:155,0
DA:157,0
DA:159,0
DA:160,0
DA:166,0
DA:168,0
DA:172,0
DA:175,0
DA:176,0
DA:177,0
DA:182,0
DA:185,0
DA:191,0
DA:192,0
DA:194,0
DA:195,0
DA:196,0
DA:203,0
DA:205,0
DA:208,0
DA:209,0
DA:215,0
DA:217,0
DA:218,0
DA:219,0
DA:222,0
DA:223,0
DA:228,0
DA:234,0
DA:236,0
DA:242,0
DA:246,0
DA:248,0
DA:253,0
DA:254,0
DA:255,0
DA:262,0
DA:264,0
DA:267,0
DA:268,0
DA:272,0
DA:273,0
DA:274,0
DA:279,0
DA:280,0
DA:283,0
DA:284,0
DA:285,0
DA:290,0
DA:292,0
DA:293,0
DA:296,0
DA:297,0
DA:298,0
DA:304,0
DA:305,0
DA:311,0
DA:312,0
DA:315,0
DA:317,0
DA:318,0
DA:319,0
DA:322,0
DA:323,0
DA:324,0
DA:327,0
DA:328,0
DA:329,0
DA:332,0
DA:337,0
DA:338,0
DA:339,0
DA:342,0
DA:343,0
DA:348,0
DA:349,0
DA:350,0
DA:351,0
DA:352,0
DA:353,0
DA:355,0
DA:356,0
DA:366,0
DA:367,0
DA:369,0
DA:370,0
DA:373,0
DA:374,0
DA:375,0
DA:376,0
DA:377,0
DA:378,0
DA:380,0
DA:381,0
DA:382,0
DA:388,0
DA:390,0
DA:392,0
DA:394,0
DA:398,0
DA:402,0
DA:406,0
DA:407,0
DA:408,0
DA:409,0
DA:413,0
DA:416,0
DA:417,0
DA:418,0
DA:422,0
DA:423,0
DA:424,0
DA:425,0
DA:429,0
DA:434,0
DA:435,0
DA:438,0
DA:441,0
DA:442,0
DA:444,0
DA:445,0
DA:446,0
DA:447,0
DA:451,0
DA:455,0
DA:458,0
DA:459,0
DA:462,0
DA:465,0
DA:466,0
DA:468,0
DA:469,0
DA:470,0
DA:471,0
DA:475,0
DA:477,0
DA:483,0
DA:486,0
DA:487,0
DA:489,0
DA:494,0
DA:497,0
DA:498,0
DA:500,0
DA:501,0
LF:189
LH:1
end_of_record
SF:lib/src/utils/web_memory_monitor.dart
DA:9,0
DA:20,0
DA:21,0
DA:25,0
DA:26,0
DA:30,0
DA:32,0
DA:38,0
DA:40,0
DA:44,0
DA:45,0
DA:46,0
DA:50,0
DA:51,0
DA:55,0
DA:56,0
DA:58,0
DA:59,0
DA:60,0
DA:64,0
DA:66,0
DA:70,0
DA:71,0
DA:73,0
DA:74,0
DA:75,0
DA:77,0
DA:81,0
DA:82,0
DA:85,0
DA:86,0
DA:89,0
DA:90,0
DA:93,0
DA:95,0
DA:100,0
DA:101,0
DA:106,0
DA:110,0
DA:115,0
DA:116,0
DA:122,0
DA:125,0
DA:128,0
DA:129,0
DA:131,0
DA:132,0
DA:134,0
DA:136,0
DA:145,0
DA:157,0
DA:158,0
DA:159,0
DA:163,0
DA:164,0
DA:165,0
DA:166,0
DA:167,0
DA:175,0
DA:176,0
DA:177,0
DA:179,0
DA:180,0
DA:181,0
DA:182,0
DA:183,0
DA:184,0
DA:185,0
DA:187,0
DA:188,0
DA:189,0
DA:194,0
DA:195,0
DA:196,0
DA:197,0
DA:201,0
DA:202,0
DA:203,0
DA:207,0
DA:211,0
DA:212,0
DA:213,0
DA:214,0
DA:216,0
DA:218,0
DA:220,0
DA:225,0
DA:226,0
DA:227,0
DA:228,0
DA:229,0
DA:230,0
DA:232,0
DA:233,0
DA:238,0
DA:239,0
DA:240,0
DA:244,0
DA:245,0
DA:246,0
DA:258,0
DA:266,0
DA:267,0
DA:268,0
DA:269,0
DA:270,0
DA:271,0
DA:274,0
DA:275,0
DA:276,0
LF:110
LH:0
end_of_record
SF:lib/src/utils/input_validator.dart
DA:6,2
DA:7,2
DA:8,4
DA:10,4
DA:14,1
DA:15,1
DA:16,2
DA:21,2
DA:22,2
DA:24,2
DA:25,10
DA:32,1
DA:33,1
DA:35,1
DA:36,5
DA:43,1
DA:44,1
DA:45,2
DA:50,1
DA:52,2
DA:56,1
DA:57,1
DA:58,2
DA:63,1
DA:64,1
DA:67,1
DA:70,1
DA:71,1
DA:77,2
DA:78,1
DA:85,1
DA:86,1
DA:87,2
DA:89,2
DA:93,1
DA:94,1
DA:96,2
DA:100,1
DA:101,1
DA:103,2
DA:107,1
DA:108,1
DA:109,2
DA:114,1
DA:115,1
DA:119,1
DA:120,2
DA:131,3
DA:132,1
DA:134,5
DA:136,1
DA:140,1
DA:141,1
DA:142,1
DA:143,1
DA:144,1
DA:145,1
DA:146,1
DA:147,1
DA:148,1
DA:156,1
DA:158,2
DA:161,2
DA:168,2
DA:174,4
DA:177,4
DA:180,8
DA:183,4
DA:184,4
DA:190,1
DA:191,1
DA:192,1
DA:193,1
DA:198,1
DA:200,1
DA:201,1
DA:206,2
DA:207,2
DA:209,4
DA:210,2
DA:212,4
DA:213,3
DA:214,3
DA:215,4
DA:219,2
DA:220,2
DA:221,4
DA:222,2
LF:88
LH:88
end_of_record
